#
# A fatal error has been detected by the Java Runtime Environment:
#
#  SIGSEGV (0xb) at pc=0x00007ff8029e121d, pid=31912, tid=259
#
# JRE version: OpenJDK Runtime Environment (21.0+35) (build 21+35-2513)
# Java VM: OpenJDK 64-Bit Server VM (21+35-2513, mixed mode, sharing, tiered, compressed oops, compressed class ptrs, g1 gc, bsd-amd64)
# Problematic frame:
# C  [libobjc.A.dylib+0x721d]  objc_msgSend+0x1d
#
# No core dump will be written. Core dumps have been disabled. To enable core dumping, try "ulimit -c unlimited" before starting Java again
#
# If you would like to submit a bug report, please visit:
#   https://bugreport.java.com/bugreport/crash.jsp
# The crash happened outside the Java Virtual Machine in native code.
# See problematic frame for where to report the bug.
#

---------------  S U M M A R Y ------------

Command Line: -javaagent:/Applications/IntelliJ IDEA CE.app/Contents/lib/idea_rt.jar=58381:/Applications/IntelliJ IDEA CE.app/Contents/bin -Dfile.encoding=UTF-8 -Dsun.stdout.encoding=UTF-8 -Dsun.stderr.encoding=UTF-8 scalation.simulation.process.example_1.runOneWayVehicle

Host: "MacBookPro12,1" x86_64 2700 MHz, 4 cores, 8G, Darwin 21.6.0, macOS 12.7.1 (21G920)
Time: Thu Mar 28 19:18:40 2024 EDT elapsed time: 2.383751 seconds (0d 0h 0m 2s)

---------------  T H R E A D  ---------------

Current thread (0x00007fe98b8ec400):  JavaThread "AppKit Thread" daemon [_thread_in_native, id=259, stack(0x00007ff7b7b9a000,0x00007ff7b839a000) (8192K)]

Stack: [0x00007ff7b7b9a000,0x00007ff7b839a000],  sp=0x00007ff7b8393d28,  free space=8167k
Native frames: (J=compiled Java code, j=interpreted, Vv=VM code, C=native code)
C  [libobjc.A.dylib+0x721d]  objc_msgSend+0x1d
j  sun.java2d.metal.MTLLayer.blitTexture(J)V+0 java.desktop@21
j  sun.java2d.metal.MTLLayer.lambda$drawInMTLContext$4(J)V+1 java.desktop@21
j  sun.java2d.metal.MTLLayer$$Lambda+0x00000001271713f0.run(J)V+1 java.desktop@21
j  sun.lwawt.macosx.CFRetainedResource.execute(Lsun/lwawt/macosx/CFRetainedResource$CFNativeAction;)V+23 java.desktop@21
j  sun.java2d.metal.MTLLayer.drawInMTLContext()V+14 java.desktop@21
v  ~StubRoutines::call_stub 0x000000011bd1ccc6
V  [libjvm.dylib+0x5ac544]  JavaCalls::call_helper(JavaValue*, methodHandle const&, JavaCallArguments*, JavaThread*)+0x2b4
V  [libjvm.dylib+0x61667f]  jni_invoke_nonstatic(JNIEnv_*, JavaValue*, _jobject*, JNICallType, _jmethodID*, JNI_ArgumentPusher*, JavaThread*)+0x34f
V  [libjvm.dylib+0x61b5d3]  jni_CallVoidMethod+0x193
C  [libawt_lwawt.dylib+0x775d6]  -[MTLLayer blitCallback]+0x296
C  [libawt_lwawt.dylib+0x7770f]  -[MTLLayer display]+0x5f
C  [QuartzCore+0x217af]  CA::Layer::display_if_needed(CA::Transaction*)+0x369
C  [QuartzCore+0x178f8a]  CA::Context::commit_transaction(CA::Transaction*, double, double*)+0x280
C  [QuartzCore+0x2bed]  CA::Transaction::commit()+0x309
C  [AppKit+0x1ab191]  __62+[CATransaction(NSCATransaction) NS_setFlushesWithDisplayLink]_block_invoke+0x11d
C  [AppKit+0x8f2f1c]  ___NSRunLoopObserverCreateWithHandler_block_invoke+0x29
C  [CoreFoundation+0x7f450]  __CFRUNLOOP_IS_CALLING_OUT_TO_AN_OBSERVER_CALLBACK_FUNCTION__+0x17
C  [CoreFoundation+0x7f2e2]  __CFRunLoopDoObservers+0x21f
C  [CoreFoundation+0x7e774]  __CFRunLoopRun+0x348
C  [CoreFoundation+0x7dd6c]  CFRunLoopRunSpecific+0x232
C  [HIToolbox+0x2e5e6]  RunCurrentEventLoopInMode+0x124
C  [HIToolbox+0x2e34a]  ReceiveNextEventCommon+0x252
C  [HIToolbox+0x2e0e5]  _BlockUntilNextEventMatchingListInModeWithFilter+0x46
C  [AppKit+0x3ef6d]  _DPSNextEvent+0x39f
C  [AppKit+0x3d62a]  -[NSApplication(NSEvent) _nextEventMatchingEventMask:untilDate:inMode:dequeue:]+0x572
C  [libosxapp.dylib+0x45aa]  -[NSApplicationAWT nextEventMatchingMask:untilDate:inMode:dequeue:]+0x7a
C  [AppKit+0x2fcd9]  -[NSApplication run]+0x24a
C  [libosxapp.dylib+0x4379]  +[NSApplicationAWT runAWTLoopWithApp:]+0xa9
C  [libawt_lwawt.dylib+0x6f650]  +[AWTStarter starter:headless:]+0x1f0
C  [libosxapp.dylib+0x604f]  +[ThreadUtilities invokeBlockCopy:]+0xf
C  [Foundation+0x814f7]  __NSThreadPerformPerform+0xb3
C  [CoreFoundation+0x800ab]  __CFRUNLOOP_IS_CALLING_OUT_TO_A_SOURCE0_PERFORM_FUNCTION__+0x11
C  [CoreFoundation+0x80013]  __CFRunLoopDoSource0+0xb4
C  [CoreFoundation+0x7fd8d]  __CFRunLoopDoSources0+0xf2
C  [CoreFoundation+0x7e7a8]  __CFRunLoopRun+0x37c
C  [CoreFoundation+0x7dd6c]  CFRunLoopRunSpecific+0x232
C  [libjli.dylib+0x6ee2]  CreateExecutionEnvironment+0x182
C  [libjli.dylib+0x28bd]  JLI_Launch+0x54d
C  [java+0x3c0f]  main+0x18f
C  0x000000010c3f652e
Java frames: (J=compiled Java code, j=interpreted, Vv=VM code)
j  sun.java2d.metal.MTLLayer.blitTexture(J)V+0 java.desktop@21
j  sun.java2d.metal.MTLLayer.lambda$drawInMTLContext$4(J)V+1 java.desktop@21
j  sun.java2d.metal.MTLLayer$$Lambda+0x00000001271713f0.run(J)V+1 java.desktop@21
j  sun.lwawt.macosx.CFRetainedResource.execute(Lsun/lwawt/macosx/CFRetainedResource$CFNativeAction;)V+23 java.desktop@21
j  sun.java2d.metal.MTLLayer.drawInMTLContext()V+14 java.desktop@21
v  ~StubRoutines::call_stub 0x000000011bd1ccc6

siginfo: si_signo: 11 (SIGSEGV), si_code: 1 (SEGV_MAPERR), si_addr: 0x0000000000000018

Registers:
RAX=0x00007fe98a1c3400, RBX=0x0000600003c8e610, RCX=0x00007fe98a00c0b8, RDX=0x0000000000000000
RSP=0x00007ff7b8393d28, RBP=0x00007ff7b8393e10, RSI=0x00007ff81cf9f267, RDI=0x00007fe98a1c3400
R8 =0x00007fe98a00c038, R9 =0xfffeffffffffffff, R10=0x0000000000000000, R11=0x00007ff81cf9f267
R12=0x00007ff81cfe8a09, R13=0x000000016799bf70, R14=0x00007ff8029e1200, R15=0x00007ff81cf93f9a
RIP=0x00007ff8029e121d, EFLAGS=0x0000000000010246, ERR=0x0000000000000004
  TRAPNO=0x000000000000000e


Register to memory mapping:

RAX=0x00007fe98a1c3400 points into unknown readable memory: 0x0000000000000000 | 00 00 00 00 00 00 00 00
RBX=0x0000600003c8e610 points into unknown readable memory: 0x013d800108bec841 | 41 c8 be 08 01 80 3d 01
RCX=0x00007fe98a00c0b8 points into unknown readable memory: 0xa3a3a3a3a3a3a3a3 | a3 a3 a3 a3 a3 a3 a3 a3
RDX=0x0 is null
RSP=0x00007ff7b8393d28 is pointing into the stack for thread: 0x00007fe98b8ec400
RBP=0x00007ff7b8393e10 is pointing into the stack for thread: 0x00007fe98b8ec400
RSI=0x00007ff81cf9f267: <offset 0x1a5c5267> in /usr/lib/libobjc.A.dylib at 0x00007ff8029da000
RDI=0x00007fe98a1c3400 points into unknown readable memory: 0x0000000000000000 | 00 00 00 00 00 00 00 00
R8 =0x00007fe98a00c038 points into unknown readable memory: 0x0000000000000000 | 00 00 00 00 00 00 00 00
R9 =0xfffeffffffffffff is an unknown value
R10=0x0 is null
R11=0x00007ff81cf9f267: <offset 0x1a5c5267> in /usr/lib/libobjc.A.dylib at 0x00007ff8029da000
R12=0x00007ff81cfe8a09: <offset 0x1a60ea09> in /usr/lib/libobjc.A.dylib at 0x00007ff8029da000
R13={method} {0x000000016799bf70} 'blitTexture' '(J)V' in 'sun/java2d/metal/MTLLayer'
R14=0x00007ff8029e1200: objc_msgSend+0 in /usr/lib/libobjc.A.dylib at 0x00007ff8029da000
R15=0x00007ff81cf93f9a: <offset 0x1a5b9f9a> in /usr/lib/libobjc.A.dylib at 0x00007ff8029da000

Top of Stack: (sp=0x00007ff7b8393d28)
0x00007ff7b8393d28:   0000000108b87e52 00007ff7b8393ea0
0x00007ff7b8393d38:   00007fe98b8ec400 00007ff7b8393e10
0x00007ff7b8393d48:   00007ff8029e1d9b 0000000108bec840
0x00007ff7b8393d58:   0000000000000000 00000000000030a0
0x00007ff7b8393d68:   0000000108be91c0 0000600003c8e610
0x00007ff7b8393d78:   0000000108bbcd1c 0000600003c8e610
0x00007ff7b8393d88:   00007ff8029e1200 00007fe98a808f90
0x00007ff7b8393d98:   00007fe98a809368 ffffffffffffffff
0x00007ff7b8393da8:   000000000000ffff 0000000000000000
0x00007ff7b8393db8:   0000000000000000 0000000500000005
0x00007ff7b8393dc8:   0000000500000005 00007fe98a00c0b0
0x00007ff7b8393dd8:   0000000100000001 0000000100000001
0x00007ff7b8393de8:   000000016799bf70 0000000000000000
0x00007ff7b8393df8:   000000016799bf70 00007ff7b8393ea0
0x00007ff7b8393e08:   00007fe98b8ec400 00007ff7b8393e78
0x00007ff7b8393e18:   000000011bd28980 000000016799bf70
0x00007ff7b8393e28:   000000011bd2861f 00007ff7b8393e30
0x00007ff7b8393e38:   000000016799bf70 0000000000000005
0x00007ff7b8393e48:   000000016799d838 0000000000000000
0x00007ff7b8393e58:   0000000787a8ee88 000000016799bf70
0x00007ff7b8393e68:   0000000000000000 00007ff7b8393e98
0x00007ff7b8393e78:   00007ff7b8393ef0 000000011bd24362
0x00007ff7b8393e88:   0000000787a8ee88 000000011bd25f97
0x00007ff7b8393e98:   0000600003c8e610 0000000000000000
0x00007ff7b8393ea8:   00007ff7b8393ea8 000000016799c769
0x00007ff7b8393eb8:   0000000000000003 000000016799d838
0x00007ff7b8393ec8:   0000000000000000 0000000787a8ee88
0x00007ff7b8393ed8:   000000016799c780 00007ff7b8393e98
0x00007ff7b8393ee8:   00007ff7b8393f00 00007ff7b8393f58
0x00007ff7b8393ef8:   000000011bd24362 0000600003c8e610
0x00007ff7b8393f08:   0000000000000000 00007ff7b8393f10
0x00007ff7b8393f18:   0000000167a283b1 0000000000000004 

Instructions: (pc=0x00007ff8029e121d)
0x00007ff8029e111d:   90 90 90 90 90 90 90 90 90 90 90 90 90 90 90 90
0x00007ff8029e112d:   90 90 90 90 90 90 90 90 90 90 90 90 90 90 90 90
0x00007ff8029e113d:   90 90 90 31 c0 31 d2 0f 57 c0 0f 57 c9 c3 90 d9
0x00007ff8029e114d:   ee 31 c0 31 d2 0f 57 c0 0f 57 c9 c3 0f 1f 00 d9
0x00007ff8029e115d:   ee d9 ee 31 c0 31 d2 0f 57 c0 0f 57 c9 c3 90 48
0x00007ff8029e116d:   89 f8 c3 49 89 fa 49 89 f3 45 23 5a 18 49 c1 e3
0x00007ff8029e117d:   04 4d 03 5a 10 49 3b 33 75 0e 49 8b 43 08 48 83
0x00007ff8029e118d:   f8 00 74 03 4c 31 d0 c3 49 83 3b 01 76 17 49 83
0x00007ff8029e119d:   c3 10 49 3b 33 75 f1 49 8b 43 08 48 83 f8 00 74
0x00007ff8029e11ad:   03 4c 31 d0 c3 72 25 4d 8b 5b 08 eb 0a 49 83 3b
0x00007ff8029e11bd:   01 76 17 49 83 c3 10 49 3b 33 75 f1 49 8b 43 08
0x00007ff8029e11cd:   48 83 f8 00 74 03 4c 31 d0 c3 eb 00 31 c0 c3 66
0x00007ff8029e11dd:   66 66 66 66 66 2e 0f 1f 84 00 00 00 00 00 66 66
0x00007ff8029e11ed:   66 66 66 66 2e 0f 1f 84 00 00 00 00 00 66 0f 1f
0x00007ff8029e11fd:   44 00 00 48 85 ff 2e 74 72 40 f6 c7 01 2e 75 76
0x00007ff8029e120d:   49 ba f8 ff ff ff ff 7f 00 00 4c 23 17 49 89 f3
0x00007ff8029e121d:   45 23 5a 18 49 c1 e3 04 4d 03 5a 10 49 3b 33 75
0x00007ff8029e122d:   0a 4d 8b 5b 08 4d 31 d3 41 ff e3 49 83 3b 01 76
0x00007ff8029e123d:   13 49 83 c3 10 49 3b 33 75 f1 4d 8b 5b 08 4d 31
0x00007ff8029e124d:   d3 41 ff e3 72 70 4d 8b 5b 08 eb 0a 49 83 3b 01
0x00007ff8029e125d:   76 13 49 83 c3 10 49 3b 33 75 f1 4d 8b 5b 08 4d
0x00007ff8029e126d:   31 d3 41 ff e3 eb 4f 0f 1f 40 00 31 c0 31 d2 0f
0x00007ff8029e127d:   57 c0 0f 57 c9 c3 41 89 fb 41 83 e3 0f 4c 8d 15
0x00007ff8029e128d:   2f a1 89 41 4f 8b 14 da 4c 8d 1d fc 9f 89 41 4d
0x00007ff8029e129d:   39 d3 0f 85 75 ff ff ff 41 89 fb 41 c1 eb 04 41
0x00007ff8029e12ad:   81 e3 ff 00 00 00 4c 8d 15 86 a1 89 41 4f 8b 14
0x00007ff8029e12bd:   da e9 57 ff ff ff e9 88 0a 00 00 66 66 66 66 66
0x00007ff8029e12cd:   66 2e 0f 1f 84 00 00 00 00 00 66 66 66 66 66 66
0x00007ff8029e12dd:   2e 0f 1f 84 00 00 00 00 00 66 66 66 66 66 66 2e
0x00007ff8029e12ed:   0f 1f 84 00 00 00 00 00 66 66 2e 0f 1f 84 00 00
0x00007ff8029e12fd:   00 00 00 48 85 ff 2e 74 6a 40 f6 c7 01 2e 75 6b
0x00007ff8029e130d:   49 ba f8 ff ff ff ff 7f 00 00 4c 23 17 49 89 f3 


Stack slot to memory mapping:

stack at sp + 0 slots: 0x0000000108b87e52: -[MTLLayer blitTexture]+0xc2 in /Users/mac/Library/Java/JavaVirtualMachines/openjdk-21/Contents/Home/lib/libawt_lwawt.dylib at 0x0000000108b11000
stack at sp + 1 slots: 0x00007ff7b8393ea0 is pointing into the stack for thread: 0x00007fe98b8ec400
stack at sp + 2 slots: 0x00007fe98b8ec400 is a thread
stack at sp + 3 slots: 0x00007ff7b8393e10 is pointing into the stack for thread: 0x00007fe98b8ec400
stack at sp + 4 slots: 0x00007ff8029e1d9b: _objc_msgSend_uncached+0x4b in /usr/lib/libobjc.A.dylib at 0x00007ff8029da000
stack at sp + 5 slots: 0x0000000108bec840: OBJC_CLASS_$_MTLLayer+0 in /Users/mac/Library/Java/JavaVirtualMachines/openjdk-21/Contents/Home/lib/libawt_lwawt.dylib at 0x0000000108b11000
stack at sp + 6 slots: 0x0 is null
stack at sp + 7 slots: 0x00000000000030a0 is an unknown value


---------------  P R O C E S S  ---------------

Threads class SMR info:
_java_thread_list=0x00006000017d8e20, length=16, elements={
0x00007fe98b008600, 0x00007fe98a02d600, 0x00007fe98a02b000, 0x00007fe98b823800,
0x00007fe98b065c00, 0x00007fe98b824000, 0x00007fe98b824800, 0x00007fe98b821200,
0x00007fe98b00a400, 0x00007fe98a02b800, 0x00007fe989835400, 0x00007fe98b8ec400,
0x00007fe989a09000, 0x00007fe98b209000, 0x00007fe98a1a8200, 0x00007fe989a7b600
}

Java Threads: ( => current thread )
  0x00007fe98b008600 JavaThread "main"                              [_thread_in_native, id=5891, stack(0x000070000b165000,0x000070000b265000) (1024K)]
  0x00007fe98a02d600 JavaThread "Reference Handler"          daemon [_thread_blocked, id=42499, stack(0x000070000bb06000,0x000070000bc06000) (1024K)]
  0x00007fe98a02b000 JavaThread "Finalizer"                  daemon [_thread_blocked, id=22275, stack(0x000070000bc09000,0x000070000bd09000) (1024K)]
  0x00007fe98b823800 JavaThread "Signal Dispatcher"          daemon [_thread_blocked, id=41987, stack(0x000070000bd0c000,0x000070000be0c000) (1024K)]
  0x00007fe98b065c00 JavaThread "Service Thread"             daemon [_thread_blocked, id=22531, stack(0x000070000be0f000,0x000070000bf0f000) (1024K)]
  0x00007fe98b824000 JavaThread "Monitor Deflation Thread"   daemon [_thread_blocked, id=22787, stack(0x000070000bf12000,0x000070000c012000) (1024K)]
  0x00007fe98b824800 JavaThread "C2 CompilerThread0"         daemon [_thread_blocked, id=23299, stack(0x000070000c015000,0x000070000c115000) (1024K)]
  0x00007fe98b821200 JavaThread "C1 CompilerThread0"         daemon [_thread_blocked, id=40963, stack(0x000070000c118000,0x000070000c218000) (1024K)]
  0x00007fe98b00a400 JavaThread "Common-Cleaner"             daemon [_thread_blocked, id=23811, stack(0x000070000c21b000,0x000070000c31b000) (1024K)]
  0x00007fe98a02b800 JavaThread "Monitor Ctrl-Break"         daemon [_thread_in_native, id=40451, stack(0x000070000c31e000,0x000070000c41e000) (1024K)]
  0x00007fe989835400 JavaThread "Notification Thread"        daemon [_thread_blocked, id=24323, stack(0x000070000c421000,0x000070000c521000) (1024K)]
=>0x00007fe98b8ec400 JavaThread "AppKit Thread"              daemon [_thread_in_native, id=259, stack(0x00007ff7b7b9a000,0x00007ff7b839a000) (8192K)]
  0x00007fe989a09000 JavaThread "AWT-Shutdown"                      [_thread_blocked, id=32259, stack(0x000070000c830000,0x000070000c930000) (1024K)]
  0x00007fe98b209000 JavaThread "Java2D Queue Flusher"       daemon [_thread_blocked, id=52999, stack(0x000070000c9b6000,0x000070000cab6000) (1024K)]
  0x00007fe98a1a8200 JavaThread "Java2D Disposer"            daemon [_thread_blocked, id=54275, stack(0x000070000cab9000,0x000070000cbb9000) (1024K)]
  0x00007fe989a7b600 JavaThread "AWT-EventQueue-0"                  [_thread_blocked, id=69899, stack(0x000070000cbbc000,0x000070000ccbc000) (1024K)]
Total: 16

Other Threads:
  0x00007fe989707b50 VMThread "VM Thread"                           [id=17923, stack(0x000070000b87a000,0x000070000b97a000) (1024K)]
  0x00007fe989706cf0 WatcherThread "VM Periodic Task Thread"        [id=19459, stack(0x000070000b777000,0x000070000b877000) (1024K)]
  0x00007fe98a805aa0 WorkerThread "GC Thread#0"                     [id=13315, stack(0x000070000b268000,0x000070000b368000) (1024K)]
  0x00007fe98aa218c0 WorkerThread "GC Thread#1"                     [id=24835, stack(0x000070000c524000,0x000070000c624000) (1024K)]
  0x00007fe98aa21c60 WorkerThread "GC Thread#2"                     [id=25091, stack(0x000070000c627000,0x000070000c727000) (1024K)]
  0x00007fe98ab04df0 ConcurrentGCThread "G1 Main Marker"            [id=13571, stack(0x000070000b36b000,0x000070000b46b000) (1024K)]
  0x00007fe989705a30 WorkerThread "G1 Conc#0"                       [id=14083, stack(0x000070000b46e000,0x000070000b56e000) (1024K)]
  0x00007fe98b065800 ConcurrentGCThread "G1 Refine#0"               [id=14595, stack(0x000070000b571000,0x000070000b671000) (1024K)]
  0x00007fe98ab063a0 ConcurrentGCThread "G1 Service"                [id=19971, stack(0x000070000b674000,0x000070000b774000) (1024K)]
Total: 9

Threads with active compile tasks:
Total: 0

VM state: not at safepoint (normal execution)

VM Mutex/Monitor currently owned by a thread: None

Heap address: 0x0000000780000000, size: 2048 MB, Compressed Oops mode: Zero based, Oop shift amount: 3

CDS archive(s) mapped at: [0x0000000126000000-0x0000000126ca4000-0x0000000126ca4000), size 13254656, SharedBaseAddress: 0x0000000126000000, ArchiveRelocationMode: 1.
Compressed class space mapped at: 0x0000000127000000-0x0000000167000000, reserved size: 1073741824
Narrow klass base: 0x0000000126000000, Narrow klass shift: 0, Narrow klass range: 0x100000000

GC Precious Log:
 CardTable entry size: 512
 Card Set container configuration: InlinePtr #cards 5 size 8 Array Of Cards #cards 12 size 40 Howl #buckets 4 coarsen threshold 1843 Howl Bitmap #cards 512 size 80 coarsen threshold 460 Card regions per heap region 1 cards per card region 2048
 CPUs: 4 total, 4 available
 Memory: 8192M
 Large Page Support: Disabled
 NUMA Support: Disabled
 Compressed Oops: Enabled (Zero based)
 Heap Region Size: 1M
 Heap Min Capacity: 8M
 Heap Initial Capacity: 128M
 Heap Max Capacity: 2G
 Pre-touch: Disabled
 Parallel Workers: 4
 Concurrent Workers: 1
 Concurrent Refinement Workers: 4
 Periodic GC: Disabled

Heap:
 garbage-first heap   total 133120K, used 8972K [0x0000000780000000, 0x0000000800000000)
  region size 1024K, 9 young (9216K), 2 survivors (2048K)
 Metaspace       used 11747K, committed 12032K, reserved 1114112K
  class space    used 1394K, committed 1536K, reserved 1048576K

Heap Regions: E=young(eden), S=young(survivor), O=old, HS=humongous(starts), HC=humongous(continues), CS=collection set, F=free, TAMS=top-at-mark-start, PB=parsable bottom
|   0|0x0000000780000000, 0x0000000780000000, 0x0000000780100000|  0%| F|  |TAMS 0x0000000780000000| PB 0x0000000780000000| Untracked 
|   1|0x0000000780100000, 0x0000000780100000, 0x0000000780200000|  0%| F|  |TAMS 0x0000000780100000| PB 0x0000000780100000| Untracked 
|   2|0x0000000780200000, 0x0000000780200000, 0x0000000780300000|  0%| F|  |TAMS 0x0000000780200000| PB 0x0000000780200000| Untracked 
|   3|0x0000000780300000, 0x0000000780300000, 0x0000000780400000|  0%| F|  |TAMS 0x0000000780300000| PB 0x0000000780300000| Untracked 
|   4|0x0000000780400000, 0x0000000780400000, 0x0000000780500000|  0%| F|  |TAMS 0x0000000780400000| PB 0x0000000780400000| Untracked 
|   5|0x0000000780500000, 0x0000000780500000, 0x0000000780600000|  0%| F|  |TAMS 0x0000000780500000| PB 0x0000000780500000| Untracked 
|   6|0x0000000780600000, 0x0000000780600000, 0x0000000780700000|  0%| F|  |TAMS 0x0000000780600000| PB 0x0000000780600000| Untracked 
|   7|0x0000000780700000, 0x0000000780700000, 0x0000000780800000|  0%| F|  |TAMS 0x0000000780700000| PB 0x0000000780700000| Untracked 
|   8|0x0000000780800000, 0x0000000780800000, 0x0000000780900000|  0%| F|  |TAMS 0x0000000780800000| PB 0x0000000780800000| Untracked 
|   9|0x0000000780900000, 0x0000000780900000, 0x0000000780a00000|  0%| F|  |TAMS 0x0000000780900000| PB 0x0000000780900000| Untracked 
|  10|0x0000000780a00000, 0x0000000780a00000, 0x0000000780b00000|  0%| F|  |TAMS 0x0000000780a00000| PB 0x0000000780a00000| Untracked 
|  11|0x0000000780b00000, 0x0000000780b00000, 0x0000000780c00000|  0%| F|  |TAMS 0x0000000780b00000| PB 0x0000000780b00000| Untracked 
|  12|0x0000000780c00000, 0x0000000780c00000, 0x0000000780d00000|  0%| F|  |TAMS 0x0000000780c00000| PB 0x0000000780c00000| Untracked 
|  13|0x0000000780d00000, 0x0000000780d00000, 0x0000000780e00000|  0%| F|  |TAMS 0x0000000780d00000| PB 0x0000000780d00000| Untracked 
|  14|0x0000000780e00000, 0x0000000780e00000, 0x0000000780f00000|  0%| F|  |TAMS 0x0000000780e00000| PB 0x0000000780e00000| Untracked 
|  15|0x0000000780f00000, 0x0000000780f00000, 0x0000000781000000|  0%| F|  |TAMS 0x0000000780f00000| PB 0x0000000780f00000| Untracked 
|  16|0x0000000781000000, 0x0000000781000000, 0x0000000781100000|  0%| F|  |TAMS 0x0000000781000000| PB 0x0000000781000000| Untracked 
|  17|0x0000000781100000, 0x0000000781100000, 0x0000000781200000|  0%| F|  |TAMS 0x0000000781100000| PB 0x0000000781100000| Untracked 
|  18|0x0000000781200000, 0x0000000781200000, 0x0000000781300000|  0%| F|  |TAMS 0x0000000781200000| PB 0x0000000781200000| Untracked 
|  19|0x0000000781300000, 0x0000000781300000, 0x0000000781400000|  0%| F|  |TAMS 0x0000000781300000| PB 0x0000000781300000| Untracked 
|  20|0x0000000781400000, 0x0000000781400000, 0x0000000781500000|  0%| F|  |TAMS 0x0000000781400000| PB 0x0000000781400000| Untracked 
|  21|0x0000000781500000, 0x0000000781500000, 0x0000000781600000|  0%| F|  |TAMS 0x0000000781500000| PB 0x0000000781500000| Untracked 
|  22|0x0000000781600000, 0x0000000781600000, 0x0000000781700000|  0%| F|  |TAMS 0x0000000781600000| PB 0x0000000781600000| Untracked 
|  23|0x0000000781700000, 0x0000000781700000, 0x0000000781800000|  0%| F|  |TAMS 0x0000000781700000| PB 0x0000000781700000| Untracked 
|  24|0x0000000781800000, 0x0000000781800000, 0x0000000781900000|  0%| F|  |TAMS 0x0000000781800000| PB 0x0000000781800000| Untracked 
|  25|0x0000000781900000, 0x0000000781900000, 0x0000000781a00000|  0%| F|  |TAMS 0x0000000781900000| PB 0x0000000781900000| Untracked 
|  26|0x0000000781a00000, 0x0000000781a00000, 0x0000000781b00000|  0%| F|  |TAMS 0x0000000781a00000| PB 0x0000000781a00000| Untracked 
|  27|0x0000000781b00000, 0x0000000781b00000, 0x0000000781c00000|  0%| F|  |TAMS 0x0000000781b00000| PB 0x0000000781b00000| Untracked 
|  28|0x0000000781c00000, 0x0000000781c00000, 0x0000000781d00000|  0%| F|  |TAMS 0x0000000781c00000| PB 0x0000000781c00000| Untracked 
|  29|0x0000000781d00000, 0x0000000781d00000, 0x0000000781e00000|  0%| F|  |TAMS 0x0000000781d00000| PB 0x0000000781d00000| Untracked 
|  30|0x0000000781e00000, 0x0000000781e00000, 0x0000000781f00000|  0%| F|  |TAMS 0x0000000781e00000| PB 0x0000000781e00000| Untracked 
|  31|0x0000000781f00000, 0x0000000781f00000, 0x0000000782000000|  0%| F|  |TAMS 0x0000000781f00000| PB 0x0000000781f00000| Untracked 
|  32|0x0000000782000000, 0x0000000782000000, 0x0000000782100000|  0%| F|  |TAMS 0x0000000782000000| PB 0x0000000782000000| Untracked 
|  33|0x0000000782100000, 0x0000000782100000, 0x0000000782200000|  0%| F|  |TAMS 0x0000000782100000| PB 0x0000000782100000| Untracked 
|  34|0x0000000782200000, 0x0000000782200000, 0x0000000782300000|  0%| F|  |TAMS 0x0000000782200000| PB 0x0000000782200000| Untracked 
|  35|0x0000000782300000, 0x0000000782300000, 0x0000000782400000|  0%| F|  |TAMS 0x0000000782300000| PB 0x0000000782300000| Untracked 
|  36|0x0000000782400000, 0x0000000782400000, 0x0000000782500000|  0%| F|  |TAMS 0x0000000782400000| PB 0x0000000782400000| Untracked 
|  37|0x0000000782500000, 0x0000000782500000, 0x0000000782600000|  0%| F|  |TAMS 0x0000000782500000| PB 0x0000000782500000| Untracked 
|  38|0x0000000782600000, 0x0000000782600000, 0x0000000782700000|  0%| F|  |TAMS 0x0000000782600000| PB 0x0000000782600000| Untracked 
|  39|0x0000000782700000, 0x0000000782700000, 0x0000000782800000|  0%| F|  |TAMS 0x0000000782700000| PB 0x0000000782700000| Untracked 
|  40|0x0000000782800000, 0x0000000782800000, 0x0000000782900000|  0%| F|  |TAMS 0x0000000782800000| PB 0x0000000782800000| Untracked 
|  41|0x0000000782900000, 0x0000000782900000, 0x0000000782a00000|  0%| F|  |TAMS 0x0000000782900000| PB 0x0000000782900000| Untracked 
|  42|0x0000000782a00000, 0x0000000782a00000, 0x0000000782b00000|  0%| F|  |TAMS 0x0000000782a00000| PB 0x0000000782a00000| Untracked 
|  43|0x0000000782b00000, 0x0000000782b00000, 0x0000000782c00000|  0%| F|  |TAMS 0x0000000782b00000| PB 0x0000000782b00000| Untracked 
|  44|0x0000000782c00000, 0x0000000782c00000, 0x0000000782d00000|  0%| F|  |TAMS 0x0000000782c00000| PB 0x0000000782c00000| Untracked 
|  45|0x0000000782d00000, 0x0000000782d00000, 0x0000000782e00000|  0%| F|  |TAMS 0x0000000782d00000| PB 0x0000000782d00000| Untracked 
|  46|0x0000000782e00000, 0x0000000782e00000, 0x0000000782f00000|  0%| F|  |TAMS 0x0000000782e00000| PB 0x0000000782e00000| Untracked 
|  47|0x0000000782f00000, 0x0000000782f00000, 0x0000000783000000|  0%| F|  |TAMS 0x0000000782f00000| PB 0x0000000782f00000| Untracked 
|  48|0x0000000783000000, 0x0000000783000000, 0x0000000783100000|  0%| F|  |TAMS 0x0000000783000000| PB 0x0000000783000000| Untracked 
|  49|0x0000000783100000, 0x0000000783100000, 0x0000000783200000|  0%| F|  |TAMS 0x0000000783100000| PB 0x0000000783100000| Untracked 
|  50|0x0000000783200000, 0x0000000783200000, 0x0000000783300000|  0%| F|  |TAMS 0x0000000783200000| PB 0x0000000783200000| Untracked 
|  51|0x0000000783300000, 0x0000000783300000, 0x0000000783400000|  0%| F|  |TAMS 0x0000000783300000| PB 0x0000000783300000| Untracked 
|  52|0x0000000783400000, 0x0000000783400000, 0x0000000783500000|  0%| F|  |TAMS 0x0000000783400000| PB 0x0000000783400000| Untracked 
|  53|0x0000000783500000, 0x0000000783500000, 0x0000000783600000|  0%| F|  |TAMS 0x0000000783500000| PB 0x0000000783500000| Untracked 
|  54|0x0000000783600000, 0x0000000783600000, 0x0000000783700000|  0%| F|  |TAMS 0x0000000783600000| PB 0x0000000783600000| Untracked 
|  55|0x0000000783700000, 0x0000000783700000, 0x0000000783800000|  0%| F|  |TAMS 0x0000000783700000| PB 0x0000000783700000| Untracked 
|  56|0x0000000783800000, 0x0000000783800000, 0x0000000783900000|  0%| F|  |TAMS 0x0000000783800000| PB 0x0000000783800000| Untracked 
|  57|0x0000000783900000, 0x0000000783900000, 0x0000000783a00000|  0%| F|  |TAMS 0x0000000783900000| PB 0x0000000783900000| Untracked 
|  58|0x0000000783a00000, 0x0000000783a00000, 0x0000000783b00000|  0%| F|  |TAMS 0x0000000783a00000| PB 0x0000000783a00000| Untracked 
|  59|0x0000000783b00000, 0x0000000783b00000, 0x0000000783c00000|  0%| F|  |TAMS 0x0000000783b00000| PB 0x0000000783b00000| Untracked 
|  60|0x0000000783c00000, 0x0000000783c00000, 0x0000000783d00000|  0%| F|  |TAMS 0x0000000783c00000| PB 0x0000000783c00000| Untracked 
|  61|0x0000000783d00000, 0x0000000783d00000, 0x0000000783e00000|  0%| F|  |TAMS 0x0000000783d00000| PB 0x0000000783d00000| Untracked 
|  62|0x0000000783e00000, 0x0000000783e00000, 0x0000000783f00000|  0%| F|  |TAMS 0x0000000783e00000| PB 0x0000000783e00000| Untracked 
|  63|0x0000000783f00000, 0x0000000783f00000, 0x0000000784000000|  0%| F|  |TAMS 0x0000000783f00000| PB 0x0000000783f00000| Untracked 
|  64|0x0000000784000000, 0x0000000784000000, 0x0000000784100000|  0%| F|  |TAMS 0x0000000784000000| PB 0x0000000784000000| Untracked 
|  65|0x0000000784100000, 0x0000000784100000, 0x0000000784200000|  0%| F|  |TAMS 0x0000000784100000| PB 0x0000000784100000| Untracked 
|  66|0x0000000784200000, 0x0000000784200000, 0x0000000784300000|  0%| F|  |TAMS 0x0000000784200000| PB 0x0000000784200000| Untracked 
|  67|0x0000000784300000, 0x0000000784300000, 0x0000000784400000|  0%| F|  |TAMS 0x0000000784300000| PB 0x0000000784300000| Untracked 
|  68|0x0000000784400000, 0x0000000784400000, 0x0000000784500000|  0%| F|  |TAMS 0x0000000784400000| PB 0x0000000784400000| Untracked 
|  69|0x0000000784500000, 0x0000000784500000, 0x0000000784600000|  0%| F|  |TAMS 0x0000000784500000| PB 0x0000000784500000| Untracked 
|  70|0x0000000784600000, 0x0000000784600000, 0x0000000784700000|  0%| F|  |TAMS 0x0000000784600000| PB 0x0000000784600000| Untracked 
|  71|0x0000000784700000, 0x0000000784700000, 0x0000000784800000|  0%| F|  |TAMS 0x0000000784700000| PB 0x0000000784700000| Untracked 
|  72|0x0000000784800000, 0x0000000784800000, 0x0000000784900000|  0%| F|  |TAMS 0x0000000784800000| PB 0x0000000784800000| Untracked 
|  73|0x0000000784900000, 0x0000000784900000, 0x0000000784a00000|  0%| F|  |TAMS 0x0000000784900000| PB 0x0000000784900000| Untracked 
|  74|0x0000000784a00000, 0x0000000784a00000, 0x0000000784b00000|  0%| F|  |TAMS 0x0000000784a00000| PB 0x0000000784a00000| Untracked 
|  75|0x0000000784b00000, 0x0000000784b00000, 0x0000000784c00000|  0%| F|  |TAMS 0x0000000784b00000| PB 0x0000000784b00000| Untracked 
|  76|0x0000000784c00000, 0x0000000784c00000, 0x0000000784d00000|  0%| F|  |TAMS 0x0000000784c00000| PB 0x0000000784c00000| Untracked 
|  77|0x0000000784d00000, 0x0000000784d00000, 0x0000000784e00000|  0%| F|  |TAMS 0x0000000784d00000| PB 0x0000000784d00000| Untracked 
|  78|0x0000000784e00000, 0x0000000784e00000, 0x0000000784f00000|  0%| F|  |TAMS 0x0000000784e00000| PB 0x0000000784e00000| Untracked 
|  79|0x0000000784f00000, 0x0000000784f00000, 0x0000000785000000|  0%| F|  |TAMS 0x0000000784f00000| PB 0x0000000784f00000| Untracked 
|  80|0x0000000785000000, 0x0000000785000000, 0x0000000785100000|  0%| F|  |TAMS 0x0000000785000000| PB 0x0000000785000000| Untracked 
|  81|0x0000000785100000, 0x0000000785100000, 0x0000000785200000|  0%| F|  |TAMS 0x0000000785100000| PB 0x0000000785100000| Untracked 
|  82|0x0000000785200000, 0x0000000785200000, 0x0000000785300000|  0%| F|  |TAMS 0x0000000785200000| PB 0x0000000785200000| Untracked 
|  83|0x0000000785300000, 0x0000000785300000, 0x0000000785400000|  0%| F|  |TAMS 0x0000000785300000| PB 0x0000000785300000| Untracked 
|  84|0x0000000785400000, 0x0000000785400000, 0x0000000785500000|  0%| F|  |TAMS 0x0000000785400000| PB 0x0000000785400000| Untracked 
|  85|0x0000000785500000, 0x0000000785500000, 0x0000000785600000|  0%| F|  |TAMS 0x0000000785500000| PB 0x0000000785500000| Untracked 
|  86|0x0000000785600000, 0x0000000785600000, 0x0000000785700000|  0%| F|  |TAMS 0x0000000785600000| PB 0x0000000785600000| Untracked 
|  87|0x0000000785700000, 0x0000000785700000, 0x0000000785800000|  0%| F|  |TAMS 0x0000000785700000| PB 0x0000000785700000| Untracked 
|  88|0x0000000785800000, 0x0000000785800000, 0x0000000785900000|  0%| F|  |TAMS 0x0000000785800000| PB 0x0000000785800000| Untracked 
|  89|0x0000000785900000, 0x0000000785900000, 0x0000000785a00000|  0%| F|  |TAMS 0x0000000785900000| PB 0x0000000785900000| Untracked 
|  90|0x0000000785a00000, 0x0000000785a00000, 0x0000000785b00000|  0%| F|  |TAMS 0x0000000785a00000| PB 0x0000000785a00000| Untracked 
|  91|0x0000000785b00000, 0x0000000785b00000, 0x0000000785c00000|  0%| F|  |TAMS 0x0000000785b00000| PB 0x0000000785b00000| Untracked 
|  92|0x0000000785c00000, 0x0000000785c00000, 0x0000000785d00000|  0%| F|  |TAMS 0x0000000785c00000| PB 0x0000000785c00000| Untracked 
|  93|0x0000000785d00000, 0x0000000785d00000, 0x0000000785e00000|  0%| F|  |TAMS 0x0000000785d00000| PB 0x0000000785d00000| Untracked 
|  94|0x0000000785e00000, 0x0000000785e00000, 0x0000000785f00000|  0%| F|  |TAMS 0x0000000785e00000| PB 0x0000000785e00000| Untracked 
|  95|0x0000000785f00000, 0x0000000785f00000, 0x0000000786000000|  0%| F|  |TAMS 0x0000000785f00000| PB 0x0000000785f00000| Untracked 
|  96|0x0000000786000000, 0x0000000786000000, 0x0000000786100000|  0%| F|  |TAMS 0x0000000786000000| PB 0x0000000786000000| Untracked 
|  97|0x0000000786100000, 0x0000000786100000, 0x0000000786200000|  0%| F|  |TAMS 0x0000000786100000| PB 0x0000000786100000| Untracked 
|  98|0x0000000786200000, 0x0000000786200000, 0x0000000786300000|  0%| F|  |TAMS 0x0000000786200000| PB 0x0000000786200000| Untracked 
|  99|0x0000000786300000, 0x0000000786300000, 0x0000000786400000|  0%| F|  |TAMS 0x0000000786300000| PB 0x0000000786300000| Untracked 
| 100|0x0000000786400000, 0x0000000786400000, 0x0000000786500000|  0%| F|  |TAMS 0x0000000786400000| PB 0x0000000786400000| Untracked 
| 101|0x0000000786500000, 0x0000000786500000, 0x0000000786600000|  0%| F|  |TAMS 0x0000000786500000| PB 0x0000000786500000| Untracked 
| 102|0x0000000786600000, 0x0000000786600000, 0x0000000786700000|  0%| F|  |TAMS 0x0000000786600000| PB 0x0000000786600000| Untracked 
| 103|0x0000000786700000, 0x0000000786700000, 0x0000000786800000|  0%| F|  |TAMS 0x0000000786700000| PB 0x0000000786700000| Untracked 
| 104|0x0000000786800000, 0x0000000786800000, 0x0000000786900000|  0%| F|  |TAMS 0x0000000786800000| PB 0x0000000786800000| Untracked 
| 105|0x0000000786900000, 0x0000000786900000, 0x0000000786a00000|  0%| F|  |TAMS 0x0000000786900000| PB 0x0000000786900000| Untracked 
| 106|0x0000000786a00000, 0x0000000786a00000, 0x0000000786b00000|  0%| F|  |TAMS 0x0000000786a00000| PB 0x0000000786a00000| Untracked 
| 107|0x0000000786b00000, 0x0000000786b00000, 0x0000000786c00000|  0%| F|  |TAMS 0x0000000786b00000| PB 0x0000000786b00000| Untracked 
| 108|0x0000000786c00000, 0x0000000786c00000, 0x0000000786d00000|  0%| F|  |TAMS 0x0000000786c00000| PB 0x0000000786c00000| Untracked 
| 109|0x0000000786d00000, 0x0000000786d00000, 0x0000000786e00000|  0%| F|  |TAMS 0x0000000786d00000| PB 0x0000000786d00000| Untracked 
| 110|0x0000000786e00000, 0x0000000786e00000, 0x0000000786f00000|  0%| F|  |TAMS 0x0000000786e00000| PB 0x0000000786e00000| Untracked 
| 111|0x0000000786f00000, 0x0000000786f00000, 0x0000000787000000|  0%| F|  |TAMS 0x0000000786f00000| PB 0x0000000786f00000| Untracked 
| 112|0x0000000787000000, 0x0000000787000000, 0x0000000787100000|  0%| F|  |TAMS 0x0000000787000000| PB 0x0000000787000000| Untracked 
| 113|0x0000000787100000, 0x00000007871bffd0, 0x0000000787200000| 74%| S|CS|TAMS 0x0000000787100000| PB 0x0000000787100000| Complete 
| 114|0x0000000787200000, 0x0000000787300000, 0x0000000787300000|100%| S|CS|TAMS 0x0000000787200000| PB 0x0000000787200000| Complete 
| 115|0x0000000787300000, 0x0000000787300000, 0x0000000787400000|  0%| F|  |TAMS 0x0000000787300000| PB 0x0000000787300000| Untracked 
| 116|0x0000000787400000, 0x0000000787400000, 0x0000000787500000|  0%| F|  |TAMS 0x0000000787400000| PB 0x0000000787400000| Untracked 
| 117|0x0000000787500000, 0x0000000787500000, 0x0000000787600000|  0%| F|  |TAMS 0x0000000787500000| PB 0x0000000787500000| Untracked 
| 118|0x0000000787600000, 0x0000000787600000, 0x0000000787700000|  0%| F|  |TAMS 0x0000000787600000| PB 0x0000000787600000| Untracked 
| 119|0x0000000787700000, 0x0000000787700000, 0x0000000787800000|  0%| F|  |TAMS 0x0000000787700000| PB 0x0000000787700000| Untracked 
| 120|0x0000000787800000, 0x0000000787800000, 0x0000000787900000|  0%| F|  |TAMS 0x0000000787800000| PB 0x0000000787800000| Untracked 
| 121|0x0000000787900000, 0x0000000787981e28, 0x0000000787a00000| 50%| E|  |TAMS 0x0000000787900000| PB 0x0000000787900000| Complete 
| 122|0x0000000787a00000, 0x0000000787b00000, 0x0000000787b00000|100%| E|CS|TAMS 0x0000000787a00000| PB 0x0000000787a00000| Complete 
| 123|0x0000000787b00000, 0x0000000787c00000, 0x0000000787c00000|100%| E|CS|TAMS 0x0000000787b00000| PB 0x0000000787b00000| Complete 
| 124|0x0000000787c00000, 0x0000000787d00000, 0x0000000787d00000|100%| E|CS|TAMS 0x0000000787c00000| PB 0x0000000787c00000| Complete 
| 125|0x0000000787d00000, 0x0000000787e00000, 0x0000000787e00000|100%| E|CS|TAMS 0x0000000787d00000| PB 0x0000000787d00000| Complete 
| 126|0x0000000787e00000, 0x0000000787f00000, 0x0000000787f00000|100%| E|CS|TAMS 0x0000000787e00000| PB 0x0000000787e00000| Complete 
| 127|0x0000000787f00000, 0x0000000788000000, 0x0000000788000000|100%| E|CS|TAMS 0x0000000787f00000| PB 0x0000000787f00000| Complete 
|2046|0x00000007ffe00000, 0x00000007fff00000, 0x00000007fff00000|100%| O|  |TAMS 0x00000007ffe00000| PB 0x00000007ffe00000| Untracked 
|2047|0x00000007fff00000, 0x00000007fff03058, 0x0000000800000000|  1%| O|  |TAMS 0x00000007fff00000| PB 0x00000007fff00000| Untracked 

Card table byte_map: [0x0000000108361000,0x0000000108761000] _byte_map_base: 0x0000000104761000

Marking Bits: (CMBitMap*) 0x00007fe98a00d610
 Bits: [0x000000010a18e000, 0x000000010c18e000)

Polling page: 0x0000000107c8d000

Metaspace:

Usage:
  Non-class:     10.11 MB used.
      Class:      1.36 MB used.
       Both:     11.47 MB used.

Virtual space:
  Non-class space:       64.00 MB reserved,      10.25 MB ( 16%) committed,  1 nodes.
      Class space:        1.00 GB reserved,       1.50 MB ( <1%) committed,  1 nodes.
             Both:        1.06 GB reserved,      11.75 MB (  1%) committed. 

Chunk freelists:
   Non-Class:  4.99 MB
       Class:  14.53 MB
        Both:  19.52 MB

MaxMetaspaceSize: unlimited
CompressedClassSpaceSize: 1.00 GB
Initial GC threshold: 21.00 MB
Current GC threshold: 21.00 MB
CDS: on
 - commit_granule_bytes: 65536.
 - commit_granule_words: 8192.
 - virtual_space_node_default_size: 8388608.
 - enlarge_chunks_in_place: 1.
 - use_allocation_guard: 0.


Internal statistics:

num_allocs_failed_limit: 0.
num_arena_births: 192.
num_arena_deaths: 0.
num_vsnodes_births: 2.
num_vsnodes_deaths: 0.
num_space_committed: 188.
num_space_uncommitted: 0.
num_chunks_returned_to_freelist: 0.
num_chunks_taken_from_freelist: 423.
num_chunk_merges: 0.
num_chunk_splits: 303.
num_chunks_enlarged: 212.
num_inconsistent_stats: 0.

CodeHeap 'non-profiled nmethods': size=120032Kb used=299Kb max_used=299Kb free=119732Kb
 bounds [0x000000011c2ad000, 0x000000011c51d000, 0x00000001237e5000]
CodeHeap 'profiled nmethods': size=120028Kb used=1732Kb max_used=1732Kb free=118295Kb
 bounds [0x00000001147e5000, 0x0000000114a55000, 0x000000011bd1c000]
CodeHeap 'non-nmethods': size=5700Kb used=1555Kb max_used=1555Kb free=4144Kb
 bounds [0x000000011bd1c000, 0x000000011bf8c000, 0x000000011c2ad000]
 total_blobs=1578 nmethods=935 adapters=549
 compilation: enabled
              stopped_count=0, restarted_count=0
 full_count=0

Compilation events (20 events):
Event: 2.290 Thread 0x00007fe98b821200  922       1       sun.java2d.loops.CompositeType::getUniqueID (5 bytes)
Event: 2.290 Thread 0x00007fe98b821200 nmethod 922 0x000000011c2f6f90 code [0x000000011c2f7120, 0x000000011c2f71e0]
Event: 2.291 Thread 0x00007fe98b821200  923  s    3       sun.java2d.loops.GraphicsPrimitive::makeUniqueID (26 bytes)
Event: 2.292 Thread 0x00007fe98b821200 nmethod 923 0x000000011498cd90 code [0x000000011498cf40, 0x000000011498d168]
Event: 2.292 Thread 0x00007fe98b821200  924       3       sun.java2d.loops.GraphicsPrimitive::<init> (75 bytes)
Event: 2.293 Thread 0x00007fe98b821200 nmethod 924 0x000000011498d290 code [0x000000011498d460, 0x000000011498da30]
Event: 2.303 Thread 0x00007fe98b821200  926       3       java.lang.invoke.Invokers::maybeCustomize (5 bytes)
Event: 2.303 Thread 0x00007fe98b821200 nmethod 926 0x000000011498dc90 code [0x000000011498de40, 0x000000011498dfe8]
Event: 2.303 Thread 0x00007fe98b821200  927       3       java.lang.invoke.MethodHandle::maybeCustomize (38 bytes)
Event: 2.304 Thread 0x00007fe98b821200 nmethod 927 0x000000011498e090 code [0x000000011498e260, 0x000000011498e648]
Event: 2.340 Thread 0x00007fe98b821200  928       3       java.lang.invoke.InnerClassLambdaMetafactory::getLoadOpcode (26 bytes)
Event: 2.342 Thread 0x00007fe98b821200 nmethod 928 0x000000011498e790 code [0x000000011498e940, 0x000000011498eb58]
Event: 2.342 Thread 0x00007fe98b821200  929       3       java.lang.invoke.InnerClassLambdaMetafactory::getParameterSize (27 bytes)
Event: 2.343 Thread 0x00007fe98b821200 nmethod 929 0x000000011498ec10 code [0x000000011498edc0, 0x000000011498efd0]
Event: 2.374 Thread 0x00007fe98b821200  931       3       java.lang.invoke.MemberName::hashCode (43 bytes)
Event: 2.375 Thread 0x00007fe98b821200 nmethod 931 0x000000011498f090 code [0x000000011498f2e0, 0x000000011498ff78]
Event: 2.375 Thread 0x00007fe98b821200  933       3       java.lang.Byte::hashCode (8 bytes)
Event: 2.375 Thread 0x00007fe98b821200 nmethod 933 0x0000000114990290 code [0x0000000114990420, 0x0000000114990580]
Event: 2.375 Thread 0x00007fe98b821200  932       3       java.lang.Byte::<init> (10 bytes)
Event: 2.375 Thread 0x00007fe98b821200 nmethod 932 0x0000000114990610 code [0x00000001149907c0, 0x0000000114990980]

GC Heap History (2 events):
Event: 1.000 GC heap before
{Heap before GC invocations=0 (full 0):
 garbage-first heap   total 133120K, used 13324K [0x0000000780000000, 0x0000000800000000)
  region size 1024K, 13 young (13312K), 0 survivors (0K)
 Metaspace       used 5227K, committed 5376K, reserved 1114112K
  class space    used 618K, committed 704K, reserved 1048576K
}
Event: 1.003 GC heap after
{Heap after GC invocations=1 (full 0):
 garbage-first heap   total 133120K, used 2828K [0x0000000780000000, 0x0000000800000000)
  region size 1024K, 2 young (2048K), 2 survivors (2048K)
 Metaspace       used 5227K, committed 5376K, reserved 1114112K
  class space    used 618K, committed 704K, reserved 1048576K
}

Dll operation events (12 events):
Event: 0.026 Loaded shared library /Users/mac/Library/Java/JavaVirtualMachines/openjdk-21/Contents/Home/lib/libjava.dylib
Event: 0.249 Loaded shared library /Users/mac/Library/Java/JavaVirtualMachines/openjdk-21/Contents/Home/lib/libzip.dylib
Event: 0.264 Loaded shared library /Users/mac/Library/Java/JavaVirtualMachines/openjdk-21/Contents/Home/lib/libinstrument.dylib
Event: 0.279 Loaded shared library /Users/mac/Library/Java/JavaVirtualMachines/openjdk-21/Contents/Home/lib/libnio.dylib
Event: 0.300 Loaded shared library /Users/mac/Library/Java/JavaVirtualMachines/openjdk-21/Contents/Home/lib/libzip.dylib
Event: 0.377 Loaded shared library /Users/mac/Library/Java/JavaVirtualMachines/openjdk-21/Contents/Home/lib/libnet.dylib
Event: 0.392 Loaded shared library /Users/mac/Library/Java/JavaVirtualMachines/openjdk-21/Contents/Home/lib/libextnet.dylib
Event: 0.829 Loaded shared library /Users/mac/Library/Java/JavaVirtualMachines/openjdk-21/Contents/Home/lib/libjimage.dylib
Event: 1.130 Loaded shared library /Users/mac/Library/Java/JavaVirtualMachines/openjdk-21/Contents/Home/lib/libawt.dylib
Event: 1.139 Loaded shared library /Users/mac/Library/Java/JavaVirtualMachines/openjdk-21/Contents/Home/lib/libawt_lwawt.dylib
Event: 1.241 Loaded shared library /Users/mac/Library/Java/JavaVirtualMachines/openjdk-21/Contents/Home/lib/libfontmanager.dylib
Event: 1.805 Loaded shared library /Users/mac/Library/Java/JavaVirtualMachines/openjdk-21/Contents/Home/lib/libosxui.dylib

Deoptimization events (20 events):
Event: 1.879 Thread 0x00007fe98b008600 Uncommon trap: trap_request=0xffffffc6 fr.pc=0x000000011c2babf0 relative=0x0000000000000b30
Event: 1.879 Thread 0x00007fe98b008600 Uncommon trap: reason=bimorphic_or_optimized_type_check action=maybe_recompile pc=0x000000011c2babf0 method=java.util.HashMap.putVal(ILjava/lang/Object;Ljava/lang/Object;ZZ)Ljava/lang/Object; @ 56 c2
Event: 1.879 Thread 0x00007fe98b008600 DEOPT PACKING pc=0x000000011c2babf0 sp=0x000070000b263f40
Event: 1.879 Thread 0x00007fe98b008600 DEOPT UNPACKING pc=0x000000011bd6ff99 sp=0x000070000b263ed8 mode 2
Event: 1.879 Thread 0x00007fe98b008600 Uncommon trap: trap_request=0xffffffc6 fr.pc=0x000000011c2bac7c relative=0x0000000000000bbc
Event: 1.879 Thread 0x00007fe98b008600 Uncommon trap: reason=bimorphic_or_optimized_type_check action=maybe_recompile pc=0x000000011c2bac7c method=java.util.HashMap.putVal(ILjava/lang/Object;Ljava/lang/Object;ZZ)Ljava/lang/Object; @ 152 c2
Event: 1.879 Thread 0x00007fe98b008600 DEOPT PACKING pc=0x000000011c2bac7c sp=0x000070000b263f40
Event: 1.879 Thread 0x00007fe98b008600 DEOPT UNPACKING pc=0x000000011bd6ff99 sp=0x000070000b263ee0 mode 2
Event: 1.881 Thread 0x00007fe98b008600 Uncommon trap: trap_request=0xffffff45 fr.pc=0x000000011c2da9ec relative=0x00000000000002ac
Event: 1.881 Thread 0x00007fe98b008600 Uncommon trap: reason=unstable_if action=reinterpret pc=0x000000011c2da9ec method=jdk.internal.util.ArraysSupport.mismatch([BI[BII)I @ 55 c2
Event: 1.881 Thread 0x00007fe98b008600 DEOPT PACKING pc=0x000000011c2da9ec sp=0x000070000b263f50
Event: 1.881 Thread 0x00007fe98b008600 DEOPT UNPACKING pc=0x000000011bd6ff99 sp=0x000070000b263e48 mode 2
Event: 1.895 Thread 0x00007fe98b008600 Uncommon trap: trap_request=0xffffff3d fr.pc=0x000000011c2c48c8 relative=0x0000000000000c48
Event: 1.895 Thread 0x00007fe98b008600 Uncommon trap: reason=unstable_fused_if action=reinterpret pc=0x000000011c2c48c8 method=java.util.HashMap.resize()[Ljava/util/HashMap$Node; @ 31 c2
Event: 1.895 Thread 0x00007fe98b008600 DEOPT PACKING pc=0x000000011c2c48c8 sp=0x000070000b263b60
Event: 1.895 Thread 0x00007fe98b008600 DEOPT UNPACKING pc=0x000000011bd6ff99 sp=0x000070000b263b00 mode 2
Event: 1.900 Thread 0x00007fe98b008600 Uncommon trap: trap_request=0xffffff45 fr.pc=0x000000011c2eacf8 relative=0x0000000000000318
Event: 1.900 Thread 0x00007fe98b008600 Uncommon trap: reason=unstable_if action=reinterpret pc=0x000000011c2eacf8 method=java.util.HashMap.hash(Ljava/lang/Object;)I @ 1 c2
Event: 1.900 Thread 0x00007fe98b008600 DEOPT PACKING pc=0x000000011c2eacf8 sp=0x000070000b264050
Event: 1.900 Thread 0x00007fe98b008600 DEOPT UNPACKING pc=0x000000011bd6ff99 sp=0x000070000b263f68 mode 2

Classes loaded (20 events):
Event: 2.365 Loading class sun/awt/LightweightPeerHolder
Event: 2.365 Loading class sun/awt/LightweightPeerHolder done
Event: 2.365 Loading class sun/awt/NullComponentPeer
Event: 2.365 Loading class java/awt/peer/PanelPeer
Event: 2.365 Loading class java/awt/peer/PanelPeer done
Event: 2.366 Loading class sun/awt/NullComponentPeer done
Event: 2.366 Loading class java/applet/Applet
Event: 2.366 Loading class java/awt/Panel
Event: 2.366 Loading class java/awt/Panel done
Event: 2.366 Loading class java/applet/Applet done
Event: 2.367 Loading class sun/awt/event/IgnorePaintEvent
Event: 2.368 Loading class sun/awt/event/IgnorePaintEvent done
Event: 2.369 Loading class java/awt/SplashScreen
Event: 2.370 Loading class java/awt/SplashScreen done
Event: 2.371 Loading class java/awt/Dialog$ModalityType
Event: 2.371 Loading class java/awt/Dialog$ModalityType done
Event: 2.371 Loading class sun/lwawt/macosx/CImage
Event: 2.372 Loading class sun/lwawt/macosx/CImage done
Event: 2.372 Loading class sun/lwawt/macosx/CImage$Creator
Event: 2.372 Loading class sun/lwawt/macosx/CImage$Creator done

Classes unloaded (0 events):
No events

Classes redefined (0 events):
No events

Internal exceptions (20 events):
Event: 1.171 Thread 0x00007fe98b008600 Exception <a 'java/io/FileNotFoundException'{0x0000000787d21f98}> (0x0000000787d21f98) 
thrown [open/src/hotspot/share/prims/jni.cpp, line 520]
Event: 1.234 Thread 0x00007fe98b008600 Exception <a 'java/lang/ClassNotFoundException'{0x0000000787d84e68}: sun/awt/resources/spi/awtosxProvider> (0x0000000787d84e68) 
thrown [open/src/hotspot/share/classfile/systemDictionary.cpp, line 312]
Event: 1.799 Thread 0x00007fe98b008600 Exception <a 'java/lang/NoSuchMethodError'{0x0000000787c10650}: 'void java.lang.invoke.DirectMethodHandle$Holder.invokeSpecial(java.lang.Object, java.lang.Object, java.lang.Object)'> (0x0000000787c10650) 
thrown [open/src/hotspot/share/interpreter/linkResolver.cpp, line 773]
Event: 1.811 Thread 0x00007fe98b008600 Exception <a 'java/lang/NoSuchMethodError'{0x0000000787c22af0}: 'void java.lang.invoke.DirectMethodHandle$Holder.invokeStaticInit(java.lang.Object)'> (0x0000000787c22af0) 
thrown [open/src/hotspot/share/interpreter/linkResolver.cpp, line 773]
Event: 1.830 Thread 0x00007fe98b008600 Exception <a 'java/lang/NoSuchMethodError'{0x0000000787c45be0}: 'java.lang.Object java.lang.invoke.DirectMethodHandle$Holder.newInvokeSpecial(java.lang.Object, java.lang.Object, java.lang.Object, java.lang.Object, java.lang.Object)'> (0x0000000787c45be0) 
thrown [open/src/hotspot/share/interpreter/linkResolver.cpp, line 773]
Event: 1.837 Thread 0x00007fe98b008600 Exception <a 'java/lang/NoSuchMethodError'{0x0000000787c710d8}: 'java.lang.Object java.lang.invoke.DirectMethodHandle$Holder.invokeStatic(java.lang.Object, int, java.lang.Object)'> (0x0000000787c710d8) 
thrown [open/src/hotspot/share/interpreter/linkResolver.cpp, line 773]
Event: 1.844 Thread 0x00007fe98b008600 Exception <a 'java/lang/ClassNotFoundException'{0x0000000787c9d450}: com/apple/laf/resources/spi/aquaProvider> (0x0000000787c9d450) 
thrown [open/src/hotspot/share/classfile/systemDictionary.cpp, line 312]
Event: 1.880 Thread 0x00007fe98b008600 Exception <a 'java/lang/ClassNotFoundException'{0x0000000787b26c48}: com/sun/swing/internal/plaf/basic/resources/spi/basicProvider> (0x0000000787b26c48) 
thrown [open/src/hotspot/share/classfile/systemDictionary.cpp, line 312]
Event: 1.898 Thread 0x00007fe98b008600 Exception <a 'java/lang/NoSuchMethodError'{0x0000000787b469d8}: 'int java.lang.invoke.Invokers$Holder.invokeExact_MT(java.lang.Object, java.lang.Object)'> (0x0000000787b469d8) 
thrown [open/src/hotspot/share/interpreter/linkResolver.cpp, line 773]
Event: 1.900 Thread 0x00007fe98b008600 Implicit null exception at 0x000000011c2eaa3b to 0x000000011c2eacd8
Event: 1.956 Thread 0x00007fe98b008600 Exception <a 'java/lang/NoSuchMethodError'{0x0000000787a8b6d8}: 'void java.lang.invoke.Invokers$Holder.invokeExact_MT(java.lang.Object, java.lang.Object, java.lang.Object, java.lang.Object)'> (0x0000000787a8b6d8) 
thrown [open/src/hotspot/share/interpreter/linkResolver.cpp, line 773]
Event: 1.967 Thread 0x00007fe98b008600 Exception <a 'java/lang/NoSuchMethodError'{0x0000000787a96d38}: 'java.lang.Object java.lang.invoke.DirectMethodHandle$Holder.newInvokeSpecial(java.lang.Object, java.lang.Object, java.lang.Object, int, java.lang.Object)'> (0x0000000787a96d38) 
thrown [open/src/hotspot/share/interpreter/linkResolver.cpp, line 773]
Event: 1.968 Thread 0x00007fe98b008600 Exception <a 'java/lang/NoSuchMethodError'{0x0000000787a9e3e0}: 'java.lang.Object java.lang.invoke.Invokers$Holder.linkToTargetMethod(java.lang.Object, java.lang.Object, int, java.lang.Object, java.lang.Object)'> (0x0000000787a9e3e0) 
thrown [open/src/hotspot/share/interpreter/linkResolver.cpp, line 773]
Event: 2.028 Thread 0x00007fe98b008600 Exception <a 'java/lang/NoSuchMethodError'{0x0000000787aa2270}: 'void java.lang.invoke.DirectMethodHandle$Holder.invokeStatic(java.lang.Object, int, long)'> (0x0000000787aa2270) 
thrown [open/src/hotspot/share/interpreter/linkResolver.cpp, line 773]
Event: 2.042 Thread 0x00007fe989a7b600 Exception <a 'java/lang/NoSuchMethodError'{0x0000000787ade8c8}: 'void java.lang.invoke.DirectMethodHandle$Holder.invokeStatic(java.lang.Object, long)'> (0x0000000787ade8c8) 
thrown [open/src/hotspot/share/interpreter/linkResolver.cpp, line 773]
Event: 2.094 Thread 0x00007fe98b008600 Exception <a 'java/lang/NoSuchMethodError'{0x0000000787ac6528}: 'java.lang.Object java.lang.invoke.Invokers$Holder.linkToTargetMethod(int, int, int, int, java.lang.Object)'> (0x0000000787ac6528) 
thrown [open/src/hotspot/share/interpreter/linkResolver.cpp, line 773]
Event: 2.103 Thread 0x00007fe98b008600 Exception <a 'java/lang/NoSuchMethodError'{0x0000000787ac9b58}: 'void java.lang.invoke.DirectMethodHandle$Holder.invokeStatic(java.lang.Object, java.lang.Object, long)'> (0x0000000787ac9b58) 
thrown [open/src/hotspot/share/interpreter/linkResolver.cpp, line 773]
Event: 2.300 Thread 0x00007fe98b8ec400 Exception <a 'java/lang/NoSuchMethodError'{0x0000000787914f40}: 'void java.lang.invoke.DirectMethodHandle$Holder.invokeSpecial(java.lang.Object, java.lang.Object, long)'> (0x0000000787914f40) 
thrown [open/src/hotspot/share/interpreter/linkResolver.cpp, line 773]
Event: 2.375 Thread 0x00007fe98b008600 Exception <a 'java/lang/NoSuchMethodError'{0x000000078792a020}: 'void java.lang.invoke.DirectMethodHandle$Holder.invokeStatic(java.lang.Object, long, long)'> (0x000000078792a020) 
thrown [open/src/hotspot/share/interpreter/linkResolver.cpp, line 773]
Event: 2.376 Thread 0x00007fe98b008600 Exception <a 'java/lang/NoSuchMethodError'{0x000000078792edd0}: 'java.lang.Object java.lang.invoke.DirectMethodHandle$Holder.newInvokeSpecial(java.lang.Object, long)'> (0x000000078792edd0) 
thrown [open/src/hotspot/share/interpreter/linkResolver.cpp, line 773]

ZGC Phase Switch (0 events):
No events

VM Operations (12 events):
Event: 0.221 Executing VM operation: HandshakeAllThreads (Deoptimize)
Event: 0.222 Executing VM operation: HandshakeAllThreads (Deoptimize) done
Event: 0.834 Executing VM operation: HandshakeAllThreads (Deoptimize)
Event: 0.834 Executing VM operation: HandshakeAllThreads (Deoptimize) done
Event: 1.000 Executing VM operation: G1CollectForAllocation (G1 Evacuation Pause)
Event: 1.013 Executing VM operation: G1CollectForAllocation (G1 Evacuation Pause) done
Event: 1.181 Executing VM operation: HandshakeAllThreads (Deoptimize)
Event: 1.181 Executing VM operation: HandshakeAllThreads (Deoptimize) done
Event: 1.205 Executing VM operation: HandshakeAllThreads (Deoptimize)
Event: 1.205 Executing VM operation: HandshakeAllThreads (Deoptimize) done
Event: 1.910 Executing VM operation: HandshakeAllThreads (Deoptimize)
Event: 1.910 Executing VM operation: HandshakeAllThreads (Deoptimize) done

Events (20 events):
Event: 0.142 Thread 0x00007fe98b824800 Thread added: 0x00007fe98b824800
Event: 0.142 Protecting memory [0x000070000c015000,0x000070000c019000] with protection modes 0
Event: 0.143 Thread 0x00007fe98b821200 Thread added: 0x00007fe98b821200
Event: 0.144 Protecting memory [0x000070000c118000,0x000070000c11c000] with protection modes 0
Event: 0.199 Thread 0x00007fe98b00a400 Thread added: 0x00007fe98b00a400
Event: 0.199 Protecting memory [0x000070000c21b000,0x000070000c21f000] with protection modes 0
Event: 0.371 Thread 0x00007fe98a02b800 Thread added: 0x00007fe98a02b800
Event: 0.371 Protecting memory [0x000070000c31e000,0x000070000c322000] with protection modes 0
Event: 0.371 Thread 0x00007fe989835400 Thread added: 0x00007fe989835400
Event: 0.371 Protecting memory [0x000070000c421000,0x000070000c425000] with protection modes 0
Event: 1.253 Protecting memory [0x00007ff7b7b9a000,0x00007ff7b7b9e000] with protection modes 0
Event: 1.253 Thread 0x00007fe98b8ec400 Thread added: 0x00007fe98b8ec400
Event: 1.399 Thread 0x00007fe989a09000 Thread added: 0x00007fe989a09000
Event: 1.399 Protecting memory [0x000070000c830000,0x000070000c834000] with protection modes 0
Event: 1.750 Thread 0x00007fe98b209000 Thread added: 0x00007fe98b209000
Event: 1.750 Protecting memory [0x000070000c9b6000,0x000070000c9ba000] with protection modes 0
Event: 1.765 Thread 0x00007fe98a1a8200 Thread added: 0x00007fe98a1a8200
Event: 1.765 Protecting memory [0x000070000cab9000,0x000070000cabd000] with protection modes 0
Event: 2.038 Thread 0x00007fe989a7b600 Thread added: 0x00007fe989a7b600
Event: 2.038 Protecting memory [0x000070000cbbc000,0x000070000cbc0000] with protection modes 0


Dynamic libraries:
0x0000000107c8f000 	/Users/mac/Library/Java/JavaVirtualMachines/openjdk-21/Contents/Home/lib/libjli.dylib
0x00007ff80d866000 	/usr/lib/libz.1.dylib
0x00007ff80d946000 	/usr/lib/libSystem.B.dylib
0x00007ff80d941000 	/usr/lib/system/libcache.dylib
0x00007ff80d8fd000 	/usr/lib/system/libcommonCrypto.dylib
0x00007ff80d926000 	/usr/lib/system/libcompiler_rt.dylib
0x00007ff80d91c000 	/usr/lib/system/libcopyfile.dylib
0x00007ff8028d5000 	/usr/lib/system/libcorecrypto.dylib
0x00007ff802993000 	/usr/lib/system/libdispatch.dylib
0x00007ff802b54000 	/usr/lib/system/libdyld.dylib
0x00007ff80d938000 	/usr/lib/system/libkeymgr.dylib
0x00007ff80d8db000 	/usr/lib/system/libmacho.dylib
0x00007ff80cf5c000 	/usr/lib/system/libquarantine.dylib
0x00007ff80d936000 	/usr/lib/system/libremovefile.dylib
0x00007ff807ae8000 	/usr/lib/system/libsystem_asl.dylib
0x00007ff80287e000 	/usr/lib/system/libsystem_blocks.dylib
0x00007ff802a18000 	/usr/lib/system/libsystem_c.dylib
0x00007ff80d92e000 	/usr/lib/system/libsystem_collections.dylib
0x00007ff80c210000 	/usr/lib/system/libsystem_configuration.dylib
0x00007ff80b4ba000 	/usr/lib/system/libsystem_containermanager.dylib
0x00007ff80d613000 	/usr/lib/system/libsystem_coreservices.dylib
0x00007ff80518b000 	/usr/lib/system/libsystem_darwin.dylib
0x00007ff80d939000 	/usr/lib/system/libsystem_dnssd.dylib
0x00007ff802a15000 	/usr/lib/system/libsystem_featureflags.dylib
0x00007ff802b6a000 	/usr/lib/system/libsystem_info.dylib
0x00007ff80d879000 	/usr/lib/system/libsystem_m.dylib
0x00007ff802967000 	/usr/lib/system/libsystem_malloc.dylib
0x00007ff807a83000 	/usr/lib/system/libsystem_networkextension.dylib
0x00007ff8055b1000 	/usr/lib/system/libsystem_notify.dylib
0x00007ff813bb9000 	/usr/lib/system/libsystem_product_info_filter.dylib
0x00007ff80c214000 	/usr/lib/system/libsystem_sandbox.dylib
0x00007ff80d933000 	/usr/lib/system/libsystem_secinit.dylib
0x00007ff802b10000 	/usr/lib/system/libsystem_kernel.dylib
0x00007ff802b60000 	/usr/lib/system/libsystem_platform.dylib
0x00007ff802b48000 	/usr/lib/system/libsystem_pthread.dylib
0x00007ff809336000 	/usr/lib/system/libsystem_symptoms.dylib
0x00007ff8028bc000 	/usr/lib/system/libsystem_trace.dylib
0x00007ff80d909000 	/usr/lib/system/libunwind.dylib
0x00007ff802880000 	/usr/lib/system/libxpc.dylib
0x00007ff802afa000 	/usr/lib/libc++abi.dylib
0x00007ff8029da000 	/usr/lib/libobjc.A.dylib
0x00007ff80d914000 	/usr/lib/liboah.dylib
0x00007ff802aa1000 	/usr/lib/libc++.1.dylib
0x00007ff8199c6000 	/System/Library/Frameworks/Cocoa.framework/Versions/A/Cocoa
0x00007ff80560f000 	/System/Library/Frameworks/AppKit.framework/Versions/C/AppKit
0x00007ff808b24000 	/System/Library/Frameworks/CoreData.framework/Versions/A/CoreData
0x00007ff803a12000 	/System/Library/Frameworks/Foundation.framework/Versions/C/Foundation
0x00007ff80649f000 	/System/Library/PrivateFrameworks/UIFoundation.framework/Versions/A/UIFoundation
0x00007ff8138bc000 	/System/Library/PrivateFrameworks/RemoteViewServices.framework/Versions/A/RemoteViewServices
0x00007ff80bb9a000 	/System/Library/PrivateFrameworks/XCTTargetBootstrap.framework/Versions/A/XCTTargetBootstrap
0x00007ff80f752000 	/System/Library/PrivateFrameworks/InternationalSupport.framework/Versions/A/InternationalSupport
0x00007ff80f7dc000 	/System/Library/PrivateFrameworks/UserActivity.framework/Versions/A/UserActivity
0x00007ff80eb2e000 	/usr/lib/libspindump.dylib
0x00007ff80672e000 	/System/Library/Frameworks/UniformTypeIdentifiers.framework/Versions/A/UniformTypeIdentifiers
0x00007ff80a2bf000 	/usr/lib/libapp_launch_measurement.dylib
0x00007ff8094f6000 	/System/Library/PrivateFrameworks/CoreAnalytics.framework/Versions/A/CoreAnalytics
0x00007ff80a2c2000 	/System/Library/PrivateFrameworks/CoreAutoLayout.framework/Versions/A/CoreAutoLayout
0x00007ff80b4f2000 	/System/Library/Frameworks/Metal.framework/Versions/A/Metal
0x00007ff80c220000 	/usr/lib/liblangid.dylib
0x00007ff80bb9f000 	/System/Library/PrivateFrameworks/CoreSVG.framework/Versions/A/CoreSVG
0x00007ff807b18000 	/System/Library/PrivateFrameworks/SkyLight.framework/Versions/A/SkyLight
0x00007ff807eb7000 	/System/Library/Frameworks/CoreGraphics.framework/Versions/A/CoreGraphics
0x00007ff813f7c000 	/System/Library/Frameworks/Accelerate.framework/Versions/A/Accelerate
0x00007ff80e5ad000 	/System/Library/PrivateFrameworks/IconServices.framework/Versions/A/IconServices
0x00007ff80b4d7000 	/System/Library/Frameworks/IOSurface.framework/Versions/A/IOSurface
0x00007ff809524000 	/usr/lib/libDiagnosticMessagesClient.dylib
0x00007ff81766a000 	/System/Library/Frameworks/ApplicationServices.framework/Versions/A/ApplicationServices
0x00007ff80bb86000 	/System/Library/PrivateFrameworks/DFRFoundation.framework/Versions/A/DFRFoundation
0x00007ff804ef7000 	/usr/lib/libicucore.A.dylib
0x00007ff810548000 	/System/Library/Frameworks/AudioToolbox.framework/Versions/A/AudioToolbox
0x00007ff80f75e000 	/System/Library/PrivateFrameworks/DataDetectorsCore.framework/Versions/A/DataDetectorsCore
0x00007ff90bc63000 	/System/Library/PrivateFrameworks/TextInput.framework/Versions/A/TextInput
0x00007ff807a9b000 	/usr/lib/libMobileGestalt.dylib
0x00007ff80b892000 	/System/Library/Frameworks/Carbon.framework/Versions/A/Frameworks/HIToolbox.framework/Versions/A/HIToolbox
0x00007ff809cc1000 	/System/Library/Frameworks/QuartzCore.framework/Versions/A/QuartzCore
0x00007ff804b9c000 	/System/Library/Frameworks/Security.framework/Versions/A/Security
0x00007ff8138f4000 	/System/Library/Frameworks/Carbon.framework/Versions/A/Frameworks/SpeechRecognition.framework/Versions/A/SpeechRecognition
0x00007ff80a01f000 	/System/Library/PrivateFrameworks/CoreUI.framework/Versions/A/CoreUI
0x00007ff804466000 	/System/Library/Frameworks/CoreAudio.framework/Versions/A/CoreAudio
0x00007ff809613000 	/System/Library/Frameworks/DiskArbitration.framework/Versions/A/DiskArbitration
0x00007ff80ef1e000 	/System/Library/PrivateFrameworks/MultitouchSupport.framework/Versions/A/MultitouchSupport
0x00007ff807a9a000 	/usr/lib/libenergytrace.dylib
0x00007ff8054fb000 	/System/Library/Frameworks/IOKit.framework/Versions/A/IOKit
0x00007ff813ce4000 	/System/Library/Frameworks/CoreServices.framework/Versions/A/CoreServices
0x00007ff80a259000 	/System/Library/PrivateFrameworks/PerformanceAnalysis.framework/Versions/A/PerformanceAnalysis
0x00007ffa1b938000 	/System/Library/Frameworks/OpenGL.framework/Versions/A/OpenGL
0x00007ff80ce82000 	/System/Library/PrivateFrameworks/MobileKeyBag.framework/Versions/A/MobileKeyBag
0x00007ff808583000 	/System/Library/Frameworks/ColorSync.framework/Versions/A/ColorSync
0x00007ff802b95000 	/System/Library/Frameworks/CoreFoundation.framework/Versions/A/CoreFoundation
0x00007ff80be16000 	/System/Library/Frameworks/CoreImage.framework/Versions/A/CoreImage
0x00007ff80427a000 	/System/Library/Frameworks/CoreText.framework/Versions/A/CoreText
0x00007ff80bbcf000 	/System/Library/Frameworks/ImageIO.framework/Versions/A/ImageIO
0x00007ff80d94c000 	/System/Library/PrivateFrameworks/SoftLinking.framework/Versions/A/SoftLinking
0x00007ff80a30a000 	/usr/lib/libxml2.2.dylib
0x00007ff80dbd0000 	/usr/lib/libcompression.dylib
0x00007ff80f685000 	/System/Library/PrivateFrameworks/TextureIO.framework/Versions/A/TextureIO
0x00007ff80e2be000 	/usr/lib/libate.dylib
0x00007ff80e09a000 	/usr/lib/liblzma.5.dylib
0x00007ff803724000 	/System/Library/Frameworks/SystemConfiguration.framework/Versions/A/SystemConfiguration
0x00007ff80d948000 	/usr/lib/libfakelink.dylib
0x00007ff8075f5000 	/System/Library/Frameworks/CFNetwork.framework/Versions/A/CFNetwork
0x00007ff80da89000 	/usr/lib/libarchive.2.dylib
0x00007ff80c21c000 	/System/Library/PrivateFrameworks/AppleSystemInfo.framework/Versions/A/AppleSystemInfo
0x00007ff80cf83000 	/usr/lib/libbsm.0.dylib
0x00007ff806c04000 	/usr/lib/libnetwork.dylib
0x00007ff80d8e1000 	/usr/lib/system/libkxld.dylib
0x00007ff80cbb6000 	/System/Library/PrivateFrameworks/IOMobileFramebuffer.framework/Versions/A/IOMobileFramebuffer
0x00007ffb1b319000 	/usr/lib/libCoreEntitlements.dylib
0x00007ff80d5f5000 	/System/Library/PrivateFrameworks/AppleFSCompression.framework/Versions/A/AppleFSCompression
0x00007ff80cf6b000 	/usr/lib/libcoretls.dylib
0x00007ff80e0b4000 	/usr/lib/libcoretls_cfhelpers.dylib
0x00007ff80dbca000 	/usr/lib/libpam.2.dylib
0x00007ff808f55000 	/usr/lib/libsqlite3.dylib
0x00007ff80e123000 	/usr/lib/libxar.1.dylib
0x00007ff80d605000 	/usr/lib/libbz2.1.0.dylib
0x00007ff80d94d000 	/usr/lib/libpcap.A.dylib
0x00007ff80932e000 	/usr/lib/libdns_services.dylib
0x00007ff80db9a000 	/usr/lib/libapple_nghttp2.dylib
0x00007ff80d987000 	/usr/lib/libiconv.2.dylib
0x00007ff80d8da000 	/usr/lib/libcharset.1.dylib
0x00007ff80a28d000 	/System/Library/Frameworks/CoreServices.framework/Versions/A/Frameworks/FSEvents.framework/Versions/A/FSEvents
0x00007ff805195000 	/System/Library/Frameworks/CoreServices.framework/Versions/A/Frameworks/CarbonCore.framework/Versions/A/CarbonCore
0x00007ff809577000 	/System/Library/Frameworks/CoreServices.framework/Versions/A/Frameworks/Metadata.framework/Versions/A/Metadata
0x00007ff80d618000 	/System/Library/Frameworks/CoreServices.framework/Versions/A/Frameworks/OSServices.framework/Versions/A/OSServices
0x00007ff80db0f000 	/System/Library/Frameworks/CoreServices.framework/Versions/A/Frameworks/SearchKit.framework/Versions/A/SearchKit
0x00007ff8092c0000 	/System/Library/Frameworks/CoreServices.framework/Versions/A/Frameworks/AE.framework/Versions/A/AE
0x00007ff803098000 	/System/Library/Frameworks/CoreServices.framework/Versions/A/Frameworks/LaunchServices.framework/Versions/A/LaunchServices
0x00007ff80e04b000 	/System/Library/Frameworks/CoreServices.framework/Versions/A/Frameworks/DictionaryServices.framework/Versions/A/DictionaryServices
0x00007ff80a29a000 	/System/Library/Frameworks/CoreServices.framework/Versions/A/Frameworks/SharedFileList.framework/Versions/A/SharedFileList
0x00007ff80cf5f000 	/usr/lib/libCheckFix.dylib
0x00007ff807aff000 	/System/Library/PrivateFrameworks/TCC.framework/Versions/A/TCC
0x00007ff80c222000 	/System/Library/PrivateFrameworks/CoreNLP.framework/Versions/A/CoreNLP
0x00007ff809527000 	/System/Library/PrivateFrameworks/MetadataUtilities.framework/Versions/A/MetadataUtilities
0x00007ff8037d5000 	/usr/lib/libmecabra.dylib
0x00007ff80cf93000 	/usr/lib/libmecab.dylib
0x00007ff8037a0000 	/usr/lib/libCRFSuite.dylib
0x00007ff80cfed000 	/usr/lib/libgermantok.dylib
0x00007ff80db75000 	/usr/lib/libThaiTokenizer.dylib
0x00007ff80961a000 	/System/Library/Frameworks/Accelerate.framework/Versions/A/Frameworks/vImage.framework/Versions/A/vImage
0x00007ff813cbb000 	/System/Library/Frameworks/Accelerate.framework/Versions/A/Frameworks/vecLib.framework/Versions/A/vecLib
0x00007ff80e164000 	/System/Library/Frameworks/Accelerate.framework/Versions/A/Frameworks/vecLib.framework/Versions/A/libvMisc.dylib
0x00007ff80c9e1000 	/System/Library/Frameworks/Accelerate.framework/Versions/A/Frameworks/vecLib.framework/Versions/A/libvDSP.dylib
0x00007ff803414000 	/System/Library/Frameworks/Accelerate.framework/Versions/A/Frameworks/vecLib.framework/Versions/A/libBLAS.dylib
0x00007ff80dcad000 	/System/Library/Frameworks/Accelerate.framework/Versions/A/Frameworks/vecLib.framework/Versions/A/libLAPACK.dylib
0x00007ff80cff0000 	/System/Library/Frameworks/Accelerate.framework/Versions/A/Frameworks/vecLib.framework/Versions/A/libLinearAlgebra.dylib
0x00007ff80dbb2000 	/System/Library/Frameworks/Accelerate.framework/Versions/A/Frameworks/vecLib.framework/Versions/A/libSparseBLAS.dylib
0x00007ff80dca7000 	/System/Library/Frameworks/Accelerate.framework/Versions/A/Frameworks/vecLib.framework/Versions/A/libQuadrature.dylib
0x00007ff80c30d000 	/System/Library/Frameworks/Accelerate.framework/Versions/A/Frameworks/vecLib.framework/Versions/A/libBNNS.dylib
0x00007ff8036ae000 	/System/Library/Frameworks/Accelerate.framework/Versions/A/Frameworks/vecLib.framework/Versions/A/libSparse.dylib
0x00007ff80c306000 	/System/Library/PrivateFrameworks/LinguisticData.framework/Versions/A/LinguisticData
0x00007ff803664000 	/System/Library/PrivateFrameworks/Lexicon.framework/Versions/A/Lexicon
0x00007ff80e15d000 	/usr/lib/libChineseTokenizer.dylib
0x00007ff803dcf000 	/System/Library/PrivateFrameworks/LanguageModeling.framework/Versions/A/LanguageModeling
0x00007ff80db77000 	/System/Library/PrivateFrameworks/AppleSauce.framework/Versions/A/AppleSauce
0x00007ff80cba4000 	/System/Library/PrivateFrameworks/CoreEmoji.framework/Versions/A/CoreEmoji
0x00007ff80da78000 	/usr/lib/libcmph.dylib
0x00007ff80a271000 	/System/Library/Frameworks/OpenDirectory.framework/Versions/A/Frameworks/CFOpenDirectory.framework/Versions/A/CFOpenDirectory
0x00007ff80a265000 	/System/Library/Frameworks/OpenDirectory.framework/Versions/A/OpenDirectory
0x00007ff80e0b6000 	/System/Library/PrivateFrameworks/APFS.framework/Versions/A/APFS
0x00007ff80ceba000 	/System/Library/Frameworks/SecurityFoundation.framework/Versions/A/SecurityFoundation
0x00007ff80e131000 	/usr/lib/libutil.dylib
0x00007ff8054bf000 	/System/Library/PrivateFrameworks/CoreServicesStore.framework/Versions/A/CoreServicesStore
0x00007ff80e135000 	/usr/lib/libxslt.1.dylib
0x00007ff80cf47000 	/System/Library/PrivateFrameworks/BackgroundTaskManagement.framework/Versions/A/BackgroundTaskManagement
0x00007ff80f5a5000 	/System/Library/Frameworks/ImageIO.framework/Versions/A/Resources/libRadiance.dylib
0x00007ff80f5ae000 	/System/Library/Frameworks/ImageIO.framework/Versions/A/Resources/libJPEG.dylib
0x00007ff80f4fd000 	/System/Library/Frameworks/ImageIO.framework/Versions/A/Resources/libPng.dylib
0x00007ff80f51e000 	/System/Library/Frameworks/ImageIO.framework/Versions/A/Resources/libTIFF.dylib
0x00007ff80f60e000 	/System/Library/Frameworks/ImageIO.framework/Versions/A/Resources/libGIF.dylib
0x00007ff80ee38000 	/System/Library/Frameworks/ImageIO.framework/Versions/A/Resources/libJP2.dylib
0x00007ff80e573000 	/usr/lib/libexpat.1.dylib
0x00007ff80eded000 	/System/Library/PrivateFrameworks/AppleJPEG.framework/Versions/A/AppleJPEG
0x00007ff80b757000 	/System/Library/PrivateFrameworks/FontServices.framework/libFontParser.dylib
0x00007ff80926a000 	/System/Library/PrivateFrameworks/RunningBoardServices.framework/Versions/A/RunningBoardServices
0x00007ff819f81000 	/System/Library/PrivateFrameworks/IOSurfaceAccelerator.framework/Versions/A/IOSurfaceAccelerator
0x00007ff80ef1a000 	/System/Library/PrivateFrameworks/WatchdogClient.framework/Versions/A/WatchdogClient
0x00007ff803ebd000 	/System/Library/Frameworks/CoreDisplay.framework/Versions/A/CoreDisplay
0x00007ff80b655000 	/System/Library/Frameworks/CoreMedia.framework/Versions/A/CoreMedia
0x00007ff80b4e9000 	/System/Library/PrivateFrameworks/IOAccelerator.framework/Versions/A/IOAccelerator
0x00007ff80a3ee000 	/System/Library/Frameworks/CoreVideo.framework/Versions/A/CoreVideo
0x00007ff80dbc8000 	/System/Library/Frameworks/MetalPerformanceShaders.framework/Versions/A/MetalPerformanceShaders
0x00007ff80ef57000 	/System/Library/Frameworks/VideoToolbox.framework/Versions/A/VideoToolbox
0x00007ff8091b4000 	/System/Library/PrivateFrameworks/BaseBoard.framework/Versions/A/BaseBoard
0x00007ff808f3b000 	/System/Library/PrivateFrameworks/ProtocolBuffer.framework/Versions/A/ProtocolBuffer
0x00007ff80f59e000 	/System/Library/PrivateFrameworks/GPUWrangler.framework/Versions/A/GPUWrangler
0x00007ff80f582000 	/System/Library/PrivateFrameworks/IOPresentment.framework/Versions/A/IOPresentment
0x00007ff80f5a8000 	/System/Library/PrivateFrameworks/DSExternalDisplay.framework/Versions/A/DSExternalDisplay
0x00007ffa1b92c000 	/System/Library/Frameworks/OpenGL.framework/Versions/A/Libraries/libCoreFSCache.dylib
0x00007ffb08a04000 	/System/Library/PrivateFrameworks/GPUCompiler.framework/Versions/31001/Libraries/libGPUCompilerUtils.dylib
0x00007ff80f613000 	/System/Library/PrivateFrameworks/CMCaptureCore.framework/Versions/A/CMCaptureCore
0x00007ff80eb1c000 	/System/Library/PrivateFrameworks/AppServerSupport.framework/Versions/A/AppServerSupport
0x00007ff810de1000 	/System/Library/PrivateFrameworks/perfdata.framework/Versions/A/perfdata
0x00007ff803fe9000 	/System/Library/PrivateFrameworks/AudioToolboxCore.framework/Versions/A/AudioToolboxCore
0x00007ff80b633000 	/System/Library/PrivateFrameworks/caulk.framework/Versions/A/caulk
0x00007ff8106f3000 	/usr/lib/libAudioStatistics.dylib
0x00007ff9083ed000 	/System/Library/PrivateFrameworks/SystemPolicy.framework/Versions/A/SystemPolicy
0x00007ff81094e000 	/usr/lib/libSMC.dylib
0x00007ff819879000 	/System/Library/Frameworks/CoreMIDI.framework/Versions/A/CoreMIDI
0x00007ff80f4cc000 	/usr/lib/libAudioToolboxUtility.dylib
0x00007ff904611000 	/System/Library/PrivateFrameworks/OSAServicesClient.framework/Versions/A/OSAServicesClient
0x00007ff810dee000 	/usr/lib/libperfcheck.dylib
0x00007ff908e9e000 	/usr/lib/libmis.dylib
0x00007ffa1b987000 	/System/Library/Frameworks/OpenGL.framework/Versions/A/Libraries/libGLU.dylib
0x00007ffa1b94b000 	/System/Library/Frameworks/OpenGL.framework/Versions/A/Libraries/libGFXShared.dylib
0x00007ffa1bb54000 	/System/Library/Frameworks/OpenGL.framework/Versions/A/Libraries/libGL.dylib
0x00007ffa1b954000 	/System/Library/Frameworks/OpenGL.framework/Versions/A/Libraries/libGLImage.dylib
0x00007ffa1b948000 	/System/Library/Frameworks/OpenGL.framework/Versions/A/Libraries/libCVMSPluginSupport.dylib
0x00007ffa1b933000 	/System/Library/Frameworks/OpenGL.framework/Versions/A/Libraries/libCoreVMClient.dylib
0x00007ff80c19e000 	/System/Library/Frameworks/MetalPerformanceShaders.framework/Versions/A/Frameworks/MPSCore.framework/Versions/A/MPSCore
0x00007ff80d560000 	/System/Library/Frameworks/MetalPerformanceShaders.framework/Versions/A/Frameworks/MPSImage.framework/Versions/A/MPSImage
0x00007ff80d006000 	/System/Library/Frameworks/MetalPerformanceShaders.framework/Versions/A/Frameworks/MPSNeuralNetwork.framework/Versions/A/MPSNeuralNetwork
0x00007ff80d47a000 	/System/Library/Frameworks/MetalPerformanceShaders.framework/Versions/A/Frameworks/MPSMatrix.framework/Versions/A/MPSMatrix
0x00007ff80d235000 	/System/Library/Frameworks/MetalPerformanceShaders.framework/Versions/A/Frameworks/MPSRayIntersector.framework/Versions/A/MPSRayIntersector
0x00007ff80d4b2000 	/System/Library/Frameworks/MetalPerformanceShaders.framework/Versions/A/Frameworks/MPSNDArray.framework/Versions/A/MPSNDArray
0x00007ffa2140c000 	/System/Library/Frameworks/MetalPerformanceShaders.framework/Versions/A/Frameworks/MPSFunctions.framework/Versions/A/MPSFunctions
0x00007ff8032f0000 	/System/Library/PrivateFrameworks/MetalTools.framework/Versions/A/MetalTools
0x00007ff80c21a000 	/System/Library/PrivateFrameworks/AggregateDictionary.framework/Versions/A/AggregateDictionary
0x00007ff80e355000 	/usr/lib/libIOReport.dylib
0x00007ffa1cf63000 	/System/Library/Frameworks/OpenCL.framework/Versions/A/OpenCL
0x00007ff80e6ba000 	/System/Library/PrivateFrameworks/FaceCore.framework/Versions/A/FaceCore
0x00007ff80e6ab000 	/System/Library/PrivateFrameworks/GraphVisualizer.framework/Versions/A/GraphVisualizer
0x00007ffb0890f000 	/System/Library/PrivateFrameworks/FontServices.framework/Versions/A/FontServices
0x00007ff80ead4000 	/System/Library/PrivateFrameworks/OTSVG.framework/Versions/A/OTSVG
0x00007ff809fd4000 	/System/Library/Frameworks/ApplicationServices.framework/Versions/A/Frameworks/ATS.framework/Versions/A/Resources/libFontRegistry.dylib
0x00007ff80eb24000 	/System/Library/PrivateFrameworks/FontServices.framework/libhvf.dylib
0x00007ffb08910000 	/System/Library/PrivateFrameworks/FontServices.framework/libXTFontStaticRegistryData.dylib
0x00007ff80e523000 	/System/Library/PrivateFrameworks/AppleVA.framework/Versions/A/AppleVA
0x00007ff810713000 	/System/Library/Frameworks/ApplicationServices.framework/Versions/A/Frameworks/ATS.framework/Versions/A/ATS
0x00007ff808681000 	/System/Library/Frameworks/ApplicationServices.framework/Versions/A/Frameworks/HIServices.framework/Versions/A/HIServices
0x00007ff80f61d000 	/System/Library/Frameworks/ApplicationServices.framework/Versions/A/Frameworks/PrintCore.framework/Versions/A/PrintCore
0x00007ff810aa1000 	/System/Library/Frameworks/ApplicationServices.framework/Versions/A/Frameworks/QD.framework/Versions/A/QD
0x00007ff810a99000 	/System/Library/Frameworks/ApplicationServices.framework/Versions/A/Frameworks/ColorSyncLegacy.framework/Versions/A/ColorSyncLegacy
0x00007ff810703000 	/System/Library/Frameworks/ApplicationServices.framework/Versions/A/Frameworks/SpeechSynthesis.framework/Versions/A/SpeechSynthesis
0x00007ff80f5de000 	/System/Library/Frameworks/ApplicationServices.framework/Versions/A/Frameworks/ATSUI.framework/Versions/A/ATSUI
0x00007ff810a2e000 	/usr/lib/libcups.2.dylib
0x00007ff810dfd000 	/System/Library/Frameworks/Kerberos.framework/Versions/A/Kerberos
0x00007ff810e0c000 	/System/Library/Frameworks/GSS.framework/Versions/A/GSS
0x00007ff81077f000 	/usr/lib/libresolv.9.dylib
0x00007ff80eb33000 	/System/Library/PrivateFrameworks/Heimdal.framework/Versions/A/Heimdal
0x00007ff8179fc000 	/System/Library/Frameworks/Kerberos.framework/Versions/A/Libraries/libHeimdalProxy.dylib
0x00007ff80933e000 	/System/Library/Frameworks/Network.framework/Versions/A/Network
0x00007ff80e58e000 	/usr/lib/libheimdal-asn1.dylib
0x00007ff810e57000 	/System/Library/PrivateFrameworks/CommonAuth.framework/Versions/A/CommonAuth
0x00007ff810685000 	/System/Library/PrivateFrameworks/AudioSession.framework/Versions/A/AudioSession
0x00007ff80e61e000 	/System/Library/PrivateFrameworks/MediaExperience.framework/Versions/A/MediaExperience
0x00007ff810517000 	/System/Library/PrivateFrameworks/AudioSession.framework/libSessionUtility.dylib
0x00007ff810aad000 	/System/Library/PrivateFrameworks/AudioResourceArbitration.framework/Versions/A/AudioResourceArbitration
0x00007ff814b2e000 	/System/Library/PrivateFrameworks/PowerLog.framework/Versions/A/PowerLog
0x00007ff80e597000 	/System/Library/PrivateFrameworks/IconFoundation.framework/Versions/A/IconFoundation
0x00007ff8138e4000 	/System/Library/PrivateFrameworks/SpeechRecognitionCore.framework/Versions/A/SpeechRecognitionCore
0x0000000108eee000 	/Users/mac/Library/Java/JavaVirtualMachines/openjdk-21/Contents/Home/lib/server/libjvm.dylib
0x0000000107cbe000 	/Users/mac/Library/Java/JavaVirtualMachines/openjdk-21/Contents/Home/lib/libjimage.dylib
0x0000000107ce1000 	/Users/mac/Library/Java/JavaVirtualMachines/openjdk-21/Contents/Home/lib/libinstrument.dylib
0x0000000107d1f000 	/Users/mac/Library/Java/JavaVirtualMachines/openjdk-21/Contents/Home/lib/libjava.dylib
0x00000001087a6000 	/Users/mac/Library/Java/JavaVirtualMachines/openjdk-21/Contents/Home/lib/libzip.dylib
0x00000001087ba000 	/Users/mac/Library/Java/JavaVirtualMachines/openjdk-21/Contents/Home/lib/libnio.dylib
0x00000001087d6000 	/Users/mac/Library/Java/JavaVirtualMachines/openjdk-21/Contents/Home/lib/libnet.dylib
0x0000000107d0e000 	/Users/mac/Library/Java/JavaVirtualMachines/openjdk-21/Contents/Home/lib/libextnet.dylib
0x0000000108889000 	/Users/mac/Library/Java/JavaVirtualMachines/openjdk-21/Contents/Home/lib/libawt.dylib
0x0000000108949000 	/Users/mac/Library/Java/JavaVirtualMachines/openjdk-21/Contents/Home/lib/libmlib_image.dylib
0x00007ffa21375000 	/System/Library/Frameworks/JavaRuntimeSupport.framework/Versions/A/JavaRuntimeSupport
0x00007ff907f11000 	/System/Library/Frameworks/Carbon.framework/Versions/A/Carbon
0x00007ff815da9000 	/System/Library/PrivateFrameworks/CoreSymbolication.framework/Versions/A/CoreSymbolication
0x00007ff81b318000 	/System/Library/Frameworks/Carbon.framework/Versions/A/Frameworks/CommonPanels.framework/Versions/A/CommonPanels
0x00007ff8173de000 	/System/Library/Frameworks/Carbon.framework/Versions/A/Frameworks/Help.framework/Versions/A/Help
0x00007ff81b31c000 	/System/Library/Frameworks/Carbon.framework/Versions/A/Frameworks/ImageCapture.framework/Versions/A/ImageCapture
0x00007ff81b2ec000 	/System/Library/Frameworks/Carbon.framework/Versions/A/Frameworks/OpenScripting.framework/Versions/A/OpenScripting
0x00007ff81b314000 	/System/Library/Frameworks/Carbon.framework/Versions/A/Frameworks/Ink.framework/Versions/A/Ink
0x00007ff907f0d000 	/System/Library/Frameworks/Carbon.framework/Versions/A/Frameworks/Print.framework/Versions/A/Print
0x00007ff81b310000 	/System/Library/Frameworks/Carbon.framework/Versions/A/Frameworks/SecurityHI.framework/Versions/A/SecurityHI
0x00007ff815d6e000 	/System/Library/PrivateFrameworks/DebugSymbols.framework/Versions/A/DebugSymbols
0x0000000108b11000 	/Users/mac/Library/Java/JavaVirtualMachines/openjdk-21/Contents/Home/lib/libawt_lwawt.dylib
0x0000000108813000 	/Users/mac/Library/Java/JavaVirtualMachines/openjdk-21/Contents/Home/lib/libosxapp.dylib
0x00007ff9071db000 	/System/Library/Frameworks/ExceptionHandling.framework/Versions/A/ExceptionHandling
0x000000010c18e000 	/Users/mac/Library/Java/JavaVirtualMachines/openjdk-21/Contents/Home/lib/libfontmanager.dylib
0x0000000108c41000 	/Users/mac/Library/Java/JavaVirtualMachines/openjdk-21/Contents/Home/lib/libfreetype.dylib
0x00007ff805481000 	/System/Library/PrivateFrameworks/CoreServicesInternal.framework/Versions/A/CoreServicesInternal
0x00007ff81511f000 	/System/Library/Frameworks/FileProvider.framework/Versions/A/FileProvider
0x00007ff809121000 	/System/Library/Frameworks/Accounts.framework/Versions/A/Accounts
0x00007ff815298000 	/System/Library/PrivateFrameworks/GenerationalStorage.framework/Versions/A/GenerationalStorage
0x00007ff814b23000 	/System/Library/PrivateFrameworks/SymptomDiagnosticReporter.framework/Versions/A/SymptomDiagnosticReporter
0x00007ff806742000 	/System/Library/PrivateFrameworks/DesktopServicesPriv.framework/Versions/A/DesktopServicesPriv
0x00007ff8055c0000 	/usr/lib/libsandbox.1.dylib
0x00007ff80a46d000 	/System/Library/PrivateFrameworks/UserManagement.framework/Versions/A/UserManagement
0x00007ff810a8e000 	/System/Library/PrivateFrameworks/NetAuth.framework/Versions/A/NetAuth
0x00007ff81199d000 	/System/Library/PrivateFrameworks/Sharing.framework/Versions/A/Sharing
0x00007ff80a440000 	/System/Library/PrivateFrameworks/login.framework/Versions/A/Frameworks/loginsupport.framework/Versions/A/loginsupport
0x00007ff816f0c000 	/System/Library/PrivateFrameworks/Apple80211.framework/Versions/A/Apple80211
0x00007ff80d645000 	/System/Library/PrivateFrameworks/AuthKit.framework/Versions/A/AuthKit
0x00007ff80cc9a000 	/System/Library/PrivateFrameworks/CoreUtils.framework/Versions/A/CoreUtils
0x00007ff80cbc1000 	/System/Library/Frameworks/CoreWLAN.framework/Versions/A/CoreWLAN
0x00007ff811afc000 	/System/Library/Frameworks/IOBluetooth.framework/Versions/A/IOBluetooth
0x00007ff816f74000 	/System/Library/PrivateFrameworks/CoreWiFi.framework/Versions/A/CoreWiFi
0x00007ff815942000 	/System/Library/PrivateFrameworks/FrontBoardServices.framework/Versions/A/FrontBoardServices
0x00007ff8159d3000 	/System/Library/PrivateFrameworks/BoardServices.framework/Versions/A/BoardServices
0x00007ff80cea9000 	/System/Library/PrivateFrameworks/AssertionServices.framework/Versions/A/AssertionServices
0x00007ff8170f7000 	/System/Library/PrivateFrameworks/BackBoardServices.framework/Versions/A/BackBoardServices
0x00007ff810ee8000 	/System/Library/PrivateFrameworks/CorePhoneNumbers.framework/Versions/A/CorePhoneNumbers
0x00007ff8107ac000 	/System/Library/PrivateFrameworks/MultiverseSupport.framework/Versions/A/MultiverseSupport
0x00007ff81736b000 	/System/Library/PrivateFrameworks/RemoteServiceDiscovery.framework/Versions/A/RemoteServiceDiscovery
0x00007ff814c40000 	/System/Library/PrivateFrameworks/DiskManagement.framework/Versions/A/DiskManagement
0x00007ff814b54000 	/System/Library/PrivateFrameworks/AppleIDAuthSupport.framework/Versions/A/AppleIDAuthSupport
0x00007ffb0328a000 	/System/Library/PrivateFrameworks/AAAFoundation.framework/Versions/A/AAAFoundation
0x00007ff810ec9000 	/System/Library/PrivateFrameworks/KeychainCircle.framework/Versions/A/KeychainCircle
0x00007ff81737b000 	/System/Library/PrivateFrameworks/RemoteXPC.framework/Versions/A/RemoteXPC
0x00007ff814c0c000 	/System/Library/PrivateFrameworks/MediaKit.framework/Versions/A/MediaKit
0x00007ff814b60000 	/System/Library/Frameworks/DiscRecording.framework/Versions/A/DiscRecording
0x00007ff80e49b000 	/usr/lib/libCoreStorage.dylib
0x00007ff8173e6000 	/usr/lib/libcsfde.dylib
0x00007ff811bc9000 	/System/Library/PrivateFrameworks/ProtectedCloudStorage.framework/Versions/A/ProtectedCloudStorage
0x00007ff8173e2000 	/System/Library/PrivateFrameworks/EFILogin.framework/Versions/A/EFILogin
0x00007ff8152be000 	/System/Library/PrivateFrameworks/OctagonTrust.framework/Versions/A/OctagonTrust
0x00007ffb07b72000 	/System/Library/PrivateFrameworks/CoreUtilsExtras.framework/Versions/A/CoreUtilsExtras
0x00007ff814a87000 	/System/Library/Frameworks/CoreBluetooth.framework/Versions/A/CoreBluetooth
0x00007ff817a81000 	/System/Library/Frameworks/AudioUnit.framework/Versions/A/AudioUnit
0x00007ff80e493000 	/usr/lib/libMatch.1.dylib
0x00007ff90fc99000 	/System/Library/CoreServices/RawCamera.bundle/Contents/MacOS/RawCamera
0x00007ff810e67000 	/System/Library/PrivateFrameworks/MobileAsset.framework/Versions/A/MobileAsset
0x00007ff817aa8000 	/System/Library/PrivateFrameworks/StreamingZip.framework/Versions/A/StreamingZip
0x00007ffb04e66000 	/System/Library/PrivateFrameworks/CMPhoto.framework/Versions/A/CMPhoto
0x00007ff815c44000 	/System/Library/PrivateFrameworks/AppleVPA.framework/Versions/A/AppleVPA
0x00007ff80f847000 	/System/Library/Frameworks/MediaToolbox.framework/Versions/A/MediaToolbox
0x00007ff8150ef000 	/System/Library/PrivateFrameworks/CoreAVCHD.framework/Versions/A/CoreAVCHD
0x00007ff813fc4000 	/System/Library/Frameworks/MediaAccessibility.framework/Versions/A/MediaAccessibility
0x00007ff8150eb000 	/System/Library/PrivateFrameworks/Mangrove.framework/Versions/A/Mangrove
0x00007ff813fcf000 	/System/Library/PrivateFrameworks/AlgosScoreFramework.framework/Versions/A/AlgosScoreFramework
0x00007ff814d30000 	/System/Library/PrivateFrameworks/CoreAUC.framework/Versions/A/CoreAUC
0x00007ff90d4c2000 	/System/Library/Frameworks/Accelerate.framework/Versions/A/Frameworks/vImage.framework/Versions/A/Libraries/libCGInterfaces.dylib
0x0000000108ae5000 	/usr/lib/libobjc-trampolines.dylib
0x00007ff80a165000 	/System/Library/PrivateFrameworks/ViewBridge.framework/Versions/A/ViewBridge
0x00007ffa12d38000 	/System/Library/Extensions/AppleIntelBDWGraphicsMTLDriver.bundle/Contents/MacOS/AppleIntelBDWGraphicsMTLDriver
0x00007ff908eb9000 	/System/Library/PrivateFrameworks/GPURawCounter.framework/Versions/A/GPURawCounter
0x0000000125fd1000 	/Users/mac/Library/Java/JavaVirtualMachines/openjdk-21/Contents/Home/lib/libosxui.dylib
0x00007ff80ebeb000 	/System/Library/PrivateFrameworks/login.framework/Versions/A/login


VM Arguments:
jvm_args: -javaagent:/Applications/IntelliJ IDEA CE.app/Contents/lib/idea_rt.jar=58381:/Applications/IntelliJ IDEA CE.app/Contents/bin -Dfile.encoding=UTF-8 -Dsun.stdout.encoding=UTF-8 -Dsun.stderr.encoding=UTF-8 
java_command: scalation.simulation.process.example_1.runOneWayVehicle
java_class_path (initial): /Users/mac/simulation/scalation_2.0/target/scala-3.3.1/classes:/Users/mac/Library/Caches/Coursier/v1/https/repo1.maven.org/maven2/com/google/code/gson/gson/2.10/gson-2.10.jar:/Users/mac/Library/Caches/Coursier/v1/https/repo1.maven.org/maven2/org/scala-lang/scala-library/2.13.10/scala-library-2.13.10.jar:/Users/mac/Library/Caches/Coursier/v1/https/repo1.maven.org/maven2/org/scala-lang/scala3-library_3/3.3.1/scala3-library_3-3.3.1.jar
Launcher Type: SUN_STANDARD

[Global flags]
     intx CICompilerCount                          = 3                                         {product} {ergonomic}
     uint ConcGCThreads                            = 1                                         {product} {ergonomic}
     uint G1ConcRefinementThreads                  = 4                                         {product} {ergonomic}
   size_t G1HeapRegionSize                         = 1048576                                   {product} {ergonomic}
    uintx GCDrainStackTargetSize                   = 64                                        {product} {ergonomic}
   size_t InitialHeapSize                          = 134217728                                 {product} {ergonomic}
   size_t MarkStackSize                            = 4194304                                   {product} {ergonomic}
   size_t MaxHeapSize                              = 2147483648                                {product} {ergonomic}
   size_t MaxNewSize                               = 1287651328                                {product} {ergonomic}
   size_t MinHeapDeltaBytes                        = 1048576                                   {product} {ergonomic}
   size_t MinHeapSize                              = 8388608                                   {product} {ergonomic}
    uintx NonNMethodCodeHeapSize                   = 5832780                                {pd product} {ergonomic}
    uintx NonProfiledCodeHeapSize                  = 122912730                              {pd product} {ergonomic}
    uintx ProfiledCodeHeapSize                     = 122912730                              {pd product} {ergonomic}
    uintx ReservedCodeCacheSize                    = 251658240                              {pd product} {ergonomic}
     bool SegmentedCodeCache                       = true                                      {product} {ergonomic}
   size_t SoftMaxHeapSize                          = 2147483648                             {manageable} {ergonomic}
     bool UseCompressedOops                        = true                           {product lp64_product} {ergonomic}
     bool UseG1GC                                  = true                                      {product} {ergonomic}
     bool UseNUMA                                  = false                                     {product} {ergonomic}
     bool UseNUMAInterleaving                      = false                                     {product} {ergonomic}

Logging:
Log output configuration:
 #0: stdout all=warning uptime,level,tags foldmultilines=false
 #1: stderr all=off uptime,level,tags foldmultilines=false

Environment Variables:
PATH=/usr/local/bin:/usr/local/bin:/usr/bin:/bin:/usr/sbin:/sbin:/Library/Frameworks/Python.framework/Versions/3.10/bin:/usr/local/share/dotnet:~/.dotnet/tools:/Library/Frameworks/Mono.framework/Versions/Current/Commands:/Users/mac/.cargo/bin:/Users/mac/Library/Application Support/Coursier/bin
SHELL=/bin/zsh
LC_CTYPE=en_US.UTF-8
TMPDIR=/var/folders/qt/hkk8vv5920j9v2q78yyd3flh0000gn/T/

Active Locale:
LC_ALL=C/en_US.UTF-8/C/C/C/C
LC_COLLATE=C
LC_CTYPE=en_US.UTF-8
LC_MESSAGES=C
LC_MONETARY=C
LC_NUMERIC=C
LC_TIME=C

Signal Handlers:
   SIGSEGV: crash_handler in libjvm.dylib, mask=11100110000111110111111111111111, flags=SA_ONSTACK|SA_RESTART|SA_SIGINFO, unblocked
    SIGBUS: crash_handler in libjvm.dylib, mask=11100110000111110111111111111111, flags=SA_RESTART|SA_SIGINFO, unblocked
    SIGFPE: crash_handler in libjvm.dylib, mask=11100110000111110111111111111111, flags=SA_RESTART|SA_SIGINFO, unblocked
   SIGPIPE: javaSignalHandler in libjvm.dylib, mask=11100110000111110111111111111111, flags=SA_RESTART|SA_SIGINFO, blocked
   SIGXFSZ: javaSignalHandler in libjvm.dylib, mask=11100110000111110111111111111111, flags=SA_RESTART|SA_SIGINFO, blocked
    SIGILL: crash_handler in libjvm.dylib, mask=11100110000111110111111111111111, flags=SA_RESTART|SA_SIGINFO, unblocked
   SIGUSR2: SR_handler in libjvm.dylib, mask=00100000000000000000000000000000, flags=SA_RESTART|SA_SIGINFO, blocked
    SIGHUP: UserHandler in libjvm.dylib, mask=11100110000111110111111111111111, flags=SA_RESTART|SA_SIGINFO, blocked
    SIGINT: UserHandler in libjvm.dylib, mask=11100110000111110111111111111111, flags=SA_RESTART|SA_SIGINFO, blocked
   SIGTERM: UserHandler in libjvm.dylib, mask=11100110000111110111111111111111, flags=SA_RESTART|SA_SIGINFO, blocked
   SIGQUIT: UserHandler in libjvm.dylib, mask=11100110000111110111111111111111, flags=SA_RESTART|SA_SIGINFO, blocked
   SIGTRAP: crash_handler in libjvm.dylib, mask=11100110000111110111111111111111, flags=SA_RESTART|SA_SIGINFO, unblocked


---------------  S Y S T E M  ---------------

OS:
uname: Darwin 21.6.0 Darwin Kernel Version 21.6.0: Wed Oct  4 23:55:28 PDT 2023; root:xnu-8020.240.18.704.15~1/RELEASE_X86_64 x86_64
OS uptime: 4 days 4:54 hours
rlimit (soft/hard): STACK 8192k/65532k , CORE 0k/infinity , NPROC 1392/2088 , NOFILE 10240/infinity , AS infinity/infinity , CPU infinity/infinity , DATA infinity/infinity , FSIZE infinity/infinity , MEMLOCK infinity/infinity , RSS infinity/infinity
load average: 15.48 13.09 9.99

CPU: total 4 (initial active 4) (2 cores per cpu, 2 threads per core) family 6 model 61 stepping 4 microcode 0x2f, cx8, cmov, fxsr, ht, mmx, 3dnowpref, sse, sse2, sse3, ssse3, sse4.1, sse4.2, popcnt, lzcnt, tsc, tscinvbit, avx, avx2, aes, erms, clmul, bmi1, bmi2, adx, fma, vzeroupper, clflush, rdtscp, f16c
machdep.cpu.brand_string:Intel(R) Core(TM) i5-5257U CPU @ 2.70GHz
hw.cpufrequency:2700000000
hw.cpufrequency_min:2700000000
hw.cpufrequency_max:2700000000
hw.cachelinesize:64
hw.l1icachesize:32768
hw.l1dcachesize:32768
hw.l2cachesize:262144
hw.l3cachesize:3145728

Memory: 4k page, physical 8388608k(71480k free), swap 5242880k(646400k free)

vm_info: OpenJDK 64-Bit Server VM (21+35-2513) for bsd-amd64 JRE (21+35-2513), built on 2023-08-09T20:25:10Z by "mach5one" with clang Apple LLVM 12.0.0 (clang-1200.0.32.29)

END.
