[0m[[0m[0mdebug[0m] [0m[0m> Exec(all {file:/Users/mac/simulation/scalation_2.0/}scalation/products {file:/Users/mac/simulation/scalation_2.0/}scalation/test:products, None, None)[0m
[0m[[0m[0mdebug[0m] [0m[0mEvaluating tasks: Compile / products, Test / products[0m
[0m[[0m[0mdebug[0m] [0m[0mRunning task... Cancel: Signal, check cycles: false, forcegc: true[0m
[0m[[0m[0minfo[0m] [0m[0mcompiling 8 Scala sources to /Users/mac/simulation/scalation_2.0/target/scala-3.3.1/classes ...[0m
[0m[[0m[31merror[0m] [0m[0m[31m[31m-- [E037] Declaration Error: /Users/mac/simulation/scalation_2.0/src/main/scala/scalation/simulation/process/Dynamics.scala:39:8 [0m[0m[0m
[0m[[0m[31merror[0m] [0m[0m[31m39 |[0m    [33mdef[0m [36mupdate[0m ([36mcar[0m: [35mVehicle[0m): [35mUnit[0m = [41m???[0m[0m
[0m[[0m[31merror[0m] [0m[0m[31m[31m   |[0m        ^[0m[0m
[0m[[0m[31merror[0m] [0m[0m[31m   |[0m        [33mmethod[0m [35mupdate[0m overrides nothing[0m
[0m[[0m[31merror[0m] [0m[0m[31m   |----------------------------------------------------------------------------[0m[0m
[0m[[0m[31merror[0m] [0m[0m[31m   |[0m Explanation (enabled by `-explain`)[0m
[0m[[0m[31merror[0m] [0m[0m[31m   |- - - - - - - - - - - - - - - - - - - - - - - - - - - - - - - - - - - - - -[0m[0m
[0m[[0m[31merror[0m] [0m[0m[31m   |[0m There must be a field or method with the name update in a super[0m
[0m[[0m[31merror[0m] [0m[0m[31m   |[0m class of [33mtrait[0m [35mDynamics[0m to override it. Did you misspell it?[0m
[0m[[0m[31merror[0m] [0m[0m[31m   |[0m Are you extending the right classes?[0m
[0m[[0m[31merror[0m] [0m[0m[31m    ----------------------------------------------------------------------------[0m[0m
[0m[[0m[31merror[0m] [0m[0m[34mExplanation[0m[0m
[0m[[0m[31merror[0m] [0m[0m[34m===========[0m[0m
[0m[[0m[31merror[0m] [0m[0mThere must be a field or method with the name update in a super[0m
[0m[[0m[31merror[0m] [0m[0mclass of [33mtrait[0m [35mDynamics[0m to override it. Did you misspell it?[0m
[0m[[0m[31merror[0m] [0m[0mAre you extending the right classes?[0m
[0m[[0m[31merror[0m] [0m[0m[31m[31m-- [E164] Declaration Error: /Users/mac/simulation/scalation_2.0/src/main/scala/scalation/simulation/process/Dynamics.scala:59:8 [0m[0m[0m
[0m[[0m[31merror[0m] [0m[0m[31m59 |[0m    [33mdef[0m [36mupdate[0m ([36mcar[0m: [35mVehicle[0m): [35mUnit[0m =[0m
[0m[[0m[31merror[0m] [0m[0m[31m[31m   |[0m        ^[0m[0m
[0m[[0m[31merror[0m] [0m[0m[31m   |[0merror overriding [33mmethod[0m [35mupdate[0m in [33mtrait[0m [35mDynamics[0m of type (car: scalation.simulation.process.Vehicle): Unit;[0m
[0m[[0m[31merror[0m] [0m[0m[31m   |[0m  [33mmethod[0m [35mupdate[0m of type (car: scalation.simulation.process.Vehicle): Unit needs `override` modifier[0m
[0m[[0m[31merror[0m] [0m[0mtwo errors found[0m
[0m[[0m[31merror[0m] [0m[0m(Compile / [31mcompileIncremental[0m) Compilation failed[0m
[0m[[0m[31merror[0m] [0m[0mTotal time: 2 s, completed Mar 11, 2024, 2:48:04 PM[0m
[0m[[0m[0mdebug[0m] [0m[0m> Exec(idea-shell, None, None)[0m
