[0m[[0m[0mdebug[0m] [0m[0m> Exec(all {file:/Users/mac/simulation/scalation_2.0/}scalation/products {file:/Users/mac/simulation/scalation_2.0/}scalation/test:products, None, None)[0m
[0m[[0m[0mdebug[0m] [0m[0mEvaluating tasks: Compile / products, Test / products[0m
[0m[[0m[0mdebug[0m] [0m[0mRunning task... Cancel: Signal, check cycles: false, forcegc: true[0m
[0m[[0m[0minfo[0m] [0m[0mcompiling 1 Scala source to /Users/mac/simulation/scalation_2.0/target/scala-3.3.1/classes ...[0m
[0m[[0m[0minfo[0m] [0m[0mdone compiling[0m
[0m[[0m[0minfo[0m] [0m[0mcompiling 2 Scala sources to /Users/mac/simulation/scalation_2.0/target/scala-3.3.1/test-classes ...[0m
[0m[[0m[31merror[0m] [0m[0m[31m[31m-- [E008] Not Found Error: /Users/mac/simulation/scalation_2.0/src/test/scala/testing/Tester.scala:11:17 [0m[0m[0m
[0m[[0m[31merror[0m] [0m[0m[31m11 |[0m[33mimport[0m scalation.gauge[0m
[0m[[0m[31merror[0m] [0m[0m[31m[31m   |[0m                 ^^^^^[0m[0m
[0m[[0m[31merror[0m] [0m[0m[31m   |[0m                 value gauge is not a member of scalation[0m
[0m[[0m[31merror[0m] [0m[0m[31m[31m-- [E008] Not Found Error: /Users/mac/simulation/scalation_2.0/src/test/scala/testing/Tester.scala:72:25 [0m[0m[0m
[0m[[0m[31merror[0m] [0m[0m[31m72 |[0m                t_call   += gauge { call }                         [34m// test performance[0m[0m
[0m[[0m[31merror[0m] [0m[0m[31m[31m   |[0m                ^^^^^^^^^^^[0m[0m
[0m[[0m[31merror[0m] [0m[0m[31m   |[0m            value += is not a member of Double - did you mean Double.!=?[0m
[0m[[0m[31merror[0m] [0m[0m[31m[31m-- [E006] Not Found Error: /Users/mac/simulation/scalation_2.0/src/test/scala/testing/Tester.scala:72:28 [0m[0m[0m
[0m[[0m[31merror[0m] [0m[0m[31m72 |[0m                t_call   += gauge { call }                         [34m// test performance[0m[0m
[0m[[0m[31merror[0m] [0m[0m[31m[31m   |[0m                            ^^^^^[0m[0m
[0m[[0m[31merror[0m] [0m[0m[31m   |[0m                            Not found: gauge[0m
[0m[[0m[31merror[0m] [0m[0m[31m   |----------------------------------------------------------------------------[0m[0m
[0m[[0m[31merror[0m] [0m[0m[31m   |[0m Explanation (enabled by `-explain`)[0m
[0m[[0m[31merror[0m] [0m[0m[31m   |- - - - - - - - - - - - - - - - - - - - - - - - - - - - - - - - - - - - - -[0m[0m
[0m[[0m[31merror[0m] [0m[0m[31m   |[0m The identifier for `gauge` is not bound, that is,[0m
[0m[[0m[31merror[0m] [0m[0m[31m   |[0m no declaration for this identifier can be found.[0m
[0m[[0m[31merror[0m] [0m[0m[31m   |[0m That can happen, for example, if `gauge` or its declaration has either been[0m
[0m[[0m[31merror[0m] [0m[0m[31m   |[0m misspelt or if an import is missing.[0m
[0m[[0m[31merror[0m] [0m[0m[31m    ----------------------------------------------------------------------------[0m[0m
[0m[[0m[31merror[0m] [0m[0m[34mExplanation[0m[0m
[0m[[0m[31merror[0m] [0m[0m[34m===========[0m[0m
[0m[[0m[31merror[0m] [0m[0mThe identifier for `gauge` is not bound, that is,[0m
[0m[[0m[31merror[0m] [0m[0mno declaration for this identifier can be found.[0m
[0m[[0m[31merror[0m] [0m[0mThat can happen, for example, if `gauge` or its declaration has either been[0m
[0m[[0m[31merror[0m] [0m[0mmisspelt or if an import is missing.[0m
[0m[[0m[31merror[0m] [0m[0m[31m[31m-- [E008] Not Found Error: /Users/mac/simulation/scalation_2.0/src/test/scala/testing/Tester.scala:73:25 [0m[0m[0m
[0m[[0m[31merror[0m] [0m[0m[31m73 |[0m                t_oracle += gauge { oracle }[0m
[0m[[0m[31merror[0m] [0m[0m[31m[31m   |[0m                ^^^^^^^^^^^[0m[0m
[0m[[0m[31merror[0m] [0m[0m[31m   |[0m            value += is not a member of Double - did you mean Double.!=?[0m
[0m[[0m[31merror[0m] [0m[0m[31m[31m-- [E006] Not Found Error: /Users/mac/simulation/scalation_2.0/src/test/scala/testing/Tester.scala:73:28 [0m[0m[0m
[0m[[0m[31merror[0m] [0m[0m[31m73 |[0m                t_oracle += gauge { oracle }[0m
[0m[[0m[31merror[0m] [0m[0m[31m[31m   |[0m                            ^^^^^[0m[0m
[0m[[0m[31merror[0m] [0m[0m[31m   |[0m                            Not found: gauge[0m
[0m[[0m[31merror[0m] [0m[0m[31m   |----------------------------------------------------------------------------[0m[0m
[0m[[0m[31merror[0m] [0m[0m[31m   |[0m Explanation (enabled by `-explain`)[0m
[0m[[0m[31merror[0m] [0m[0m[31m   |- - - - - - - - - - - - - - - - - - - - - - - - - - - - - - - - - - - - - -[0m[0m
[0m[[0m[31merror[0m] [0m[0m[31m   |[0m The identifier for `gauge` is not bound, that is,[0m
[0m[[0m[31merror[0m] [0m[0m[31m   |[0m no declaration for this identifier can be found.[0m
[0m[[0m[31merror[0m] [0m[0m[31m   |[0m That can happen, for example, if `gauge` or its declaration has either been[0m
[0m[[0m[31merror[0m] [0m[0m[31m   |[0m misspelt or if an import is missing.[0m
[0m[[0m[31merror[0m] [0m[0m[31m    ----------------------------------------------------------------------------[0m[0m
[0m[[0m[31merror[0m] [0m[0m[34mExplanation[0m[0m
[0m[[0m[31merror[0m] [0m[0m[34m===========[0m[0m
[0m[[0m[31merror[0m] [0m[0mThe identifier for `gauge` is not bound, that is,[0m
[0m[[0m[31merror[0m] [0m[0mno declaration for this identifier can be found.[0m
[0m[[0m[31merror[0m] [0m[0mThat can happen, for example, if `gauge` or its declaration has either been[0m
[0m[[0m[31merror[0m] [0m[0mmisspelt or if an import is missing.[0m
[0m[[0m[31merror[0m] [0m[0m[31m[31m-- [E008] Not Found Error: /Users/mac/simulation/scalation_2.0/src/test/scala/testing/Tester.scala:74:54 [0m[0m[0m
[0m[[0m[31merror[0m] [0m[0m[31m74 |[0m                [33mif[0m contender != [31mnull[0m [33mthen[0m t_contender += gauge { contender }[0m
[0m[[0m[31merror[0m] [0m[0m[31m[31m   |[0m                                          ^^^^^^^^^^^^^^[0m[0m
[0m[[0m[31merror[0m] [0m[0m[31m   |[0m            value += is not a member of Double - did you mean Double.!=?[0m
[0m[[0m[31merror[0m] [0m[0m[31m[31m-- [E006] Not Found Error: /Users/mac/simulation/scalation_2.0/src/test/scala/testing/Tester.scala:74:57 [0m[0m[0m
[0m[[0m[31merror[0m] [0m[0m[31m74 |[0m                [33mif[0m contender != [31mnull[0m [33mthen[0m t_contender += gauge { contender }[0m
[0m[[0m[31merror[0m] [0m[0m[31m[31m   |[0m                                                         ^^^^^[0m[0m
[0m[[0m[31merror[0m] [0m[0m[31m   |[0m                                                        Not found: gauge[0m
[0m[[0m[31merror[0m] [0m[0m[31m   |----------------------------------------------------------------------------[0m[0m
[0m[[0m[31merror[0m] [0m[0m[31m   |[0m Explanation (enabled by `-explain`)[0m
[0m[[0m[31merror[0m] [0m[0m[31m   |- - - - - - - - - - - - - - - - - - - - - - - - - - - - - - - - - - - - - -[0m[0m
[0m[[0m[31merror[0m] [0m[0m[31m   |[0m The identifier for `gauge` is not bound, that is,[0m
[0m[[0m[31merror[0m] [0m[0m[31m   |[0m no declaration for this identifier can be found.[0m
[0m[[0m[31merror[0m] [0m[0m[31m   |[0m That can happen, for example, if `gauge` or its declaration has either been[0m
[0m[[0m[31merror[0m] [0m[0m[31m   |[0m misspelt or if an import is missing.[0m
[0m[[0m[31merror[0m] [0m[0m[31m    ----------------------------------------------------------------------------[0m[0m
[0m[[0m[31merror[0m] [0m[0m[34mExplanation[0m[0m
[0m[[0m[31merror[0m] [0m[0m[34m===========[0m[0m
[0m[[0m[31merror[0m] [0m[0mThe identifier for `gauge` is not bound, that is,[0m
[0m[[0m[31merror[0m] [0m[0mno declaration for this identifier can be found.[0m
[0m[[0m[31merror[0m] [0m[0mThat can happen, for example, if `gauge` or its declaration has either been[0m
[0m[[0m[31merror[0m] [0m[0mmisspelt or if an import is missing.[0m
[0m[[0m[31merror[0m] [0m[0m[31m[31m-- [E008] Not Found Error: /Users/mac/simulation/scalation_2.0/src/test/scala/testing/mathstat/VectorD_T.scala:18:25 [0m[0m[0m
[0m[[0m[31merror[0m] [0m[0m[31m18 |[0m[33mimport[0m scalation.random.{Randi0, RandomVecD, Uniform}[0m
[0m[[0m[31merror[0m] [0m[0m[31m[31m   |[0m                         ^^^^^^[0m[0m
[0m[[0m[31merror[0m] [0m[0m[31m   |[0m                        value Randi0 is not a member of scalation.random[0m
[0m[[0m[31merror[0m] [0m[0m[31m[31m-- [E008] Not Found Error: /Users/mac/simulation/scalation_2.0/src/test/scala/testing/mathstat/VectorD_T.scala:18:33 [0m[0m[0m
[0m[[0m[31merror[0m] [0m[0m[31m18 |[0m[33mimport[0m scalation.random.{Randi0, RandomVecD, Uniform}[0m
[0m[[0m[31merror[0m] [0m[0m[31m[31m   |[0m                                 ^^^^^^^^^^[0m[0m
[0m[[0m[31merror[0m] [0m[0m[31m   |[0m                    value RandomVecD is not a member of scalation.random[0m
[0m[[0m[31merror[0m] [0m[0m[31m[31m-- [E008] Not Found Error: /Users/mac/simulation/scalation_2.0/src/test/scala/testing/mathstat/VectorD_T.scala:18:45 [0m[0m[0m
[0m[[0m[31merror[0m] [0m[0m[31m18 |[0m[33mimport[0m scalation.random.{Randi0, RandomVecD, Uniform}[0m
[0m[[0m[31merror[0m] [0m[0m[31m[31m   |[0m                                             ^^^^^^^[0m[0m
[0m[[0m[31merror[0m] [0m[0m[31m   |[0m                       value Uniform is not a member of scalation.random[0m
[0m[[0m[31merror[0m] [0m[0m[31m[31m-- [E006] Not Found Error: /Users/mac/simulation/scalation_2.0/src/test/scala/testing/mathstat/VectorD_T.scala:193:22 [0m[0m[0m
[0m[[0m[31merror[0m] [0m[0m[31m193 |[0m    [33mprivate[0m [33mval[0m rvg = RandomVecD (dim = dim, density = [31m0.5[0m)        [34m// random vector generator[0m[0m
[0m[[0m[31merror[0m] [0m[0m[31m[31m    |[0m                      ^^^^^^^^^^[0m[0m
[0m[[0m[31merror[0m] [0m[0m[31m    |[0m                      Not found: RandomVecD[0m
[0m[[0m[31merror[0m] [0m[0m[31m    |---------------------------------------------------------------------------[0m[0m
[0m[[0m[31merror[0m] [0m[0m[31m    |[0m Explanation (enabled by `-explain`)[0m
[0m[[0m[31merror[0m] [0m[0m[31m    |- - - - - - - - - - - - - - - - - - - - - - - - - - - - - - - - - - - - - -[0m[0m
[0m[[0m[31merror[0m] [0m[0m[31m    |[0m The identifier for `RandomVecD` is not bound, that is,[0m
[0m[[0m[31merror[0m] [0m[0m[31m    |[0m no declaration for this identifier can be found.[0m
[0m[[0m[31merror[0m] [0m[0m[31m    |[0m That can happen, for example, if `RandomVecD` or its declaration has either been[0m
[0m[[0m[31merror[0m] [0m[0m[31m    |[0m misspelt or if an import is missing.[0m
[0m[[0m[31merror[0m] [0m[0m[31m     ---------------------------------------------------------------------------[0m[0m
[0m[[0m[31merror[0m] [0m[0m[34mExplanation[0m[0m
[0m[[0m[31merror[0m] [0m[0m[34m===========[0m[0m
[0m[[0m[31merror[0m] [0m[0mThe identifier for `RandomVecD` is not bound, that is,[0m
[0m[[0m[31merror[0m] [0m[0mno declaration for this identifier can be found.[0m
[0m[[0m[31merror[0m] [0m[0mThat can happen, for example, if `RandomVecD` or its declaration has either been[0m
[0m[[0m[31merror[0m] [0m[0mmisspelt or if an import is missing.[0m
[0m[[0m[31merror[0m] [0m[0m[31m[31m-- [E006] Not Found Error: /Users/mac/simulation/scalation_2.0/src/test/scala/testing/mathstat/VectorD_T.scala:194:22 [0m[0m[0m
[0m[[0m[31merror[0m] [0m[0m[31m194 |[0m    [33mprivate[0m [33mval[0m rsg = Uniform ([31m0.0[0m, [31m100.0[0m)                         [34m// random scalar/double generator[0m[0m
[0m[[0m[31merror[0m] [0m[0m[31m[31m    |[0m                      ^^^^^^^[0m[0m
[0m[[0m[31merror[0m] [0m[0m[31m    |[0m                      Not found: Uniform[0m
[0m[[0m[31merror[0m] [0m[0m[31m    |---------------------------------------------------------------------------[0m[0m
[0m[[0m[31merror[0m] [0m[0m[31m    |[0m Explanation (enabled by `-explain`)[0m
[0m[[0m[31merror[0m] [0m[0m[31m    |- - - - - - - - - - - - - - - - - - - - - - - - - - - - - - - - - - - - - -[0m[0m
[0m[[0m[31merror[0m] [0m[0m[31m    |[0m The identifier for `Uniform` is not bound, that is,[0m
[0m[[0m[31merror[0m] [0m[0m[31m    |[0m no declaration for this identifier can be found.[0m
[0m[[0m[31merror[0m] [0m[0m[31m    |[0m That can happen, for example, if `Uniform` or its declaration has either been[0m
[0m[[0m[31merror[0m] [0m[0m[31m    |[0m misspelt or if an import is missing.[0m
[0m[[0m[31merror[0m] [0m[0m[31m     ---------------------------------------------------------------------------[0m[0m
[0m[[0m[31merror[0m] [0m[0m[34mExplanation[0m[0m
[0m[[0m[31merror[0m] [0m[0m[34m===========[0m[0m
[0m[[0m[31merror[0m] [0m[0mThe identifier for `Uniform` is not bound, that is,[0m
[0m[[0m[31merror[0m] [0m[0mno declaration for this identifier can be found.[0m
[0m[[0m[31merror[0m] [0m[0mThat can happen, for example, if `Uniform` or its declaration has either been[0m
[0m[[0m[31merror[0m] [0m[0mmisspelt or if an import is missing.[0m
[0m[[0m[31merror[0m] [0m[0m[31m[31m-- [E006] Not Found Error: /Users/mac/simulation/scalation_2.0/src/test/scala/testing/mathstat/VectorD_T.scala:195:22 [0m[0m[0m
[0m[[0m[31merror[0m] [0m[0m[31m195 |[0m    [33mprivate[0m [33mval[0m rig = Randi0 ([31m0[0m, dim - [31m1[0m)                          [34m// random integer/index generator[0m[0m
[0m[[0m[31merror[0m] [0m[0m[31m[31m    |[0m                      ^^^^^^[0m[0m
[0m[[0m[31merror[0m] [0m[0m[31m    |[0m                      Not found: Randi0[0m
[0m[[0m[31merror[0m] [0m[0m[31m    |---------------------------------------------------------------------------[0m[0m
[0m[[0m[31merror[0m] [0m[0m[31m    |[0m Explanation (enabled by `-explain`)[0m
[0m[[0m[31merror[0m] [0m[0m[31m    |- - - - - - - - - - - - - - - - - - - - - - - - - - - - - - - - - - - - - -[0m[0m
[0m[[0m[31merror[0m] [0m[0m[31m    |[0m The identifier for `Randi0` is not bound, that is,[0m
[0m[[0m[31merror[0m] [0m[0m[31m    |[0m no declaration for this identifier can be found.[0m
[0m[[0m[31merror[0m] [0m[0m[31m    |[0m That can happen, for example, if `Randi0` or its declaration has either been[0m
[0m[[0m[31merror[0m] [0m[0m[31m    |[0m misspelt or if an import is missing.[0m
[0m[[0m[31merror[0m] [0m[0m[31m     ---------------------------------------------------------------------------[0m[0m
[0m[[0m[31merror[0m] [0m[0m[34mExplanation[0m[0m
[0m[[0m[31merror[0m] [0m[0m[34m===========[0m[0m
[0m[[0m[31merror[0m] [0m[0mThe identifier for `Randi0` is not bound, that is,[0m
[0m[[0m[31merror[0m] [0m[0mno declaration for this identifier can be found.[0m
[0m[[0m[31merror[0m] [0m[0mThat can happen, for example, if `Randi0` or its declaration has either been[0m
[0m[[0m[31merror[0m] [0m[0mmisspelt or if an import is missing.[0m
[0m[[0m[31merror[0m] [0m[0m[31m[31m-- [E006] Not Found Error: /Users/mac/simulation/scalation_2.0/src/test/scala/testing/mathstat/VectorD_T.scala:199:24 [0m[0m[0m
[0m[[0m[31merror[0m] [0m[0m[31m199 |[0m    [33mprivate[0m [33mval[0m x = [33mnew[0m VectorD (dim)                              [34m// first vector[0m[0m
[0m[[0m[31merror[0m] [0m[0m[31m[31m    |[0m                        ^^^^^^^[0m[0m
[0m[[0m[31merror[0m] [0m[0m[31m    |[0m                        Not found: type VectorD[0m
[0m[[0m[31merror[0m] [0m[0m[31m    |---------------------------------------------------------------------------[0m[0m
[0m[[0m[31merror[0m] [0m[0m[31m    |[0m Explanation (enabled by `-explain`)[0m
[0m[[0m[31merror[0m] [0m[0m[31m    |- - - - - - - - - - - - - - - - - - - - - - - - - - - - - - - - - - - - - -[0m[0m
[0m[[0m[31merror[0m] [0m[0m[31m    |[0m The identifier for `type VectorD` is not bound, that is,[0m
[0m[[0m[31merror[0m] [0m[0m[31m    |[0m no declaration for this identifier can be found.[0m
[0m[[0m[31merror[0m] [0m[0m[31m    |[0m That can happen, for example, if `VectorD` or its declaration has either been[0m
[0m[[0m[31merror[0m] [0m[0m[31m    |[0m misspelt or if an import is missing.[0m
[0m[[0m[31merror[0m] [0m[0m[31m     ---------------------------------------------------------------------------[0m[0m
[0m[[0m[31merror[0m] [0m[0m[34mExplanation[0m[0m
[0m[[0m[31merror[0m] [0m[0m[34m===========[0m[0m
[0m[[0m[31merror[0m] [0m[0mThe identifier for `type VectorD` is not bound, that is,[0m
[0m[[0m[31merror[0m] [0m[0mno declaration for this identifier can be found.[0m
[0m[[0m[31merror[0m] [0m[0mThat can happen, for example, if `VectorD` or its declaration has either been[0m
[0m[[0m[31merror[0m] [0m[0mmisspelt or if an import is missing.[0m
[0m[[0m[31merror[0m] [0m[0m[31m[31m-- [E006] Not Found Error: /Users/mac/simulation/scalation_2.0/src/test/scala/testing/mathstat/VectorD_T.scala:200:24 [0m[0m[0m
[0m[[0m[31merror[0m] [0m[0m[31m200 |[0m    [33mprivate[0m [33mval[0m y = [33mnew[0m VectorD (dim)                              [34m// second vector[0m[0m
[0m[[0m[31merror[0m] [0m[0m[31m[31m    |[0m                        ^^^^^^^[0m[0m
[0m[[0m[31merror[0m] [0m[0m[31m    |[0m                        Not found: type VectorD[0m
[0m[[0m[31merror[0m] [0m[0m[31m    |---------------------------------------------------------------------------[0m[0m
[0m[[0m[31merror[0m] [0m[0m[31m    |[0m Explanation (enabled by `-explain`)[0m
[0m[[0m[31merror[0m] [0m[0m[31m    |- - - - - - - - - - - - - - - - - - - - - - - - - - - - - - - - - - - - - -[0m[0m
[0m[[0m[31merror[0m] [0m[0m[31m    |[0m The identifier for `type VectorD` is not bound, that is,[0m
[0m[[0m[31merror[0m] [0m[0m[31m    |[0m no declaration for this identifier can be found.[0m
[0m[[0m[31merror[0m] [0m[0m[31m    |[0m That can happen, for example, if `VectorD` or its declaration has either been[0m
[0m[[0m[31merror[0m] [0m[0m[31m    |[0m misspelt or if an import is missing.[0m
[0m[[0m[31merror[0m] [0m[0m[31m     ---------------------------------------------------------------------------[0m[0m
[0m[[0m[31merror[0m] [0m[0m[34mExplanation[0m[0m
[0m[[0m[31merror[0m] [0m[0m[34m===========[0m[0m
[0m[[0m[31merror[0m] [0m[0mThe identifier for `type VectorD` is not bound, that is,[0m
[0m[[0m[31merror[0m] [0m[0mno declaration for this identifier can be found.[0m
[0m[[0m[31merror[0m] [0m[0mThat can happen, for example, if `VectorD` or its declaration has either been[0m
[0m[[0m[31merror[0m] [0m[0mmisspelt or if an import is missing.[0m
[0m[[0m[31merror[0m] [0m[0m[31m[31m-- [E006] Not Found Error: /Users/mac/simulation/scalation_2.0/src/test/scala/testing/mathstat/VectorD_T.scala:221:28 [0m[0m[0m
[0m[[0m[31merror[0m] [0m[0m[31m221 |[0m                            VectorD ([33mfor[0m i <- x.indices [33myield[0m -x(i)))[0m
[0m[[0m[31merror[0m] [0m[0m[31m[31m    |[0m                            ^^^^^^^[0m[0m
[0m[[0m[31merror[0m] [0m[0m[31m    |[0m                            Not found: VectorD[0m
[0m[[0m[31merror[0m] [0m[0m[31m    |---------------------------------------------------------------------------[0m[0m
[0m[[0m[31merror[0m] [0m[0m[31m    |[0m Explanation (enabled by `-explain`)[0m
[0m[[0m[31merror[0m] [0m[0m[31m    |- - - - - - - - - - - - - - - - - - - - - - - - - - - - - - - - - - - - - -[0m[0m
[0m[[0m[31merror[0m] [0m[0m[31m    |[0m The identifier for `VectorD` is not bound, that is,[0m
[0m[[0m[31merror[0m] [0m[0m[31m    |[0m no declaration for this identifier can be found.[0m
[0m[[0m[31merror[0m] [0m[0m[31m    |[0m That can happen, for example, if `VectorD` or its declaration has either been[0m
[0m[[0m[31merror[0m] [0m[0m[31m    |[0m misspelt or if an import is missing.[0m
[0m[[0m[31merror[0m] [0m[0m[31m     ---------------------------------------------------------------------------[0m[0m
[0m[[0m[31merror[0m] [0m[0m[34mExplanation[0m[0m
[0m[[0m[31merror[0m] [0m[0m[34m===========[0m[0m
[0m[[0m[31merror[0m] [0m[0mThe identifier for `VectorD` is not bound, that is,[0m
[0m[[0m[31merror[0m] [0m[0mno declaration for this identifier can be found.[0m
[0m[[0m[31merror[0m] [0m[0mThat can happen, for example, if `VectorD` or its declaration has either been[0m
[0m[[0m[31merror[0m] [0m[0mmisspelt or if an import is missing.[0m
[0m[[0m[31merror[0m] [0m[0m[31m[31m-- [E006] Not Found Error: /Users/mac/simulation/scalation_2.0/src/test/scala/testing/mathstat/VectorD_T.scala:223:28 [0m[0m[0m
[0m[[0m[31merror[0m] [0m[0m[31m223 |[0m                            VectorD ([33mfor[0m i <- x.indices [33myield[0m abs (x(i))))[0m
[0m[[0m[31merror[0m] [0m[0m[31m[31m    |[0m                            ^^^^^^^[0m[0m
[0m[[0m[31merror[0m] [0m[0m[31m    |[0m                            Not found: VectorD[0m
[0m[[0m[31merror[0m] [0m[0m[31m    |---------------------------------------------------------------------------[0m[0m
[0m[[0m[31merror[0m] [0m[0m[31m    |[0m Explanation (enabled by `-explain`)[0m
[0m[[0m[31merror[0m] [0m[0m[31m    |- - - - - - - - - - - - - - - - - - - - - - - - - - - - - - - - - - - - - -[0m[0m
[0m[[0m[31merror[0m] [0m[0m[31m    |[0m The identifier for `VectorD` is not bound, that is,[0m
[0m[[0m[31merror[0m] [0m[0m[31m    |[0m no declaration for this identifier can be found.[0m
[0m[[0m[31merror[0m] [0m[0m[31m    |[0m That can happen, for example, if `VectorD` or its declaration has either been[0m
[0m[[0m[31merror[0m] [0m[0m[31m    |[0m misspelt or if an import is missing.[0m
[0m[[0m[31merror[0m] [0m[0m[31m     ---------------------------------------------------------------------------[0m[0m
[0m[[0m[31merror[0m] [0m[0m[34mExplanation[0m[0m
[0m[[0m[31merror[0m] [0m[0m[34m===========[0m[0m
[0m[[0m[31merror[0m] [0m[0mThe identifier for `VectorD` is not bound, that is,[0m
[0m[[0m[31merror[0m] [0m[0mno declaration for this identifier can be found.[0m
[0m[[0m[31merror[0m] [0m[0mThat can happen, for example, if `VectorD` or its declaration has either been[0m
[0m[[0m[31merror[0m] [0m[0mmisspelt or if an import is missing.[0m
[0m[[0m[31merror[0m] [0m[0m[31m[31m-- [E006] Not Found Error: /Users/mac/simulation/scalation_2.0/src/test/scala/testing/mathstat/VectorD_T.scala:229:45 [0m[0m[0m
[0m[[0m[31merror[0m] [0m[0m[31m229 |[0m                            { [33mvar[0m [36msum[0m = [31m0.0[0m; VectorD ([33mfor[0m i <- x.indices [33myield[0m { sum += x(i); sum }) })[0m
[0m[[0m[31merror[0m] [0m[0m[31m[31m    |[0m                                             ^^^^^^^[0m[0m
[0m[[0m[31merror[0m] [0m[0m[31m    |[0m                                             Not found: VectorD[0m
[0m[[0m[31merror[0m] [0m[0m[31m    |---------------------------------------------------------------------------[0m[0m
[0m[[0m[31merror[0m] [0m[0m[31m    |[0m Explanation (enabled by `-explain`)[0m
[0m[[0m[31merror[0m] [0m[0m[31m    |- - - - - - - - - - - - - - - - - - - - - - - - - - - - - - - - - - - - - -[0m[0m
[0m[[0m[31merror[0m] [0m[0m[31m    |[0m The identifier for `VectorD` is not bound, that is,[0m
[0m[[0m[31merror[0m] [0m[0m[31m    |[0m no declaration for this identifier can be found.[0m
[0m[[0m[31merror[0m] [0m[0m[31m    |[0m That can happen, for example, if `VectorD` or its declaration has either been[0m
[0m[[0m[31merror[0m] [0m[0m[31m    |[0m misspelt or if an import is missing.[0m
[0m[[0m[31merror[0m] [0m[0m[31m     ---------------------------------------------------------------------------[0m[0m
[0m[[0m[31merror[0m] [0m[0m[34mExplanation[0m[0m
[0m[[0m[31merror[0m] [0m[0m[34m===========[0m[0m
[0m[[0m[31merror[0m] [0m[0mThe identifier for `VectorD` is not bound, that is,[0m
[0m[[0m[31merror[0m] [0m[0mno declaration for this identifier can be found.[0m
[0m[[0m[31merror[0m] [0m[0mThat can happen, for example, if `VectorD` or its declaration has either been[0m
[0m[[0m[31merror[0m] [0m[0mmisspelt or if an import is missing.[0m
[0m[[0m[31merror[0m] [0m[0m[31m[31m-- [E006] Not Found Error: /Users/mac/simulation/scalation_2.0/src/test/scala/testing/mathstat/VectorD_T.scala:246:28 [0m[0m[0m
[0m[[0m[31merror[0m] [0m[0m[31m246 |[0m                            VectorD.one (x.dim) / x)[0m
[0m[[0m[31merror[0m] [0m[0m[31m[31m    |[0m                            ^^^^^^^[0m[0m
[0m[[0m[31merror[0m] [0m[0m[31m    |[0m                            Not found: VectorD[0m
[0m[[0m[31merror[0m] [0m[0m[31m    |---------------------------------------------------------------------------[0m[0m
[0m[[0m[31merror[0m] [0m[0m[31m    |[0m Explanation (enabled by `-explain`)[0m
[0m[[0m[31merror[0m] [0m[0m[31m    |- - - - - - - - - - - - - - - - - - - - - - - - - - - - - - - - - - - - - -[0m[0m
[0m[[0m[31merror[0m] [0m[0m[31m    |[0m The identifier for `VectorD` is not bound, that is,[0m
[0m[[0m[31merror[0m] [0m[0m[31m    |[0m no declaration for this identifier can be found.[0m
[0m[[0m[31merror[0m] [0m[0m[31m    |[0m That can happen, for example, if `VectorD` or its declaration has either been[0m
[0m[[0m[31merror[0m] [0m[0m[31m    |[0m misspelt or if an import is missing.[0m
[0m[[0m[31merror[0m] [0m[0m[31m     ---------------------------------------------------------------------------[0m[0m
[0m[[0m[31merror[0m] [0m[0m[34mExplanation[0m[0m
[0m[[0m[31merror[0m] [0m[0m[34m===========[0m[0m
[0m[[0m[31merror[0m] [0m[0mThe identifier for `VectorD` is not bound, that is,[0m
[0m[[0m[31merror[0m] [0m[0mno declaration for this identifier can be found.[0m
[0m[[0m[31merror[0m] [0m[0mThat can happen, for example, if `VectorD` or its declaration has either been[0m
[0m[[0m[31merror[0m] [0m[0mmisspelt or if an import is missing.[0m
[0m[[0m[31merror[0m] [0m[0m[31m[31m-- [E006] Not Found Error: /Users/mac/simulation/scalation_2.0/src/test/scala/testing/mathstat/VectorD_T.scala:254:28 [0m[0m[0m
[0m[[0m[31merror[0m] [0m[0m[31m254 |[0m                            VectorI ([33mfor[0m i <- x.indices [33myield[0m x(i).toInt))[0m
[0m[[0m[31merror[0m] [0m[0m[31m[31m    |[0m                            ^^^^^^^[0m[0m
[0m[[0m[31merror[0m] [0m[0m[31m    |[0m                            Not found: VectorI[0m
[0m[[0m[31merror[0m] [0m[0m[31m    |---------------------------------------------------------------------------[0m[0m
[0m[[0m[31merror[0m] [0m[0m[31m    |[0m Explanation (enabled by `-explain`)[0m
[0m[[0m[31merror[0m] [0m[0m[31m    |- - - - - - - - - - - - - - - - - - - - - - - - - - - - - - - - - - - - - -[0m[0m
[0m[[0m[31merror[0m] [0m[0m[31m    |[0m The identifier for `VectorI` is not bound, that is,[0m
[0m[[0m[31merror[0m] [0m[0m[31m    |[0m no declaration for this identifier can be found.[0m
[0m[[0m[31merror[0m] [0m[0m[31m    |[0m That can happen, for example, if `VectorI` or its declaration has either been[0m
[0m[[0m[31merror[0m] [0m[0m[31m    |[0m misspelt or if an import is missing.[0m
[0m[[0m[31merror[0m] [0m[0m[31m     ---------------------------------------------------------------------------[0m[0m
[0m[[0m[31merror[0m] [0m[0m[34mExplanation[0m[0m
[0m[[0m[31merror[0m] [0m[0m[34m===========[0m[0m
[0m[[0m[31merror[0m] [0m[0mThe identifier for `VectorI` is not bound, that is,[0m
[0m[[0m[31merror[0m] [0m[0mno declaration for this identifier can be found.[0m
[0m[[0m[31merror[0m] [0m[0mThat can happen, for example, if `VectorI` or its declaration has either been[0m
[0m[[0m[31merror[0m] [0m[0mmisspelt or if an import is missing.[0m
[0m[[0m[31merror[0m] [0m[0m[31m[31m-- [E006] Not Found Error: /Users/mac/simulation/scalation_2.0/src/test/scala/testing/mathstat/VectorD_T.scala:259:28 [0m[0m[0m
[0m[[0m[31merror[0m] [0m[0m[31m259 |[0m                            VectorD ([33mfor[0m i <- x.indices [33myield[0m x(i) + y(i)))[0m
[0m[[0m[31merror[0m] [0m[0m[31m[31m    |[0m                            ^^^^^^^[0m[0m
[0m[[0m[31merror[0m] [0m[0m[31m    |[0m                            Not found: VectorD[0m
[0m[[0m[31merror[0m] [0m[0m[31m    |---------------------------------------------------------------------------[0m[0m
[0m[[0m[31merror[0m] [0m[0m[31m    |[0m Explanation (enabled by `-explain`)[0m
[0m[[0m[31merror[0m] [0m[0m[31m    |- - - - - - - - - - - - - - - - - - - - - - - - - - - - - - - - - - - - - -[0m[0m
[0m[[0m[31merror[0m] [0m[0m[31m    |[0m The identifier for `VectorD` is not bound, that is,[0m
[0m[[0m[31merror[0m] [0m[0m[31m    |[0m no declaration for this identifier can be found.[0m
[0m[[0m[31merror[0m] [0m[0m[31m    |[0m That can happen, for example, if `VectorD` or its declaration has either been[0m
[0m[[0m[31merror[0m] [0m[0m[31m    |[0m misspelt or if an import is missing.[0m
[0m[[0m[31merror[0m] [0m[0m[31m     ---------------------------------------------------------------------------[0m[0m
[0m[[0m[31merror[0m] [0m[0m[34mExplanation[0m[0m
[0m[[0m[31merror[0m] [0m[0m[34m===========[0m[0m
[0m[[0m[31merror[0m] [0m[0mThe identifier for `VectorD` is not bound, that is,[0m
[0m[[0m[31merror[0m] [0m[0mno declaration for this identifier can be found.[0m
[0m[[0m[31merror[0m] [0m[0mThat can happen, for example, if `VectorD` or its declaration has either been[0m
[0m[[0m[31merror[0m] [0m[0mmisspelt or if an import is missing.[0m
[0m[[0m[31merror[0m] [0m[0m[31m[31m-- [E006] Not Found Error: /Users/mac/simulation/scalation_2.0/src/test/scala/testing/mathstat/VectorD_T.scala:261:28 [0m[0m[0m
[0m[[0m[31merror[0m] [0m[0m[31m261 |[0m                            VectorD ([33mfor[0m i <- x.indices [33myield[0m x(i) + s))[0m
[0m[[0m[31merror[0m] [0m[0m[31m[31m    |[0m                            ^^^^^^^[0m[0m
[0m[[0m[31merror[0m] [0m[0m[31m    |[0m                            Not found: VectorD[0m
[0m[[0m[31merror[0m] [0m[0m[31m    |---------------------------------------------------------------------------[0m[0m
[0m[[0m[31merror[0m] [0m[0m[31m    |[0m Explanation (enabled by `-explain`)[0m
[0m[[0m[31merror[0m] [0m[0m[31m    |- - - - - - - - - - - - - - - - - - - - - - - - - - - - - - - - - - - - - -[0m[0m
[0m[[0m[31merror[0m] [0m[0m[31m    |[0m The identifier for `VectorD` is not bound, that is,[0m
[0m[[0m[31merror[0m] [0m[0m[31m    |[0m no declaration for this identifier can be found.[0m
[0m[[0m[31merror[0m] [0m[0m[31m    |[0m That can happen, for example, if `VectorD` or its declaration has either been[0m
[0m[[0m[31merror[0m] [0m[0m[31m    |[0m misspelt or if an import is missing.[0m
[0m[[0m[31merror[0m] [0m[0m[31m     ---------------------------------------------------------------------------[0m[0m
[0m[[0m[31merror[0m] [0m[0m[34mExplanation[0m[0m
[0m[[0m[31merror[0m] [0m[0m[34m===========[0m[0m
[0m[[0m[31merror[0m] [0m[0mThe identifier for `VectorD` is not bound, that is,[0m
[0m[[0m[31merror[0m] [0m[0mno declaration for this identifier can be found.[0m
[0m[[0m[31merror[0m] [0m[0mThat can happen, for example, if `VectorD` or its declaration has either been[0m
[0m[[0m[31merror[0m] [0m[0mmisspelt or if an import is missing.[0m
[0m[[0m[31merror[0m] [0m[0m[31m[31m-- [E006] Not Found Error: /Users/mac/simulation/scalation_2.0/src/test/scala/testing/mathstat/VectorD_T.scala:265:28 [0m[0m[0m
[0m[[0m[31merror[0m] [0m[0m[31m265 |[0m                            VectorD ([33mfor[0m i <- x.indices [33myield[0m x(i) - y(i)))[0m
[0m[[0m[31merror[0m] [0m[0m[31m[31m    |[0m                            ^^^^^^^[0m[0m
[0m[[0m[31merror[0m] [0m[0m[31m    |[0m                            Not found: VectorD[0m
[0m[[0m[31merror[0m] [0m[0m[31m    |---------------------------------------------------------------------------[0m[0m
[0m[[0m[31merror[0m] [0m[0m[31m    |[0m Explanation (enabled by `-explain`)[0m
[0m[[0m[31merror[0m] [0m[0m[31m    |- - - - - - - - - - - - - - - - - - - - - - - - - - - - - - - - - - - - - -[0m[0m
[0m[[0m[31merror[0m] [0m[0m[31m    |[0m The identifier for `VectorD` is not bound, that is,[0m
[0m[[0m[31merror[0m] [0m[0m[31m    |[0m no declaration for this identifier can be found.[0m
[0m[[0m[31merror[0m] [0m[0m[31m    |[0m That can happen, for example, if `VectorD` or its declaration has either been[0m
[0m[[0m[31merror[0m] [0m[0m[31m    |[0m misspelt or if an import is missing.[0m
[0m[[0m[31merror[0m] [0m[0m[31m     ---------------------------------------------------------------------------[0m[0m
[0m[[0m[31merror[0m] [0m[0m[34mExplanation[0m[0m
[0m[[0m[31merror[0m] [0m[0m[34m===========[0m[0m
[0m[[0m[31merror[0m] [0m[0mThe identifier for `VectorD` is not bound, that is,[0m
[0m[[0m[31merror[0m] [0m[0mno declaration for this identifier can be found.[0m
[0m[[0m[31merror[0m] [0m[0mThat can happen, for example, if `VectorD` or its declaration has either been[0m
[0m[[0m[31merror[0m] [0m[0mmisspelt or if an import is missing.[0m
[0m[[0m[31merror[0m] [0m[0m[31m[31m-- [E006] Not Found Error: /Users/mac/simulation/scalation_2.0/src/test/scala/testing/mathstat/VectorD_T.scala:267:28 [0m[0m[0m
[0m[[0m[31merror[0m] [0m[0m[31m267 |[0m                            VectorD ([33mfor[0m i <- x.indices [33myield[0m x(i) - s))[0m
[0m[[0m[31merror[0m] [0m[0m[31m[31m    |[0m                            ^^^^^^^[0m[0m
[0m[[0m[31merror[0m] [0m[0m[31m    |[0m                            Not found: VectorD[0m
[0m[[0m[31merror[0m] [0m[0m[31m    |---------------------------------------------------------------------------[0m[0m
[0m[[0m[31merror[0m] [0m[0m[31m    |[0m Explanation (enabled by `-explain`)[0m
[0m[[0m[31merror[0m] [0m[0m[31m    |- - - - - - - - - - - - - - - - - - - - - - - - - - - - - - - - - - - - - -[0m[0m
[0m[[0m[31merror[0m] [0m[0m[31m    |[0m The identifier for `VectorD` is not bound, that is,[0m
[0m[[0m[31merror[0m] [0m[0m[31m    |[0m no declaration for this identifier can be found.[0m
[0m[[0m[31merror[0m] [0m[0m[31m    |[0m That can happen, for example, if `VectorD` or its declaration has either been[0m
[0m[[0m[31merror[0m] [0m[0m[31m    |[0m misspelt or if an import is missing.[0m
[0m[[0m[31merror[0m] [0m[0m[31m     ---------------------------------------------------------------------------[0m[0m
[0m[[0m[31merror[0m] [0m[0m[34mExplanation[0m[0m
[0m[[0m[31merror[0m] [0m[0m[34m===========[0m[0m
[0m[[0m[31merror[0m] [0m[0mThe identifier for `VectorD` is not bound, that is,[0m
[0m[[0m[31merror[0m] [0m[0mno declaration for this identifier can be found.[0m
[0m[[0m[31merror[0m] [0m[0mThat can happen, for example, if `VectorD` or its declaration has either been[0m
[0m[[0m[31merror[0m] [0m[0mmisspelt or if an import is missing.[0m
[0m[[0m[31merror[0m] [0m[0m[31m[31m-- [E006] Not Found Error: /Users/mac/simulation/scalation_2.0/src/test/scala/testing/mathstat/VectorD_T.scala:271:28 [0m[0m[0m
[0m[[0m[31merror[0m] [0m[0m[31m271 |[0m                            VectorD ([33mfor[0m i <- x.indices [33myield[0m x(i) * y(i)))[0m
[0m[[0m[31merror[0m] [0m[0m[31m[31m    |[0m                            ^^^^^^^[0m[0m
[0m[[0m[31merror[0m] [0m[0m[31m    |[0m                            Not found: VectorD[0m
[0m[[0m[31merror[0m] [0m[0m[31m    |---------------------------------------------------------------------------[0m[0m
[0m[[0m[31merror[0m] [0m[0m[31m    |[0m Explanation (enabled by `-explain`)[0m
[0m[[0m[31merror[0m] [0m[0m[31m    |- - - - - - - - - - - - - - - - - - - - - - - - - - - - - - - - - - - - - -[0m[0m
[0m[[0m[31merror[0m] [0m[0m[31m    |[0m The identifier for `VectorD` is not bound, that is,[0m
[0m[[0m[31merror[0m] [0m[0m[31m    |[0m no declaration for this identifier can be found.[0m
[0m[[0m[31merror[0m] [0m[0m[31m    |[0m That can happen, for example, if `VectorD` or its declaration has either been[0m
[0m[[0m[31merror[0m] [0m[0m[31m    |[0m misspelt or if an import is missing.[0m
[0m[[0m[31merror[0m] [0m[0m[31m     ---------------------------------------------------------------------------[0m[0m
[0m[[0m[31merror[0m] [0m[0m[34mExplanation[0m[0m
[0m[[0m[31merror[0m] [0m[0m[34m===========[0m[0m
[0m[[0m[31merror[0m] [0m[0mThe identifier for `VectorD` is not bound, that is,[0m
[0m[[0m[31merror[0m] [0m[0mno declaration for this identifier can be found.[0m
[0m[[0m[31merror[0m] [0m[0mThat can happen, for example, if `VectorD` or its declaration has either been[0m
[0m[[0m[31merror[0m] [0m[0mmisspelt or if an import is missing.[0m
[0m[[0m[31merror[0m] [0m[0m[31m[31m-- [E006] Not Found Error: /Users/mac/simulation/scalation_2.0/src/test/scala/testing/mathstat/VectorD_T.scala:273:28 [0m[0m[0m
[0m[[0m[31merror[0m] [0m[0m[31m273 |[0m                            VectorD ([33mfor[0m i <- x.indices [33myield[0m x(i) * s))[0m
[0m[[0m[31merror[0m] [0m[0m[31m[31m    |[0m                            ^^^^^^^[0m[0m
[0m[[0m[31merror[0m] [0m[0m[31m    |[0m                            Not found: VectorD[0m
[0m[[0m[31merror[0m] [0m[0m[31m    |---------------------------------------------------------------------------[0m[0m
[0m[[0m[31merror[0m] [0m[0m[31m    |[0m Explanation (enabled by `-explain`)[0m
[0m[[0m[31merror[0m] [0m[0m[31m    |- - - - - - - - - - - - - - - - - - - - - - - - - - - - - - - - - - - - - -[0m[0m
[0m[[0m[31merror[0m] [0m[0m[31m    |[0m The identifier for `VectorD` is not bound, that is,[0m
[0m[[0m[31merror[0m] [0m[0m[31m    |[0m no declaration for this identifier can be found.[0m
[0m[[0m[31merror[0m] [0m[0m[31m    |[0m That can happen, for example, if `VectorD` or its declaration has either been[0m
[0m[[0m[31merror[0m] [0m[0m[31m    |[0m misspelt or if an import is missing.[0m
[0m[[0m[31merror[0m] [0m[0m[31m     ---------------------------------------------------------------------------[0m[0m
[0m[[0m[31merror[0m] [0m[0m[34mExplanation[0m[0m
[0m[[0m[31merror[0m] [0m[0m[34m===========[0m[0m
[0m[[0m[31merror[0m] [0m[0mThe identifier for `VectorD` is not bound, that is,[0m
[0m[[0m[31merror[0m] [0m[0mno declaration for this identifier can be found.[0m
[0m[[0m[31merror[0m] [0m[0mThat can happen, for example, if `VectorD` or its declaration has either been[0m
[0m[[0m[31merror[0m] [0m[0mmisspelt or if an import is missing.[0m
[0m[[0m[31merror[0m] [0m[0m[31m[31m-- [E006] Not Found Error: /Users/mac/simulation/scalation_2.0/src/test/scala/testing/mathstat/VectorD_T.scala:275:28 [0m[0m[0m
[0m[[0m[31merror[0m] [0m[0m[31m275 |[0m                            VectorD ([33mfor[0m i <- x.indices [33myield[0m x(i) / y(i)))[0m
[0m[[0m[31merror[0m] [0m[0m[31m[31m    |[0m                            ^^^^^^^[0m[0m
[0m[[0m[31merror[0m] [0m[0m[31m    |[0m                            Not found: VectorD[0m
[0m[[0m[31merror[0m] [0m[0m[31m    |---------------------------------------------------------------------------[0m[0m
[0m[[0m[31merror[0m] [0m[0m[31m    |[0m Explanation (enabled by `-explain`)[0m
[0m[[0m[31merror[0m] [0m[0m[31m    |- - - - - - - - - - - - - - - - - - - - - - - - - - - - - - - - - - - - - -[0m[0m
[0m[[0m[31merror[0m] [0m[0m[31m    |[0m The identifier for `VectorD` is not bound, that is,[0m
[0m[[0m[31merror[0m] [0m[0m[31m    |[0m no declaration for this identifier can be found.[0m
[0m[[0m[31merror[0m] [0m[0m[31m    |[0m That can happen, for example, if `VectorD` or its declaration has either been[0m
[0m[[0m[31merror[0m] [0m[0m[31m    |[0m misspelt or if an import is missing.[0m
[0m[[0m[31merror[0m] [0m[0m[31m     ---------------------------------------------------------------------------[0m[0m
[0m[[0m[31merror[0m] [0m[0m[34mExplanation[0m[0m
[0m[[0m[31merror[0m] [0m[0m[34m===========[0m[0m
[0m[[0m[31merror[0m] [0m[0mThe identifier for `VectorD` is not bound, that is,[0m
[0m[[0m[31merror[0m] [0m[0mno declaration for this identifier can be found.[0m
[0m[[0m[31merror[0m] [0m[0mThat can happen, for example, if `VectorD` or its declaration has either been[0m
[0m[[0m[31merror[0m] [0m[0mmisspelt or if an import is missing.[0m
[0m[[0m[31merror[0m] [0m[0m[31m[31m-- [E006] Not Found Error: /Users/mac/simulation/scalation_2.0/src/test/scala/testing/mathstat/VectorD_T.scala:277:28 [0m[0m[0m
[0m[[0m[31merror[0m] [0m[0m[31m277 |[0m                            VectorD ([33mfor[0m i <- x.indices [33myield[0m x(i) / s))[0m
[0m[[0m[31merror[0m] [0m[0m[31m[31m    |[0m                            ^^^^^^^[0m[0m
[0m[[0m[31merror[0m] [0m[0m[31m    |[0m                            Not found: VectorD[0m
[0m[[0m[31merror[0m] [0m[0m[31m    |---------------------------------------------------------------------------[0m[0m
[0m[[0m[31merror[0m] [0m[0m[31m    |[0m Explanation (enabled by `-explain`)[0m
[0m[[0m[31merror[0m] [0m[0m[31m    |- - - - - - - - - - - - - - - - - - - - - - - - - - - - - - - - - - - - - -[0m[0m
[0m[[0m[31merror[0m] [0m[0m[31m    |[0m The identifier for `VectorD` is not bound, that is,[0m
[0m[[0m[31merror[0m] [0m[0m[31m    |[0m no declaration for this identifier can be found.[0m
[0m[[0m[31merror[0m] [0m[0m[31m    |[0m That can happen, for example, if `VectorD` or its declaration has either been[0m
[0m[[0m[31merror[0m] [0m[0m[31m    |[0m misspelt or if an import is missing.[0m
[0m[[0m[31merror[0m] [0m[0m[31m     ---------------------------------------------------------------------------[0m[0m
[0m[[0m[31merror[0m] [0m[0m[34mExplanation[0m[0m
[0m[[0m[31merror[0m] [0m[0m[34m===========[0m[0m
[0m[[0m[31merror[0m] [0m[0mThe identifier for `VectorD` is not bound, that is,[0m
[0m[[0m[31merror[0m] [0m[0mno declaration for this identifier can be found.[0m
[0m[[0m[31merror[0m] [0m[0mThat can happen, for example, if `VectorD` or its declaration has either been[0m
[0m[[0m[31merror[0m] [0m[0mmisspelt or if an import is missing.[0m
[0m[[0m[31merror[0m] [0m[0m[31m[31m-- [E006] Not Found Error: /Users/mac/simulation/scalation_2.0/src/test/scala/testing/mathstat/VectorD_T.scala:279:28 [0m[0m[0m
[0m[[0m[31merror[0m] [0m[0m[31m279 |[0m                            VectorD ([33mfor[0m i <- x.indices [33myield[0m x(i) ~^ s))          [34m// FIX: may fail [0m[0m
[0m[[0m[31merror[0m] [0m[0m[31m[31m    |[0m                            ^^^^^^^[0m[0m
[0m[[0m[31merror[0m] [0m[0m[31m    |[0m                            Not found: VectorD[0m
[0m[[0m[31merror[0m] [0m[0m[31m    |---------------------------------------------------------------------------[0m[0m
[0m[[0m[31merror[0m] [0m[0m[31m    |[0m Explanation (enabled by `-explain`)[0m
[0m[[0m[31merror[0m] [0m[0m[31m    |- - - - - - - - - - - - - - - - - - - - - - - - - - - - - - - - - - - - - -[0m[0m
[0m[[0m[31merror[0m] [0m[0m[31m    |[0m The identifier for `VectorD` is not bound, that is,[0m
[0m[[0m[31merror[0m] [0m[0m[31m    |[0m no declaration for this identifier can be found.[0m
[0m[[0m[31merror[0m] [0m[0m[31m    |[0m That can happen, for example, if `VectorD` or its declaration has either been[0m
[0m[[0m[31merror[0m] [0m[0m[31m    |[0m misspelt or if an import is missing.[0m
[0m[[0m[31merror[0m] [0m[0m[31m     ---------------------------------------------------------------------------[0m[0m
[0m[[0m[31merror[0m] [0m[0m[34mExplanation[0m[0m
[0m[[0m[31merror[0m] [0m[0m[34m===========[0m[0m
[0m[[0m[31merror[0m] [0m[0mThe identifier for `VectorD` is not bound, that is,[0m
[0m[[0m[31merror[0m] [0m[0mno declaration for this identifier can be found.[0m
[0m[[0m[31merror[0m] [0m[0mThat can happen, for example, if `VectorD` or its declaration has either been[0m
[0m[[0m[31merror[0m] [0m[0mmisspelt or if an import is missing.[0m
[0m[[0m[31merror[0m] [0m[0m[31m[31m-- [E006] Not Found Error: /Users/mac/simulation/scalation_2.0/src/test/scala/testing/mathstat/VectorD_T.scala:283:28 [0m[0m[0m
[0m[[0m[31merror[0m] [0m[0m[31m283 |[0m                            VectorD ([33mfor[0m z <- x [33mif[0m z > s [33myield[0m z))[0m
[0m[[0m[31merror[0m] [0m[0m[31m[31m    |[0m                            ^^^^^^^[0m[0m
[0m[[0m[31merror[0m] [0m[0m[31m    |[0m                            Not found: VectorD[0m
[0m[[0m[31merror[0m] [0m[0m[31m    |---------------------------------------------------------------------------[0m[0m
[0m[[0m[31merror[0m] [0m[0m[31m    |[0m Explanation (enabled by `-explain`)[0m
[0m[[0m[31merror[0m] [0m[0m[31m    |- - - - - - - - - - - - - - - - - - - - - - - - - - - - - - - - - - - - - -[0m[0m
[0m[[0m[31merror[0m] [0m[0m[31m    |[0m The identifier for `VectorD` is not bound, that is,[0m
[0m[[0m[31merror[0m] [0m[0m[31m    |[0m no declaration for this identifier can be found.[0m
[0m[[0m[31merror[0m] [0m[0m[31m    |[0m That can happen, for example, if `VectorD` or its declaration has either been[0m
[0m[[0m[31merror[0m] [0m[0m[31m    |[0m misspelt or if an import is missing.[0m
[0m[[0m[31merror[0m] [0m[0m[31m     ---------------------------------------------------------------------------[0m[0m
[0m[[0m[31merror[0m] [0m[0m[34mExplanation[0m[0m
[0m[[0m[31merror[0m] [0m[0m[34m===========[0m[0m
[0m[[0m[31merror[0m] [0m[0mThe identifier for `VectorD` is not bound, that is,[0m
[0m[[0m[31merror[0m] [0m[0mno declaration for this identifier can be found.[0m
[0m[[0m[31merror[0m] [0m[0mThat can happen, for example, if `VectorD` or its declaration has either been[0m
[0m[[0m[31merror[0m] [0m[0mmisspelt or if an import is missing.[0m
[0m[[0m[31merror[0m] [0m[0m[31m[31m-- [E006] Not Found Error: /Users/mac/simulation/scalation_2.0/src/test/scala/testing/mathstat/VectorD_T.scala:284:28 [0m[0m[0m
[0m[[0m[31merror[0m] [0m[0m[31m284 |[0m    test ([31m"filterPos"[0m,      VectorI (x.filterPos (_ > s)),[0m
[0m[[0m[31merror[0m] [0m[0m[31m[31m    |[0m                            ^^^^^^^[0m[0m
[0m[[0m[31merror[0m] [0m[0m[31m    |[0m                            Not found: VectorI[0m
[0m[[0m[31merror[0m] [0m[0m[31m    |---------------------------------------------------------------------------[0m[0m
[0m[[0m[31merror[0m] [0m[0m[31m    |[0m Explanation (enabled by `-explain`)[0m
[0m[[0m[31merror[0m] [0m[0m[31m    |- - - - - - - - - - - - - - - - - - - - - - - - - - - - - - - - - - - - - -[0m[0m
[0m[[0m[31merror[0m] [0m[0m[31m    |[0m The identifier for `VectorI` is not bound, that is,[0m
[0m[[0m[31merror[0m] [0m[0m[31m    |[0m no declaration for this identifier can be found.[0m
[0m[[0m[31merror[0m] [0m[0m[31m    |[0m That can happen, for example, if `VectorI` or its declaration has either been[0m
[0m[[0m[31merror[0m] [0m[0m[31m    |[0m misspelt or if an import is missing.[0m
[0m[[0m[31merror[0m] [0m[0m[31m     ---------------------------------------------------------------------------[0m[0m
[0m[[0m[31merror[0m] [0m[0m[34mExplanation[0m[0m
[0m[[0m[31merror[0m] [0m[0m[34m===========[0m[0m
[0m[[0m[31merror[0m] [0m[0mThe identifier for `VectorI` is not bound, that is,[0m
[0m[[0m[31merror[0m] [0m[0mno declaration for this identifier can be found.[0m
[0m[[0m[31merror[0m] [0m[0mThat can happen, for example, if `VectorI` or its declaration has either been[0m
[0m[[0m[31merror[0m] [0m[0mmisspelt or if an import is missing.[0m
[0m[[0m[31merror[0m] [0m[0m[31m[31m-- [E006] Not Found Error: /Users/mac/simulation/scalation_2.0/src/test/scala/testing/mathstat/VectorD_T.scala:285:28 [0m[0m[0m
[0m[[0m[31merror[0m] [0m[0m[31m285 |[0m                            VectorI (x.zipWithIndex.filter (_._1 > s).map (_._2)))[0m
[0m[[0m[31merror[0m] [0m[0m[31m[31m    |[0m                            ^^^^^^^[0m[0m
[0m[[0m[31merror[0m] [0m[0m[31m    |[0m                            Not found: VectorI[0m
[0m[[0m[31merror[0m] [0m[0m[31m    |---------------------------------------------------------------------------[0m[0m
[0m[[0m[31merror[0m] [0m[0m[31m    |[0m Explanation (enabled by `-explain`)[0m
[0m[[0m[31merror[0m] [0m[0m[31m    |- - - - - - - - - - - - - - - - - - - - - - - - - - - - - - - - - - - - - -[0m[0m
[0m[[0m[31merror[0m] [0m[0m[31m    |[0m The identifier for `VectorI` is not bound, that is,[0m
[0m[[0m[31merror[0m] [0m[0m[31m    |[0m no declaration for this identifier can be found.[0m
[0m[[0m[31merror[0m] [0m[0m[31m    |[0m That can happen, for example, if `VectorI` or its declaration has either been[0m
[0m[[0m[31merror[0m] [0m[0m[31m    |[0m misspelt or if an import is missing.[0m
[0m[[0m[31merror[0m] [0m[0m[31m     ---------------------------------------------------------------------------[0m[0m
[0m[[0m[31merror[0m] [0m[0m[34mExplanation[0m[0m
[0m[[0m[31merror[0m] [0m[0m[34m===========[0m[0m
[0m[[0m[31merror[0m] [0m[0mThe identifier for `VectorI` is not bound, that is,[0m
[0m[[0m[31merror[0m] [0m[0mno declaration for this identifier can be found.[0m
[0m[[0m[31merror[0m] [0m[0mThat can happen, for example, if `VectorI` or its declaration has either been[0m
[0m[[0m[31merror[0m] [0m[0mmisspelt or if an import is missing.[0m
[0m[[0m[31merror[0m] [0m[0m[31m[31m-- [E006] Not Found Error: /Users/mac/simulation/scalation_2.0/src/test/scala/testing/mathstat/VectorD_T.scala:287:28 [0m[0m[0m
[0m[[0m[31merror[0m] [0m[0m[31m287 |[0m                            VectorD ([33mfor[0m z <- x [33myield[0m z * s))[0m
[0m[[0m[31merror[0m] [0m[0m[31m[31m    |[0m                            ^^^^^^^[0m[0m
[0m[[0m[31merror[0m] [0m[0m[31m    |[0m                            Not found: VectorD[0m
[0m[[0m[31merror[0m] [0m[0m[31m    |---------------------------------------------------------------------------[0m[0m
[0m[[0m[31merror[0m] [0m[0m[31m    |[0m Explanation (enabled by `-explain`)[0m
[0m[[0m[31merror[0m] [0m[0m[31m    |- - - - - - - - - - - - - - - - - - - - - - - - - - - - - - - - - - - - - -[0m[0m
[0m[[0m[31merror[0m] [0m[0m[31m    |[0m The identifier for `VectorD` is not bound, that is,[0m
[0m[[0m[31merror[0m] [0m[0m[31m    |[0m no declaration for this identifier can be found.[0m
[0m[[0m[31merror[0m] [0m[0m[31m    |[0m That can happen, for example, if `VectorD` or its declaration has either been[0m
[0m[[0m[31merror[0m] [0m[0m[31m    |[0m misspelt or if an import is missing.[0m
[0m[[0m[31merror[0m] [0m[0m[31m     ---------------------------------------------------------------------------[0m[0m
[0m[[0m[31merror[0m] [0m[0m[34mExplanation[0m[0m
[0m[[0m[31merror[0m] [0m[0m[34m===========[0m[0m
[0m[[0m[31merror[0m] [0m[0mThe identifier for `VectorD` is not bound, that is,[0m
[0m[[0m[31merror[0m] [0m[0mno declaration for this identifier can be found.[0m
[0m[[0m[31merror[0m] [0m[0mThat can happen, for example, if `VectorD` or its declaration has either been[0m
[0m[[0m[31merror[0m] [0m[0mmisspelt or if an import is missing.[0m
[0m[[0m[31merror[0m] [0m[0m[31m[31m-- [E006] Not Found Error: /Users/mac/simulation/scalation_2.0/src/test/scala/testing/mathstat/VectorD_T.scala:289:28 [0m[0m[0m
[0m[[0m[31merror[0m] [0m[0m[31m289 |[0m                            VectorD ([33mfor[0m i <- x.indices [33myield[0m x(i) max y(i)))[0m
[0m[[0m[31merror[0m] [0m[0m[31m[31m    |[0m                            ^^^^^^^[0m[0m
[0m[[0m[31merror[0m] [0m[0m[31m    |[0m                            Not found: VectorD[0m
[0m[[0m[31merror[0m] [0m[0m[31m    |---------------------------------------------------------------------------[0m[0m
[0m[[0m[31merror[0m] [0m[0m[31m    |[0m Explanation (enabled by `-explain`)[0m
[0m[[0m[31merror[0m] [0m[0m[31m    |- - - - - - - - - - - - - - - - - - - - - - - - - - - - - - - - - - - - - -[0m[0m
[0m[[0m[31merror[0m] [0m[0m[31m    |[0m The identifier for `VectorD` is not bound, that is,[0m
[0m[[0m[31merror[0m] [0m[0m[31m    |[0m no declaration for this identifier can be found.[0m
[0m[[0m[31merror[0m] [0m[0m[31m    |[0m That can happen, for example, if `VectorD` or its declaration has either been[0m
[0m[[0m[31merror[0m] [0m[0m[31m    |[0m misspelt or if an import is missing.[0m
[0m[[0m[31merror[0m] [0m[0m[31m     ---------------------------------------------------------------------------[0m[0m
[0m[[0m[31merror[0m] [0m[0m[34mExplanation[0m[0m
[0m[[0m[31merror[0m] [0m[0m[34m===========[0m[0m
[0m[[0m[31merror[0m] [0m[0mThe identifier for `VectorD` is not bound, that is,[0m
[0m[[0m[31merror[0m] [0m[0mno declaration for this identifier can be found.[0m
[0m[[0m[31merror[0m] [0m[0mThat can happen, for example, if `VectorD` or its declaration has either been[0m
[0m[[0m[31merror[0m] [0m[0mmisspelt or if an import is missing.[0m
[0m[[0m[31merror[0m] [0m[0m[31m[31m-- [E006] Not Found Error: /Users/mac/simulation/scalation_2.0/src/test/scala/testing/mathstat/VectorD_T.scala:291:28 [0m[0m[0m
[0m[[0m[31merror[0m] [0m[0m[31m291 |[0m                            VectorD ([33mfor[0m i <- x.indices [33myield[0m x(i) min y(i)))[0m
[0m[[0m[31merror[0m] [0m[0m[31m[31m    |[0m                            ^^^^^^^[0m[0m
[0m[[0m[31merror[0m] [0m[0m[31m    |[0m                            Not found: VectorD[0m
[0m[[0m[31merror[0m] [0m[0m[31m    |---------------------------------------------------------------------------[0m[0m
[0m[[0m[31merror[0m] [0m[0m[31m    |[0m Explanation (enabled by `-explain`)[0m
[0m[[0m[31merror[0m] [0m[0m[31m    |- - - - - - - - - - - - - - - - - - - - - - - - - - - - - - - - - - - - - -[0m[0m
[0m[[0m[31merror[0m] [0m[0m[31m    |[0m The identifier for `VectorD` is not bound, that is,[0m
[0m[[0m[31merror[0m] [0m[0m[31m    |[0m no declaration for this identifier can be found.[0m
[0m[[0m[31merror[0m] [0m[0m[31m    |[0m That can happen, for example, if `VectorD` or its declaration has either been[0m
[0m[[0m[31merror[0m] [0m[0m[31m    |[0m misspelt or if an import is missing.[0m
[0m[[0m[31merror[0m] [0m[0m[31m     ---------------------------------------------------------------------------[0m[0m
[0m[[0m[31merror[0m] [0m[0m[34mExplanation[0m[0m
[0m[[0m[31merror[0m] [0m[0m[34m===========[0m[0m
[0m[[0m[31merror[0m] [0m[0mThe identifier for `VectorD` is not bound, that is,[0m
[0m[[0m[31merror[0m] [0m[0mno declaration for this identifier can be found.[0m
[0m[[0m[31merror[0m] [0m[0mThat can happen, for example, if `VectorD` or its declaration has either been[0m
[0m[[0m[31merror[0m] [0m[0mmisspelt or if an import is missing.[0m
[0m[[0m[31merror[0m] [0m[0m[31m[31m-- [E006] Not Found Error: /Users/mac/simulation/scalation_2.0/src/test/scala/testing/mathstat/VectorD_T.scala:293:32 [0m[0m[0m
[0m[[0m[31merror[0m] [0m[0m[31m293 |[0m                            [33mnew[0m [35mVectorD[0m (x.dim, Array.fill (x.dim)(s)))[0m
[0m[[0m[31merror[0m] [0m[0m[31m[31m    |[0m                                ^^^^^^^[0m[0m
[0m[[0m[31merror[0m] [0m[0m[31m    |[0m                                Not found: type VectorD[0m
[0m[[0m[31merror[0m] [0m[0m[31m    |---------------------------------------------------------------------------[0m[0m
[0m[[0m[31merror[0m] [0m[0m[31m    |[0m Explanation (enabled by `-explain`)[0m
[0m[[0m[31merror[0m] [0m[0m[31m    |- - - - - - - - - - - - - - - - - - - - - - - - - - - - - - - - - - - - - -[0m[0m
[0m[[0m[31merror[0m] [0m[0m[31m    |[0m The identifier for `type VectorD` is not bound, that is,[0m
[0m[[0m[31merror[0m] [0m[0m[31m    |[0m no declaration for this identifier can be found.[0m
[0m[[0m[31merror[0m] [0m[0m[31m    |[0m That can happen, for example, if `VectorD` or its declaration has either been[0m
[0m[[0m[31merror[0m] [0m[0m[31m    |[0m misspelt or if an import is missing.[0m
[0m[[0m[31merror[0m] [0m[0m[31m     ---------------------------------------------------------------------------[0m[0m
[0m[[0m[31merror[0m] [0m[0m[34mExplanation[0m[0m
[0m[[0m[31merror[0m] [0m[0m[34m===========[0m[0m
[0m[[0m[31merror[0m] [0m[0mThe identifier for `type VectorD` is not bound, that is,[0m
[0m[[0m[31merror[0m] [0m[0mno declaration for this identifier can be found.[0m
[0m[[0m[31merror[0m] [0m[0mThat can happen, for example, if `VectorD` or its declaration has either been[0m
[0m[[0m[31merror[0m] [0m[0mmisspelt or if an import is missing.[0m
[0m[[0m[31merror[0m] [0m[0m[31m[31m-- [E006] Not Found Error: /Users/mac/simulation/scalation_2.0/src/test/scala/testing/mathstat/VectorD_T.scala:295:28 [0m[0m[0m
[0m[[0m[31merror[0m] [0m[0m[31m295 |[0m                            VectorD ([33mfor[0m z <- y [33myield[0m z))[0m
[0m[[0m[31merror[0m] [0m[0m[31m[31m    |[0m                            ^^^^^^^[0m[0m
[0m[[0m[31merror[0m] [0m[0m[31m    |[0m                            Not found: VectorD[0m
[0m[[0m[31merror[0m] [0m[0m[31m    |---------------------------------------------------------------------------[0m[0m
[0m[[0m[31merror[0m] [0m[0m[31m    |[0m Explanation (enabled by `-explain`)[0m
[0m[[0m[31merror[0m] [0m[0m[31m    |- - - - - - - - - - - - - - - - - - - - - - - - - - - - - - - - - - - - - -[0m[0m
[0m[[0m[31merror[0m] [0m[0m[31m    |[0m The identifier for `VectorD` is not bound, that is,[0m
[0m[[0m[31merror[0m] [0m[0m[31m    |[0m no declaration for this identifier can be found.[0m
[0m[[0m[31merror[0m] [0m[0m[31m    |[0m That can happen, for example, if `VectorD` or its declaration has either been[0m
[0m[[0m[31merror[0m] [0m[0m[31m    |[0m misspelt or if an import is missing.[0m
[0m[[0m[31merror[0m] [0m[0m[31m     ---------------------------------------------------------------------------[0m[0m
[0m[[0m[31merror[0m] [0m[0m[34mExplanation[0m[0m
[0m[[0m[31merror[0m] [0m[0m[34m===========[0m[0m
[0m[[0m[31merror[0m] [0m[0mThe identifier for `VectorD` is not bound, that is,[0m
[0m[[0m[31merror[0m] [0m[0mno declaration for this identifier can be found.[0m
[0m[[0m[31merror[0m] [0m[0mThat can happen, for example, if `VectorD` or its declaration has either been[0m
[0m[[0m[31merror[0m] [0m[0mmisspelt or if an import is missing.[0m
[0m[[0m[31merror[0m] [0m[0m37 errors found[0m
[0m[[0m[31merror[0m] [0m[0m(Test / [31mcompileIncremental[0m) Compilation failed[0m
[0m[[0m[31merror[0m] [0m[0mTotal time: 58 s, completed Feb 1, 2024, 10:15:35 PM[0m
[0m[[0m[0mdebug[0m] [0m[0m> Exec(idea-shell, None, None)[0m
