[0m[[0m[0mdebug[0m] [0m[0m> Exec(all {file:/Users/mac/simulation/scalation_2.0/}scalation/products {file:/Users/mac/simulation/scalation_2.0/}scalation/test:products, None, None)[0m
[0m[[0m[0mdebug[0m] [0m[0mEvaluating tasks: Compile / products, Test / products[0m
[0m[[0m[0mdebug[0m] [0m[0mRunning task... Cancel: Signal, check cycles: false, forcegc: true[0m
[0m[[0m[0minfo[0m] [0m[0mcompiling 8 Scala sources to /Users/mac/simulation/scalation_2.0/target/scala-3.3.1/classes ...[0m
[0m[[0m[31merror[0m] [0m[0merror while loading Monitor$package,[0m
[0m[[0m[31merror[0m] [0m[0m/Users/mac/simulation/scalation_2.0/target/scala-3.3.1/classes/scalation/simulation/Monitor$package.class[0m
[0m[[0m[31merror[0m] [0m[0merror while loading NH_PoissonProcess$package,[0m
[0m[[0m[31merror[0m] [0m[0m/Users/mac/simulation/scalation_2.0/target/scala-3.3.1/classes/scalation/simulation/NH_PoissonProcess$package.class[0m
[0m[[0m[31merror[0m] [0m[0merror while loading PoissonProcess$package,[0m
[0m[[0m[31merror[0m] [0m[0m/Users/mac/simulation/scalation_2.0/target/scala-3.3.1/classes/scalation/simulation/PoissonProcess$package.class[0m
[0m[[0m[31merror[0m] [0m[0merror while loading Ex_Template$package,[0m
[0m[[0m[31merror[0m] [0m[0m/Users/mac/simulation/scalation_2.0/target/scala-3.3.1/classes/scalation/simulation/process/Ex_Template$package.class[0m
[0m[[0m[31merror[0m] [0m[0merror while loading Path$package,[0m
[0m[[0m[31merror[0m] [0m[0m/Users/mac/simulation/scalation_2.0/target/scala-3.3.1/classes/scalation/simulation/process/Path$package.class[0m
[0m[[0m[31merror[0m] [0m[0merror while loading Source$package,[0m
[0m[[0m[31merror[0m] [0m[0m/Users/mac/simulation/scalation_2.0/target/scala-3.3.1/classes/scalation/simulation/process/Source$package.class[0m
[0m[[0m[31merror[0m] [0m[0merror while loading VSource$package,[0m
[0m[[0m[31merror[0m] [0m[0m/Users/mac/simulation/scalation_2.0/target/scala-3.3.1/classes/scalation/simulation/process/VSource$package.class[0m
[0m[[0m[31merror[0m] [0m[0merror while loading Bank$package,[0m
[0m[[0m[31merror[0m] [0m[0m/Users/mac/simulation/scalation_2.0/target/scala-3.3.1/classes/scalation/simulation/process/example_1/Bank$package.class[0m
[0m[[0m[31merror[0m] [0m[0merror while loading CallCenter$package,[0m
[0m[[0m[31merror[0m] [0m[0m/Users/mac/simulation/scalation_2.0/target/scala-3.3.1/classes/scalation/simulation/process/example_1/CallCenter$package.class[0m
[0m[[0m[31merror[0m] [0m[0merror while loading EmerDept$package,[0m
[0m[[0m[31merror[0m] [0m[0m/Users/mac/simulation/scalation_2.0/target/scala-3.3.1/classes/scalation/simulation/process/example_1/EmerDept$package.class[0m
[0m[[0m[31merror[0m] [0m[0merror while loading Loop$package,[0m
[0m[[0m[31merror[0m] [0m[0m/Users/mac/simulation/scalation_2.0/target/scala-3.3.1/classes/scalation/simulation/process/example_1/Loop$package.class[0m
[0m[[0m[31merror[0m] [0m[0merror while loading Machine$package,[0m
[0m[[0m[31merror[0m] [0m[0m/Users/mac/simulation/scalation_2.0/target/scala-3.3.1/classes/scalation/simulation/process/example_1/Machine$package.class[0m
[0m[[0m[31merror[0m] [0m[0merror while loading OneWayStreet$package,[0m
[0m[[0m[31merror[0m] [0m[0m/Users/mac/simulation/scalation_2.0/target/scala-3.3.1/classes/scalation/simulation/process/example_1/OneWayStreet$package.class[0m
[0m[[0m[31merror[0m] [0m[0merror while loading OneWayVehicle$package,[0m
[0m[[0m[31merror[0m] [0m[0m/Users/mac/simulation/scalation_2.0/target/scala-3.3.1/classes/scalation/simulation/process/example_1/OneWayVehicle$package.class[0m
[0m[[0m[31merror[0m] [0m[0merror while loading OneWayVehicle3L$package,[0m
[0m[[0m[31merror[0m] [0m[0m/Users/mac/simulation/scalation_2.0/target/scala-3.3.1/classes/scalation/simulation/process/example_1/OneWayVehicle3L$package.class[0m
[0m[[0m[31merror[0m] [0m[0merror while loading Road$package,[0m
[0m[[0m[31merror[0m] [0m[0m/Users/mac/simulation/scalation_2.0/target/scala-3.3.1/classes/scalation/simulation/process/example_1/Road$package.class[0m
[0m[[0m[31merror[0m] [0m[0merror while loading Traffic$package,[0m
[0m[[0m[31merror[0m] [0m[0m/Users/mac/simulation/scalation_2.0/target/scala-3.3.1/classes/scalation/simulation/process/example_1/Traffic$package.class[0m
[0m[[0m[31merror[0m] [0m[0merror while loading TrafficDyn$package,[0m
[0m[[0m[31merror[0m] [0m[0m/Users/mac/simulation/scalation_2.0/target/scala-3.3.1/classes/scalation/simulation/process/example_1/TrafficDyn$package.class[0m
[0m[[0m[31merror[0m] [0m[0merror while loading TrafficTurn$package,[0m
[0m[[0m[31merror[0m] [0m[0m/Users/mac/simulation/scalation_2.0/target/scala-3.3.1/classes/scalation/simulation/process/example_1/TrafficTurn$package.class[0m
[0m[[0m[31merror[0m] [0m[0merror while loading UGA_Bus$package,[0m
[0m[[0m[31merror[0m] [0m[0m/Users/mac/simulation/scalation_2.0/target/scala-3.3.1/classes/scalation/simulation/process/example_1/UGA_Bus$package.class[0m
[0m[[0m[31merror[0m] [0m[0m[31m[31m-- [E006] Not Found Error: /Users/mac/simulation/scalation_2.0/src/main/scala/scalation/simulation/process/example_1/OneWayVehicle2L.scala:37:12 [0m[0m[0m
[0m[[0m[31merror[0m] [0m[0m[31m37 |[0m    [33mextends[0m Model (name, reps, animating , aniRatio):[0m
[0m[[0m[31merror[0m] [0m[0m[31m[31m   |[0m            ^^^^^[0m[0m
[0m[[0m[31merror[0m] [0m[0m[31m   |[0m            Not found: type Model[0m
[0m[[0m[31merror[0m] [0m[0m[31m   |----------------------------------------------------------------------------[0m[0m
[0m[[0m[31merror[0m] [0m[0m[31m   |[0m Explanation (enabled by `-explain`)[0m
[0m[[0m[31merror[0m] [0m[0m[31m   |- - - - - - - - - - - - - - - - - - - - - - - - - - - - - - - - - - - - - -[0m[0m
[0m[[0m[31merror[0m] [0m[0m[31m   |[0m The identifier for `type Model` is not bound, that is,[0m
[0m[[0m[31merror[0m] [0m[0m[31m   |[0m no declaration for this identifier can be found.[0m
[0m[[0m[31merror[0m] [0m[0m[31m   |[0m That can happen, for example, if `Model` or its declaration has either been[0m
[0m[[0m[31merror[0m] [0m[0m[31m   |[0m misspelt or if an import is missing.[0m
[0m[[0m[31merror[0m] [0m[0m[31m    ----------------------------------------------------------------------------[0m[0m
[0m[[0m[31merror[0m] [0m[0m[34mExplanation[0m[0m
[0m[[0m[31merror[0m] [0m[0m[34m===========[0m[0m
[0m[[0m[31merror[0m] [0m[0mThe identifier for `type Model` is not bound, that is,[0m
[0m[[0m[31merror[0m] [0m[0mno declaration for this identifier can be found.[0m
[0m[[0m[31merror[0m] [0m[0mThat can happen, for example, if `Model` or its declaration has either been[0m
[0m[[0m[31merror[0m] [0m[0mmisspelt or if an import is missing.[0m
[0m[[0m[31merror[0m] [0m[0m[31m[31m-- [E008] Not Found Error: /Users/mac/simulation/scalation_2.0/src/main/scala/scalation/simulation/process/VTransport.scala:18:27 [0m[0m[0m
[0m[[0m[31merror[0m] [0m[0m[31m18 |[0m[33mimport[0m scalation.animation.CommandType._[0m
[0m[[0m[31merror[0m] [0m[0m[31m[31m   |[0m       ^^^^^^^^^^^^^^^^^^^^^^^^^^^^^^^[0m[0m
[0m[[0m[31merror[0m] [0m[0m[31m   |[0m       value CommandType is not a member of scalation.animation[0m
[0m[[0m[31merror[0m] [0m[0m[31m[31m-- [E008] Not Found Error: /Users/mac/simulation/scalation_2.0/src/main/scala/scalation/simulation/process/Route.scala:16:27 [0m[0m[0m
[0m[[0m[31merror[0m] [0m[0m[31m16 |[0m[33mimport[0m scalation.animation.CommandType.*[0m
[0m[[0m[31merror[0m] [0m[0m[31m[31m   |[0m       ^^^^^^^^^^^^^^^^^^^^^^^^^^^^^^^[0m[0m
[0m[[0m[31merror[0m] [0m[0m[31m   |[0m       value CommandType is not a member of scalation.animation[0m
[0m[[0m[31merror[0m] [0m[0m[31m[31m-- [E008] Not Found Error: /Users/mac/simulation/scalation_2.0/src/main/scala/scalation/simulation/process/Checkpoint.scala:18:27 [0m[0m[0m
[0m[[0m[31merror[0m] [0m[0m[31m18 |[0m[33mimport[0m scalation.animation.CommandType._[0m
[0m[[0m[31merror[0m] [0m[0m[31m[31m   |[0m       ^^^^^^^^^^^^^^^^^^^^^^^^^^^^^^^[0m[0m
[0m[[0m[31merror[0m] [0m[0m[31m   |[0m       value CommandType is not a member of scalation.animation[0m
[0m[[0m[31merror[0m] [0m[0m[31m[31m-- [E006] Not Found Error: /Users/mac/simulation/scalation_2.0/src/main/scala/scalation/simulation/process/SimActor.scala:25:50 [0m[0m[0m
[0m[[0m[31merror[0m] [0m[0m[31m25 |[0m[33mabstract[0m [33mclass[0m [35mSimActor[0m ([36mlabel[0m: [35mString[0m, [36mdirector[0m: [35mModel[0m,[0m
[0m[[0m[31merror[0m] [0m[0m[31m[31m   |[0m                                                  ^^^^^[0m[0m
[0m[[0m[31merror[0m] [0m[0m[31m   |[0m                                                  Not found: type Model[0m
[0m[[0m[31merror[0m] [0m[0m[31m   |----------------------------------------------------------------------------[0m[0m
[0m[[0m[31merror[0m] [0m[0m[31m   |[0m Explanation (enabled by `-explain`)[0m
[0m[[0m[31merror[0m] [0m[0m[31m   |- - - - - - - - - - - - - - - - - - - - - - - - - - - - - - - - - - - - - -[0m[0m
[0m[[0m[31merror[0m] [0m[0m[31m   |[0m The identifier for `type Model` is not bound, that is,[0m
[0m[[0m[31merror[0m] [0m[0m[31m   |[0m no declaration for this identifier can be found.[0m
[0m[[0m[31merror[0m] [0m[0m[31m   |[0m That can happen, for example, if `Model` or its declaration has either been[0m
[0m[[0m[31merror[0m] [0m[0m[31m   |[0m misspelt or if an import is missing.[0m
[0m[[0m[31merror[0m] [0m[0m[31m    ----------------------------------------------------------------------------[0m[0m
[0m[[0m[31merror[0m] [0m[0m[34mExplanation[0m[0m
[0m[[0m[31merror[0m] [0m[0m[34m===========[0m[0m
[0m[[0m[31merror[0m] [0m[0mThe identifier for `type Model` is not bound, that is,[0m
[0m[[0m[31merror[0m] [0m[0mno declaration for this identifier can be found.[0m
[0m[[0m[31merror[0m] [0m[0mThat can happen, for example, if `Model` or its declaration has either been[0m
[0m[[0m[31merror[0m] [0m[0mmisspelt or if an import is missing.[0m
[0m[[0m[31merror[0m] [0m[0m[31m[31m-- [E006] Not Found Error: /Users/mac/simulation/scalation_2.0/src/main/scala/scalation/simulation/process/SimActor.scala:27:12 [0m[0m[0m
[0m[[0m[31merror[0m] [0m[0m[31m27 |[0m    [33mextends[0m Coroutine (label)[0m
[0m[[0m[31merror[0m] [0m[0m[31m[31m   |[0m            ^^^^^^^^^[0m[0m
[0m[[0m[31merror[0m] [0m[0m[31m   |[0m            Not found: type Coroutine[0m
[0m[[0m[31merror[0m] [0m[0m[31m   |----------------------------------------------------------------------------[0m[0m
[0m[[0m[31merror[0m] [0m[0m[31m   |[0m Explanation (enabled by `-explain`)[0m
[0m[[0m[31merror[0m] [0m[0m[31m   |- - - - - - - - - - - - - - - - - - - - - - - - - - - - - - - - - - - - - -[0m[0m
[0m[[0m[31merror[0m] [0m[0m[31m   |[0m The identifier for `type Coroutine` is not bound, that is,[0m
[0m[[0m[31merror[0m] [0m[0m[31m   |[0m no declaration for this identifier can be found.[0m
[0m[[0m[31merror[0m] [0m[0m[31m   |[0m That can happen, for example, if `Coroutine` or its declaration has either been[0m
[0m[[0m[31merror[0m] [0m[0m[31m   |[0m misspelt or if an import is missing.[0m
[0m[[0m[31merror[0m] [0m[0m[31m    ----------------------------------------------------------------------------[0m[0m
[0m[[0m[31merror[0m] [0m[0m[34mExplanation[0m[0m
[0m[[0m[31merror[0m] [0m[0m[34m===========[0m[0m
[0m[[0m[31merror[0m] [0m[0mThe identifier for `type Coroutine` is not bound, that is,[0m
[0m[[0m[31merror[0m] [0m[0mno declaration for this identifier can be found.[0m
[0m[[0m[31merror[0m] [0m[0mThat can happen, for example, if `Coroutine` or its declaration has either been[0m
[0m[[0m[31merror[0m] [0m[0mmisspelt or if an import is missing.[0m
[0m[[0m[31merror[0m] [0m[0m[31m[31m-- [E006] Not Found Error: /Users/mac/simulation/scalation_2.0/src/main/scala/scalation/simulation/process/SimActor.scala:28:13 [0m[0m[0m
[0m[[0m[31merror[0m] [0m[0m[31m28 |[0m        [33mwith[0m Temporal[0m
[0m[[0m[31merror[0m] [0m[0m[31m[31m   |[0m             ^^^^^^^^[0m[0m
[0m[[0m[31merror[0m] [0m[0m[31m   |[0m             Not found: type Temporal[0m
[0m[[0m[31merror[0m] [0m[0m[31m   |----------------------------------------------------------------------------[0m[0m
[0m[[0m[31merror[0m] [0m[0m[31m   |[0m Explanation (enabled by `-explain`)[0m
[0m[[0m[31merror[0m] [0m[0m[31m   |- - - - - - - - - - - - - - - - - - - - - - - - - - - - - - - - - - - - - -[0m[0m
[0m[[0m[31merror[0m] [0m[0m[31m   |[0m The identifier for `type Temporal` is not bound, that is,[0m
[0m[[0m[31merror[0m] [0m[0m[31m   |[0m no declaration for this identifier can be found.[0m
[0m[[0m[31merror[0m] [0m[0m[31m   |[0m That can happen, for example, if `Temporal` or its declaration has either been[0m
[0m[[0m[31merror[0m] [0m[0m[31m   |[0m misspelt or if an import is missing.[0m
[0m[[0m[31merror[0m] [0m[0m[31m    ----------------------------------------------------------------------------[0m[0m
[0m[[0m[31merror[0m] [0m[0m[34mExplanation[0m[0m
[0m[[0m[31merror[0m] [0m[0m[34m===========[0m[0m
[0m[[0m[31merror[0m] [0m[0mThe identifier for `type Temporal` is not bound, that is,[0m
[0m[[0m[31merror[0m] [0m[0mno declaration for this identifier can be found.[0m
[0m[[0m[31merror[0m] [0m[0mThat can happen, for example, if `Temporal` or its declaration has either been[0m
[0m[[0m[31merror[0m] [0m[0mmisspelt or if an import is missing.[0m
[0m[[0m[31merror[0m] [0m[0m[31m[31m-- [E006] Not Found Error: /Users/mac/simulation/scalation_2.0/src/main/scala/scalation/simulation/process/SimActor.scala:30:13 [0m[0m[0m
[0m[[0m[31merror[0m] [0m[0m[31m30 |[0m        [33mwith[0m Locatable:[0m
[0m[[0m[31merror[0m] [0m[0m[31m[31m   |[0m             ^^^^^^^^^[0m[0m
[0m[[0m[31merror[0m] [0m[0m[31m   |[0m             Not found: type Locatable[0m
[0m[[0m[31merror[0m] [0m[0m[31m   |----------------------------------------------------------------------------[0m[0m
[0m[[0m[31merror[0m] [0m[0m[31m   |[0m Explanation (enabled by `-explain`)[0m
[0m[[0m[31merror[0m] [0m[0m[31m   |- - - - - - - - - - - - - - - - - - - - - - - - - - - - - - - - - - - - - -[0m[0m
[0m[[0m[31merror[0m] [0m[0m[31m   |[0m The identifier for `type Locatable` is not bound, that is,[0m
[0m[[0m[31merror[0m] [0m[0m[31m   |[0m no declaration for this identifier can be found.[0m
[0m[[0m[31merror[0m] [0m[0m[31m   |[0m That can happen, for example, if `Locatable` or its declaration has either been[0m
[0m[[0m[31merror[0m] [0m[0m[31m   |[0m misspelt or if an import is missing.[0m
[0m[[0m[31merror[0m] [0m[0m[31m    ----------------------------------------------------------------------------[0m[0m
[0m[[0m[31merror[0m] [0m[0m[34mExplanation[0m[0m
[0m[[0m[31merror[0m] [0m[0m[34m===========[0m[0m
[0m[[0m[31merror[0m] [0m[0mThe identifier for `type Locatable` is not bound, that is,[0m
[0m[[0m[31merror[0m] [0m[0mno declaration for this identifier can be found.[0m
[0m[[0m[31merror[0m] [0m[0mThat can happen, for example, if `Locatable` or its declaration has either been[0m
[0m[[0m[31merror[0m] [0m[0mmisspelt or if an import is missing.[0m
[0m[[0m[31merror[0m] [0m[0m[31m[31m-- [E006] Not Found Error: /Users/mac/simulation/scalation_2.0/src/main/scala/scalation/simulation/process/SimActor.scala:32:4 [0m[0m[0m
[0m[[0m[31merror[0m] [0m[0m[31m32 |[0m    name = label                                                  [34m// set the name for this entity `SimActor`[0m[0m
[0m[[0m[31merror[0m] [0m[0m[31m[31m   |[0m    ^^^^[0m[0m
[0m[[0m[31merror[0m] [0m[0m[31m   |[0m    Not found: name[0m
[0m[[0m[31merror[0m] [0m[0m[31m   |----------------------------------------------------------------------------[0m[0m
[0m[[0m[31merror[0m] [0m[0m[31m   |[0m Explanation (enabled by `-explain`)[0m
[0m[[0m[31merror[0m] [0m[0m[31m   |- - - - - - - - - - - - - - - - - - - - - - - - - - - - - - - - - - - - - -[0m[0m
[0m[[0m[31merror[0m] [0m[0m[31m   |[0m The identifier for `name` is not bound, that is,[0m
[0m[[0m[31merror[0m] [0m[0m[31m   |[0m no declaration for this identifier can be found.[0m
[0m[[0m[31merror[0m] [0m[0m[31m   |[0m That can happen, for example, if `name` or its declaration has either been[0m
[0m[[0m[31merror[0m] [0m[0m[31m   |[0m misspelt or if an import is missing.[0m
[0m[[0m[31merror[0m] [0m[0m[31m    ----------------------------------------------------------------------------[0m[0m
[0m[[0m[31merror[0m] [0m[0m[34mExplanation[0m[0m
[0m[[0m[31merror[0m] [0m[0m[34m===========[0m[0m
[0m[[0m[31merror[0m] [0m[0mThe identifier for `name` is not bound, that is,[0m
[0m[[0m[31merror[0m] [0m[0mno declaration for this identifier can be found.[0m
[0m[[0m[31merror[0m] [0m[0mThat can happen, for example, if `name` or its declaration has either been[0m
[0m[[0m[31merror[0m] [0m[0mmisspelt or if an import is missing.[0m
[0m[[0m[31merror[0m] [0m[0m[31m[31m-- [E006] Not Found Error: /Users/mac/simulation/scalation_2.0/src/main/scala/scalation/simulation/process/SimActor.scala:36:23 [0m[0m[0m
[0m[[0m[31merror[0m] [0m[0m[31m36 |[0m    [33mvar[0m [36mnextTransport[0m: [35mTransport[0m = [31mnull[0m                           [34m// next `Transport` to move along for this entity `SimActor`[0m[0m
[0m[[0m[31merror[0m] [0m[0m[31m[31m   |[0m                       ^^^^^^^^^[0m[0m
[0m[[0m[31merror[0m] [0m[0m[31m   |[0m                       Not found: type Transport[0m
[0m[[0m[31merror[0m] [0m[0m[31m   |----------------------------------------------------------------------------[0m[0m
[0m[[0m[31merror[0m] [0m[0m[31m   |[0m Explanation (enabled by `-explain`)[0m
[0m[[0m[31merror[0m] [0m[0m[31m   |- - - - - - - - - - - - - - - - - - - - - - - - - - - - - - - - - - - - - -[0m[0m
[0m[[0m[31merror[0m] [0m[0m[31m   |[0m The identifier for `type Transport` is not bound, that is,[0m
[0m[[0m[31merror[0m] [0m[0m[31m   |[0m no declaration for this identifier can be found.[0m
[0m[[0m[31merror[0m] [0m[0m[31m   |[0m That can happen, for example, if `Transport` or its declaration has either been[0m
[0m[[0m[31merror[0m] [0m[0m[31m   |[0m misspelt or if an import is missing.[0m
[0m[[0m[31merror[0m] [0m[0m[31m    ----------------------------------------------------------------------------[0m[0m
[0m[[0m[31merror[0m] [0m[0m[34mExplanation[0m[0m
[0m[[0m[31merror[0m] [0m[0m[34m===========[0m[0m
[0m[[0m[31merror[0m] [0m[0mThe identifier for `type Transport` is not bound, that is,[0m
[0m[[0m[31merror[0m] [0m[0mno declaration for this identifier can be found.[0m
[0m[[0m[31merror[0m] [0m[0mThat can happen, for example, if `Transport` or its declaration has either been[0m
[0m[[0m[31merror[0m] [0m[0mmisspelt or if an import is missing.[0m
[0m[[0m[31merror[0m] [0m[0m[31m[31m-- [E006] Not Found Error: /Users/mac/simulation/scalation_2.0/src/main/scala/scalation/simulation/process/SimActor.scala:41:36 [0m[0m[0m
[0m[[0m[31merror[0m] [0m[0m[31m41 |[0m    [33mprivate[0m [process] [33mvar[0m mySource: Source = [31mnull[0m                 [34m// `Source` that created this entity `SimActor`[0m[0m
[0m[[0m[31merror[0m] [0m[0m[31m[31m   |[0m                                    ^^^^^^[0m[0m
[0m[[0m[31merror[0m] [0m[0m[31m   |[0m                                    Not found: type Source[0m
[0m[[0m[31merror[0m] [0m[0m[31m   |----------------------------------------------------------------------------[0m[0m
[0m[[0m[31merror[0m] [0m[0m[31m   |[0m Explanation (enabled by `-explain`)[0m
[0m[[0m[31merror[0m] [0m[0m[31m   |- - - - - - - - - - - - - - - - - - - - - - - - - - - - - - - - - - - - - -[0m[0m
[0m[[0m[31merror[0m] [0m[0m[31m   |[0m The identifier for `type Source` is not bound, that is,[0m
[0m[[0m[31merror[0m] [0m[0m[31m   |[0m no declaration for this identifier can be found.[0m
[0m[[0m[31merror[0m] [0m[0m[31m   |[0m That can happen, for example, if `Source` or its declaration has either been[0m
[0m[[0m[31merror[0m] [0m[0m[31m   |[0m misspelt or if an import is missing.[0m
[0m[[0m[31merror[0m] [0m[0m[31m    ----------------------------------------------------------------------------[0m[0m
[0m[[0m[31merror[0m] [0m[0m[34mExplanation[0m[0m
[0m[[0m[31merror[0m] [0m[0m[34m===========[0m[0m
[0m[[0m[31merror[0m] [0m[0mThe identifier for `type Source` is not bound, that is,[0m
[0m[[0m[31merror[0m] [0m[0mno declaration for this identifier can be found.[0m
[0m[[0m[31merror[0m] [0m[0mThat can happen, for example, if `Source` or its declaration has either been[0m
[0m[[0m[31merror[0m] [0m[0mmisspelt or if an import is missing.[0m
[0m[[0m[31merror[0m] [0m[0m[31m[31m-- [E008] Not Found Error: /Users/mac/simulation/scalation_2.0/src/main/scala/scalation/simulation/process/SimActor.scala:66:49 [0m[0m[0m
[0m[[0m[31merror[0m] [0m[0m[31m66 |[0m    [33mdef[0m [36mcompare[0m ([36mactor2[0m: [35mSimActor[0m): [35mInt[0m = actor2.actTime compare actTime[0m
[0m[[0m[31merror[0m] [0m[0m[31m[31m   |[0m                                          ^^^^^^^^^^^^^^[0m[0m
[0m[[0m[31merror[0m] [0m[0m[31m   |[0m  value actTime is not a member of scalation.simulation.process.SimActor[0m
[0m[[0m[31merror[0m] [0m[0m[31m[31m-- [E006] Not Found Error: /Users/mac/simulation/scalation_2.0/src/main/scala/scalation/simulation/process/SimActor.scala:79:8 [0m[0m[0m
[0m[[0m[31merror[0m] [0m[0m[31m79 |[0m        actTime = director.clock + delay[0m
[0m[[0m[31merror[0m] [0m[0m[31m[31m   |[0m        ^^^^^^^[0m[0m
[0m[[0m[31merror[0m] [0m[0m[31m   |[0m        Not found: actTime[0m
[0m[[0m[31merror[0m] [0m[0m[31m   |----------------------------------------------------------------------------[0m[0m
[0m[[0m[31merror[0m] [0m[0m[31m   |[0m Explanation (enabled by `-explain`)[0m
[0m[[0m[31merror[0m] [0m[0m[31m   |- - - - - - - - - - - - - - - - - - - - - - - - - - - - - - - - - - - - - -[0m[0m
[0m[[0m[31merror[0m] [0m[0m[31m   |[0m The identifier for `actTime` is not bound, that is,[0m
[0m[[0m[31merror[0m] [0m[0m[31m   |[0m no declaration for this identifier can be found.[0m
[0m[[0m[31merror[0m] [0m[0m[31m   |[0m That can happen, for example, if `actTime` or its declaration has either been[0m
[0m[[0m[31merror[0m] [0m[0m[31m   |[0m misspelt or if an import is missing.[0m
[0m[[0m[31merror[0m] [0m[0m[31m    ----------------------------------------------------------------------------[0m[0m
[0m[[0m[31merror[0m] [0m[0m[34mExplanation[0m[0m
[0m[[0m[31merror[0m] [0m[0m[34m===========[0m[0m
[0m[[0m[31merror[0m] [0m[0mThe identifier for `actTime` is not bound, that is,[0m
[0m[[0m[31merror[0m] [0m[0mno declaration for this identifier can be found.[0m
[0m[[0m[31merror[0m] [0m[0mThat can happen, for example, if `actTime` or its declaration has either been[0m
[0m[[0m[31merror[0m] [0m[0mmisspelt or if an import is missing.[0m
[0m[[0m[31merror[0m] [0m[0m[31m[31m-- [E006] Not Found Error: /Users/mac/simulation/scalation_2.0/src/main/scala/scalation/simulation/process/SimActor.scala:89:8 [0m[0m[0m
[0m[[0m[31merror[0m] [0m[0m[31m89 |[0m        yyield (director, quit)[0m
[0m[[0m[31merror[0m] [0m[0m[31m[31m   |[0m        ^^^^^^[0m[0m
[0m[[0m[31merror[0m] [0m[0m[31m   |[0m        Not found: yyield[0m
[0m[[0m[31merror[0m] [0m[0m[31m   |----------------------------------------------------------------------------[0m[0m
[0m[[0m[31merror[0m] [0m[0m[31m   |[0m Explanation (enabled by `-explain`)[0m
[0m[[0m[31merror[0m] [0m[0m[31m   |- - - - - - - - - - - - - - - - - - - - - - - - - - - - - - - - - - - - - -[0m[0m
[0m[[0m[31merror[0m] [0m[0m[31m   |[0m The identifier for `yyield` is not bound, that is,[0m
[0m[[0m[31merror[0m] [0m[0m[31m   |[0m no declaration for this identifier can be found.[0m
[0m[[0m[31merror[0m] [0m[0m[31m   |[0m That can happen, for example, if `yyield` or its declaration has either been[0m
[0m[[0m[31merror[0m] [0m[0m[31m   |[0m misspelt or if an import is missing.[0m
[0m[[0m[31merror[0m] [0m[0m[31m    ----------------------------------------------------------------------------[0m[0m
[0m[[0m[31merror[0m] [0m[0m[34mExplanation[0m[0m
[0m[[0m[31merror[0m] [0m[0m[34m===========[0m[0m
[0m[[0m[31merror[0m] [0m[0mThe identifier for `yyield` is not bound, that is,[0m
[0m[[0m[31merror[0m] [0m[0mno declaration for this identifier can be found.[0m
[0m[[0m[31merror[0m] [0m[0mThat can happen, for example, if `yyield` or its declaration has either been[0m
[0m[[0m[31merror[0m] [0m[0mmisspelt or if an import is missing.[0m
[0m[[0m[31merror[0m] [0m[0m[31m[31m-- [E006] Not Found Error: /Users/mac/simulation/scalation_2.0/src/main/scala/scalation/simulation/process/SimActor.scala:95:49 [0m[0m[0m
[0m[[0m[31merror[0m] [0m[0m[31m95 |[0m    [33moverride[0m [33mdef[0m toString: String = [31ms"SimActor ([0m$me[31m with cor_id [0m$id[31m at [0m$actTime[31m)"[0m[0m
[0m[[0m[31merror[0m] [0m[0m[31m[31m   |[0m                                                 ^^[0m[0m
[0m[[0m[31merror[0m] [0m[0m[31m   |[0m                                                 Not found: me[0m
[0m[[0m[31merror[0m] [0m[0m[31m   |----------------------------------------------------------------------------[0m[0m
[0m[[0m[31merror[0m] [0m[0m[31m   |[0m Explanation (enabled by `-explain`)[0m
[0m[[0m[31merror[0m] [0m[0m[31m   |- - - - - - - - - - - - - - - - - - - - - - - - - - - - - - - - - - - - - -[0m[0m
[0m[[0m[31merror[0m] [0m[0m[31m   |[0m The identifier for `me` is not bound, that is,[0m
[0m[[0m[31merror[0m] [0m[0m[31m   |[0m no declaration for this identifier can be found.[0m
[0m[[0m[31merror[0m] [0m[0m[31m   |[0m That can happen, for example, if `me` or its declaration has either been[0m
[0m[[0m[31merror[0m] [0m[0m[31m   |[0m misspelt or if an import is missing.[0m
[0m[[0m[31merror[0m] [0m[0m[31m    ----------------------------------------------------------------------------[0m[0m
[0m[[0m[31merror[0m] [0m[0m[34mExplanation[0m[0m
[0m[[0m[31merror[0m] [0m[0m[34m===========[0m[0m
[0m[[0m[31merror[0m] [0m[0mThe identifier for `me` is not bound, that is,[0m
[0m[[0m[31merror[0m] [0m[0mno declaration for this identifier can be found.[0m
[0m[[0m[31merror[0m] [0m[0mThat can happen, for example, if `me` or its declaration has either been[0m
[0m[[0m[31merror[0m] [0m[0mmisspelt or if an import is missing.[0m
[0m[[0m[31merror[0m] [0m[0m[31m[31m-- [E006] Not Found Error: /Users/mac/simulation/scalation_2.0/src/main/scala/scalation/simulation/process/SimActor.scala:95:72 [0m[0m[0m
[0m[[0m[31merror[0m] [0m[0m[31m95 |[0m    [33moverride[0m [33mdef[0m toString: String = [31ms"SimActor ([0m$me[31m with cor_id [0m$id[31m at [0m$actTime[31m)"[0m[0m
[0m[[0m[31merror[0m] [0m[0m[31m[31m   |[0m                                                                        ^^^^^^^[0m[0m
[0m[[0m[31merror[0m] [0m[0m[31m   |[0m                                                      Not found: actTime[0m
[0m[[0m[31merror[0m] [0m[0m[31m   |----------------------------------------------------------------------------[0m[0m
[0m[[0m[31merror[0m] [0m[0m[31m   |[0m Explanation (enabled by `-explain`)[0m
[0m[[0m[31merror[0m] [0m[0m[31m   |- - - - - - - - - - - - - - - - - - - - - - - - - - - - - - - - - - - - - -[0m[0m
[0m[[0m[31merror[0m] [0m[0m[31m   |[0m The identifier for `actTime` is not bound, that is,[0m
[0m[[0m[31merror[0m] [0m[0m[31m   |[0m no declaration for this identifier can be found.[0m
[0m[[0m[31merror[0m] [0m[0m[31m   |[0m That can happen, for example, if `actTime` or its declaration has either been[0m
[0m[[0m[31merror[0m] [0m[0m[31m   |[0m misspelt or if an import is missing.[0m
[0m[[0m[31merror[0m] [0m[0m[31m    ----------------------------------------------------------------------------[0m[0m
[0m[[0m[31merror[0m] [0m[0m[34mExplanation[0m[0m
[0m[[0m[31merror[0m] [0m[0m[34m===========[0m[0m
[0m[[0m[31merror[0m] [0m[0mThe identifier for `actTime` is not bound, that is,[0m
[0m[[0m[31merror[0m] [0m[0mno declaration for this identifier can be found.[0m
[0m[[0m[31merror[0m] [0m[0mThat can happen, for example, if `actTime` or its declaration has either been[0m
[0m[[0m[31merror[0m] [0m[0mmisspelt or if an import is missing.[0m
[0m[[0m[31merror[0m] [0m[0m[31m[31m-- [E008] Not Found Error: /Users/mac/simulation/scalation_2.0/src/main/scala/scalation/simulation/process/Vehicle.scala:155:24 [0m[0m[0m
[0m[[0m[31merror[0m] [0m[0m[31m155 |[0m[33mimport[0m scalation.random.Uniform[0m
[0m[[0m[31merror[0m] [0m[0m[31m[31m    |[0m                        ^^^^^^^[0m[0m
[0m[[0m[31merror[0m] [0m[0m[31m    |[0m                     value Uniform is not a member of scalation.random[0m
[0m[[0m[31merror[0m] [0m[0m[31m[31m-- [E006] Not Found Error: /Users/mac/simulation/scalation_2.0/src/main/scala/scalation/simulation/process/Vehicle.scala:162:50 [0m[0m[0m
[0m[[0m[31merror[0m] [0m[0m[31m162 |[0m[33mabstract[0m [33mclass[0m [35mVehicle[0m ([36mname_[0m : [35mString[0m, [36mdirector[0m: [35mModel[0m)[0m
[0m[[0m[31merror[0m] [0m[0m[31m[31m    |[0m                                                  ^^^^^[0m[0m
[0m[[0m[31merror[0m] [0m[0m[31m    |[0m                                                 Not found: type Model[0m
[0m[[0m[31merror[0m] [0m[0m[31m    |---------------------------------------------------------------------------[0m[0m
[0m[[0m[31merror[0m] [0m[0m[31m    |[0m Explanation (enabled by `-explain`)[0m
[0m[[0m[31merror[0m] [0m[0m[31m    |- - - - - - - - - - - - - - - - - - - - - - - - - - - - - - - - - - - - - -[0m[0m
[0m[[0m[31merror[0m] [0m[0m[31m    |[0m The identifier for `type Model` is not bound, that is,[0m
[0m[[0m[31merror[0m] [0m[0m[31m    |[0m no declaration for this identifier can be found.[0m
[0m[[0m[31merror[0m] [0m[0m[31m    |[0m That can happen, for example, if `Model` or its declaration has either been[0m
[0m[[0m[31merror[0m] [0m[0m[31m    |[0m misspelt or if an import is missing.[0m
[0m[[0m[31merror[0m] [0m[0m[31m     ---------------------------------------------------------------------------[0m[0m
[0m[[0m[31merror[0m] [0m[0m[34mExplanation[0m[0m
[0m[[0m[31merror[0m] [0m[0m[34m===========[0m[0m
[0m[[0m[31merror[0m] [0m[0mThe identifier for `type Model` is not bound, that is,[0m
[0m[[0m[31merror[0m] [0m[0mno declaration for this identifier can be found.[0m
[0m[[0m[31merror[0m] [0m[0mThat can happen, for example, if `Model` or its declaration has either been[0m
[0m[[0m[31merror[0m] [0m[0mmisspelt or if an import is missing.[0m
[0m[[0m[31merror[0m] [0m[0m[31m[31m-- [E006] Not Found Error: /Users/mac/simulation/scalation_2.0/src/main/scala/scalation/simulation/process/Vehicle.scala:164:13 [0m[0m[0m
[0m[[0m[31merror[0m] [0m[0m[31m164 |[0m        [33mwith[0m Dynamics:[0m
[0m[[0m[31merror[0m] [0m[0m[31m[31m    |[0m             ^^^^^^^^[0m[0m
[0m[[0m[31merror[0m] [0m[0m[31m    |[0m             Not found: type Dynamics[0m
[0m[[0m[31merror[0m] [0m[0m[31m    |---------------------------------------------------------------------------[0m[0m
[0m[[0m[31merror[0m] [0m[0m[31m    |[0m Explanation (enabled by `-explain`)[0m
[0m[[0m[31merror[0m] [0m[0m[31m    |- - - - - - - - - - - - - - - - - - - - - - - - - - - - - - - - - - - - - -[0m[0m
[0m[[0m[31merror[0m] [0m[0m[31m    |[0m The identifier for `type Dynamics` is not bound, that is,[0m
[0m[[0m[31merror[0m] [0m[0m[31m    |[0m no declaration for this identifier can be found.[0m
[0m[[0m[31merror[0m] [0m[0m[31m    |[0m That can happen, for example, if `Dynamics` or its declaration has either been[0m
[0m[[0m[31merror[0m] [0m[0m[31m    |[0m misspelt or if an import is missing.[0m
[0m[[0m[31merror[0m] [0m[0m[31m     ---------------------------------------------------------------------------[0m[0m
[0m[[0m[31merror[0m] [0m[0m[34mExplanation[0m[0m
[0m[[0m[31merror[0m] [0m[0m[34m===========[0m[0m
[0m[[0m[31merror[0m] [0m[0mThe identifier for `type Dynamics` is not bound, that is,[0m
[0m[[0m[31merror[0m] [0m[0mno declaration for this identifier can be found.[0m
[0m[[0m[31merror[0m] [0m[0mThat can happen, for example, if `Dynamics` or its declaration has either been[0m
[0m[[0m[31merror[0m] [0m[0mmisspelt or if an import is missing.[0m
[0m[[0m[31merror[0m] [0m[0m[31m[31m-- [E006] Not Found Error: /Users/mac/simulation/scalation_2.0/src/main/scala/scalation/simulation/process/Vehicle.scala:198:19 [0m[0m[0m
[0m[[0m[31merror[0m] [0m[0m[31m198 |[0m    [33mval[0m [36mspeedGen[0m = Uniform([31m20.0[0m , [31m40.0[0m)[0m
[0m[[0m[31merror[0m] [0m[0m[31m[31m    |[0m                   ^^^^^^^[0m[0m
[0m[[0m[31merror[0m] [0m[0m[31m    |[0m                   Not found: Uniform[0m
[0m[[0m[31merror[0m] [0m[0m[31m    |---------------------------------------------------------------------------[0m[0m
[0m[[0m[31merror[0m] [0m[0m[31m    |[0m Explanation (enabled by `-explain`)[0m
[0m[[0m[31merror[0m] [0m[0m[31m    |- - - - - - - - - - - - - - - - - - - - - - - - - - - - - - - - - - - - - -[0m[0m
[0m[[0m[31merror[0m] [0m[0m[31m    |[0m The identifier for `Uniform` is not bound, that is,[0m
[0m[[0m[31merror[0m] [0m[0m[31m    |[0m no declaration for this identifier can be found.[0m
[0m[[0m[31merror[0m] [0m[0m[31m    |[0m That can happen, for example, if `Uniform` or its declaration has either been[0m
[0m[[0m[31merror[0m] [0m[0m[31m    |[0m misspelt or if an import is missing.[0m
[0m[[0m[31merror[0m] [0m[0m[31m     ---------------------------------------------------------------------------[0m[0m
[0m[[0m[31merror[0m] [0m[0m[34mExplanation[0m[0m
[0m[[0m[31merror[0m] [0m[0m[34m===========[0m[0m
[0m[[0m[31merror[0m] [0m[0mThe identifier for `Uniform` is not bound, that is,[0m
[0m[[0m[31merror[0m] [0m[0mno declaration for this identifier can be found.[0m
[0m[[0m[31merror[0m] [0m[0mThat can happen, for example, if `Uniform` or its declaration has either been[0m
[0m[[0m[31merror[0m] [0m[0mmisspelt or if an import is missing.[0m
[0m[[0m[31merror[0m] [0m[0m[31m[31m-- [E006] Not Found Error: /Users/mac/simulation/scalation_2.0/src/main/scala/scalation/simulation/process/Vehicle.scala:184:48 [0m[0m[0m
[0m[[0m[31merror[0m] [0m[0m[31m184 |[0m    [33moverride[0m [33mdef[0m toString: String = [31ms"Vehicle ([0m$me[31m at [0m$actTime[31m :sec with cor_id= [0m$id[31m and location (disp) [0m$disp[31m :m )"[0m[0m
[0m[[0m[31merror[0m] [0m[0m[31m[31m    |[0m                                                ^^[0m[0m
[0m[[0m[31merror[0m] [0m[0m[31m    |[0m                                                Not found: me[0m
[0m[[0m[31merror[0m] [0m[0m[31m    |---------------------------------------------------------------------------[0m[0m
[0m[[0m[31merror[0m] [0m[0m[31m    |[0m Explanation (enabled by `-explain`)[0m
[0m[[0m[31merror[0m] [0m[0m[31m    |- - - - - - - - - - - - - - - - - - - - - - - - - - - - - - - - - - - - - -[0m[0m
[0m[[0m[31merror[0m] [0m[0m[31m    |[0m The identifier for `me` is not bound, that is,[0m
[0m[[0m[31merror[0m] [0m[0m[31m    |[0m no declaration for this identifier can be found.[0m
[0m[[0m[31merror[0m] [0m[0m[31m    |[0m That can happen, for example, if `me` or its declaration has either been[0m
[0m[[0m[31merror[0m] [0m[0m[31m    |[0m misspelt or if an import is missing.[0m
[0m[[0m[31merror[0m] [0m[0m[31m     ---------------------------------------------------------------------------[0m[0m
[0m[[0m[31merror[0m] [0m[0m[34mExplanation[0m[0m
[0m[[0m[31merror[0m] [0m[0m[34m===========[0m[0m
[0m[[0m[31merror[0m] [0m[0mThe identifier for `me` is not bound, that is,[0m
[0m[[0m[31merror[0m] [0m[0mno declaration for this identifier can be found.[0m
[0m[[0m[31merror[0m] [0m[0mThat can happen, for example, if `me` or its declaration has either been[0m
[0m[[0m[31merror[0m] [0m[0mmisspelt or if an import is missing.[0m
[0m[[0m[31merror[0m] [0m[0m[31m[31m-- [E006] Not Found Error: /Users/mac/simulation/scalation_2.0/src/main/scala/scalation/simulation/process/Vehicle.scala:184:55 [0m[0m[0m
[0m[[0m[31merror[0m] [0m[0m[31m184 |[0m    [33moverride[0m [33mdef[0m toString: String = [31ms"Vehicle ([0m$me[31m at [0m$actTime[31m :sec with cor_id= [0m$id[31m and location (disp) [0m$disp[31m :m )"[0m[0m
[0m[[0m[31merror[0m] [0m[0m[31m[31m    |[0m                                                       ^^^^^^^[0m[0m
[0m[[0m[31merror[0m] [0m[0m[31m    |[0m                                                    Not found: actTime[0m
[0m[[0m[31merror[0m] [0m[0m[31m    |---------------------------------------------------------------------------[0m[0m
[0m[[0m[31merror[0m] [0m[0m[31m    |[0m Explanation (enabled by `-explain`)[0m
[0m[[0m[31merror[0m] [0m[0m[31m    |- - - - - - - - - - - - - - - - - - - - - - - - - - - - - - - - - - - - - -[0m[0m
[0m[[0m[31merror[0m] [0m[0m[31m    |[0m The identifier for `actTime` is not bound, that is,[0m
[0m[[0m[31merror[0m] [0m[0m[31m    |[0m no declaration for this identifier can be found.[0m
[0m[[0m[31merror[0m] [0m[0m[31m    |[0m That can happen, for example, if `actTime` or its declaration has either been[0m
[0m[[0m[31merror[0m] [0m[0m[31m    |[0m misspelt or if an import is missing.[0m
[0m[[0m[31merror[0m] [0m[0m[31m     ---------------------------------------------------------------------------[0m[0m
[0m[[0m[31merror[0m] [0m[0m[34mExplanation[0m[0m
[0m[[0m[31merror[0m] [0m[0m[34m===========[0m[0m
[0m[[0m[31merror[0m] [0m[0mThe identifier for `actTime` is not bound, that is,[0m
[0m[[0m[31merror[0m] [0m[0mno declaration for this identifier can be found.[0m
[0m[[0m[31merror[0m] [0m[0mThat can happen, for example, if `actTime` or its declaration has either been[0m
[0m[[0m[31merror[0m] [0m[0mmisspelt or if an import is missing.[0m
[0m[[0m[31merror[0m] [0m[0m[31m[31m-- [E006] Not Found Error: /Users/mac/simulation/scalation_2.0/src/main/scala/scalation/simulation/process/Vehicle.scala:184:106 [0m[0m[0m
[0m[[0m[31merror[0m] [0m[0m[31m184 |[0m    [33moverride[0m [33mdef[0m toString: String = [31ms"Vehicle ([0m$me[31m at [0m$actTime[31m :sec with cor_id= [0m$id[31m and location (disp) [0m$disp[31m :m )"[0m[0m
[0m[[0m[31merror[0m] [0m[0m[31m[31m    |[0m                                                                                                          ^^^^[0m[0m
[0m[[0m[31merror[0m] [0m[0m[31m    |[0m                                                       Not found: disp[0m
[0m[[0m[31merror[0m] [0m[0m[31m    |---------------------------------------------------------------------------[0m[0m
[0m[[0m[31merror[0m] [0m[0m[31m    |[0m Explanation (enabled by `-explain`)[0m
[0m[[0m[31merror[0m] [0m[0m[31m    |- - - - - - - - - - - - - - - - - - - - - - - - - - - - - - - - - - - - - -[0m[0m
[0m[[0m[31merror[0m] [0m[0m[31m    |[0m The identifier for `disp` is not bound, that is,[0m
[0m[[0m[31merror[0m] [0m[0m[31m    |[0m no declaration for this identifier can be found.[0m
[0m[[0m[31merror[0m] [0m[0m[31m    |[0m That can happen, for example, if `disp` or its declaration has either been[0m
[0m[[0m[31merror[0m] [0m[0m[31m    |[0m misspelt or if an import is missing.[0m
[0m[[0m[31merror[0m] [0m[0m[31m     ---------------------------------------------------------------------------[0m[0m
[0m[[0m[31merror[0m] [0m[0m[34mExplanation[0m[0m
[0m[[0m[31merror[0m] [0m[0m[34m===========[0m[0m
[0m[[0m[31merror[0m] [0m[0mThe identifier for `disp` is not bound, that is,[0m
[0m[[0m[31merror[0m] [0m[0mno declaration for this identifier can be found.[0m
[0m[[0m[31merror[0m] [0m[0mThat can happen, for example, if `disp` or its declaration has either been[0m
[0m[[0m[31merror[0m] [0m[0mmisspelt or if an import is missing.[0m
[0m[[0m[31merror[0m] [0m[0m[31m[31m-- [E008] Not Found Error: /Users/mac/simulation/scalation_2.0/src/main/scala/scalation/simulation/process/example_1/OneWayVehicle2L.scala:16:25 [0m[0m[0m
[0m[[0m[31merror[0m] [0m[0m[31m16 |[0m[33mimport[0m scalation.random.{Exponential,Bernoulli}[0m
[0m[[0m[31merror[0m] [0m[0m[31m[31m   |[0m                         ^^^^^^^^^^^[0m[0m
[0m[[0m[31merror[0m] [0m[0m[31m   |[0m                   value Exponential is not a member of scalation.random[0m
[0m[[0m[31merror[0m] [0m[0m[31m[31m-- [E008] Not Found Error: /Users/mac/simulation/scalation_2.0/src/main/scala/scalation/simulation/process/example_1/OneWayVehicle2L.scala:16:37 [0m[0m[0m
[0m[[0m[31merror[0m] [0m[0m[31m16 |[0m[33mimport[0m scalation.random.{Exponential,Bernoulli}[0m
[0m[[0m[31merror[0m] [0m[0m[31m[31m   |[0m                                     ^^^^^^^^^[0m[0m
[0m[[0m[31merror[0m] [0m[0m[31m   |[0m                     value Bernoulli is not a member of scalation.random[0m
[0m[[0m[31merror[0m] [0m[0m[31m[31m-- [E006] Not Found Error: /Users/mac/simulation/scalation_2.0/src/main/scala/scalation/simulation/process/example_1/OneWayVehicle2L.scala:47:21 [0m[0m[0m
[0m[[0m[31merror[0m] [0m[0m[31m47 |[0m    [33mval[0m [36miArrivalRV[0m = Exponential (HOUR / lambda, stream)[0m
[0m[[0m[31merror[0m] [0m[0m[31m[31m   |[0m                     ^^^^^^^^^^^[0m[0m
[0m[[0m[31merror[0m] [0m[0m[31m   |[0m                     Not found: Exponential[0m
[0m[[0m[31merror[0m] [0m[0m[31m   |----------------------------------------------------------------------------[0m[0m
[0m[[0m[31merror[0m] [0m[0m[31m   |[0m Explanation (enabled by `-explain`)[0m
[0m[[0m[31merror[0m] [0m[0m[31m   |- - - - - - - - - - - - - - - - - - - - - - - - - - - - - - - - - - - - - -[0m[0m
[0m[[0m[31merror[0m] [0m[0m[31m   |[0m The identifier for `Exponential` is not bound, that is,[0m
[0m[[0m[31merror[0m] [0m[0m[31m   |[0m no declaration for this identifier can be found.[0m
[0m[[0m[31merror[0m] [0m[0m[31m   |[0m That can happen, for example, if `Exponential` or its declaration has either been[0m
[0m[[0m[31merror[0m] [0m[0m[31m   |[0m misspelt or if an import is missing.[0m
[0m[[0m[31merror[0m] [0m[0m[31m    ----------------------------------------------------------------------------[0m[0m
[0m[[0m[31merror[0m] [0m[0m[34mExplanation[0m[0m
[0m[[0m[31merror[0m] [0m[0m[34m===========[0m[0m
[0m[[0m[31merror[0m] [0m[0mThe identifier for `Exponential` is not bound, that is,[0m
[0m[[0m[31merror[0m] [0m[0mno declaration for this identifier can be found.[0m
[0m[[0m[31merror[0m] [0m[0mThat can happen, for example, if `Exponential` or its declaration has either been[0m
[0m[[0m[31merror[0m] [0m[0mmisspelt or if an import is missing.[0m
[0m[[0m[31merror[0m] [0m[0m[31m[31m-- [E006] Not Found Error: /Users/mac/simulation/scalation_2.0/src/main/scala/scalation/simulation/process/example_1/OneWayVehicle2L.scala:50:17 [0m[0m[0m
[0m[[0m[31merror[0m] [0m[0m[31m50 |[0m    [33mval[0m [36mlaneRV[0m = Bernoulli(stream = stream + [31m4[0m)[0m
[0m[[0m[31merror[0m] [0m[0m[31m[31m   |[0m                 ^^^^^^^^^[0m[0m
[0m[[0m[31merror[0m] [0m[0m[31m   |[0m                 Not found: Bernoulli[0m
[0m[[0m[31merror[0m] [0m[0m[31m   |----------------------------------------------------------------------------[0m[0m
[0m[[0m[31merror[0m] [0m[0m[31m   |[0m Explanation (enabled by `-explain`)[0m
[0m[[0m[31merror[0m] [0m[0m[31m   |- - - - - - - - - - - - - - - - - - - - - - - - - - - - - - - - - - - - - -[0m[0m
[0m[[0m[31merror[0m] [0m[0m[31m   |[0m The identifier for `Bernoulli` is not bound, that is,[0m
[0m[[0m[31merror[0m] [0m[0m[31m   |[0m no declaration for this identifier can be found.[0m
[0m[[0m[31merror[0m] [0m[0m[31m   |[0m That can happen, for example, if `Bernoulli` or its declaration has either been[0m
[0m[[0m[31merror[0m] [0m[0m[31m   |[0m misspelt or if an import is missing.[0m
[0m[[0m[31merror[0m] [0m[0m[31m    ----------------------------------------------------------------------------[0m[0m
[0m[[0m[31merror[0m] [0m[0m[34mExplanation[0m[0m
[0m[[0m[31merror[0m] [0m[0m[34m===========[0m[0m
[0m[[0m[31merror[0m] [0m[0mThe identifier for `Bernoulli` is not bound, that is,[0m
[0m[[0m[31merror[0m] [0m[0mno declaration for this identifier can be found.[0m
[0m[[0m[31merror[0m] [0m[0mThat can happen, for example, if `Bernoulli` or its declaration has either been[0m
[0m[[0m[31merror[0m] [0m[0mmisspelt or if an import is missing.[0m
[0m[[0m[31merror[0m] [0m[0m[31m[31m-- [E050] Type Error: /Users/mac/simulation/scalation_2.0/src/main/scala/scalation/simulation/process/example_1/OneWayVehicle2L.scala:55:16 [0m[0m[0m
[0m[[0m[31merror[0m] [0m[0m[31m55 |[0m    [33mval[0m [36mentry[0m = VSource ([31m"entry"[0m, [33mthis[0m, () => Car (), [31m0[0m, nStop, iArrivalRV, ([31m100[0m, [31m290[0m))[0m
[0m[[0m[31merror[0m] [0m[0m[31m[31m   |[0m                ^^^^^^^[0m[0m
[0m[[0m[31merror[0m] [0m[0m[31m   |[0m[33mobject[0m [35mVSource[0m in [33mpackage[0m [35mscalation.simulation.process[0m does not take parameters[0m
[0m[[0m[31merror[0m] [0m[0m[31m   |----------------------------------------------------------------------------[0m[0m
[0m[[0m[31merror[0m] [0m[0m[31m   |[0m Explanation (enabled by `-explain`)[0m
[0m[[0m[31merror[0m] [0m[0m[31m   |- - - - - - - - - - - - - - - - - - - - - - - - - - - - - - - - - - - - - -[0m[0m
[0m[[0m[31merror[0m] [0m[0m[31m   |[0m You have specified more parameter lists than defined in the method definition(s).[0m
[0m[[0m[31merror[0m] [0m[0m[31m    ----------------------------------------------------------------------------[0m[0m
[0m[[0m[31merror[0m] [0m[0m[34mExplanation[0m[0m
[0m[[0m[31merror[0m] [0m[0m[34m===========[0m[0m
[0m[[0m[31merror[0m] [0m[0mYou have specified more parameter lists than defined in the method definition(s).[0m
[0m[[0m[31merror[0m] [0m[0m[31m[31m-- [E050] Type Error: /Users/mac/simulation/scalation_2.0/src/main/scala/scalation/simulation/process/example_1/OneWayVehicle2L.scala:58:16 [0m[0m[0m
[0m[[0m[31merror[0m] [0m[0m[31m58 |[0m    [33mval[0m [36mexit[0m  = Sink ([31m"exit"[0m, ([31m800[0m, [31m290[0m))[0m
[0m[[0m[31merror[0m] [0m[0m[31m[31m   |[0m                ^^^^[0m[0m
[0m[[0m[31merror[0m] [0m[0m[31m   |[0m[33mobject[0m [35mSink[0m in [33mpackage[0m [35mscalation.simulation.process[0m does not take parameters[0m
[0m[[0m[31merror[0m] [0m[0m[31m   |----------------------------------------------------------------------------[0m[0m
[0m[[0m[31merror[0m] [0m[0m[31m   |[0m Explanation (enabled by `-explain`)[0m
[0m[[0m[31merror[0m] [0m[0m[31m   |- - - - - - - - - - - - - - - - - - - - - - - - - - - - - - - - - - - - - -[0m[0m
[0m[[0m[31merror[0m] [0m[0m[31m   |[0m You have specified more parameter lists than defined in the method definition(s).[0m
[0m[[0m[31merror[0m] [0m[0m[31m    ----------------------------------------------------------------------------[0m[0m
[0m[[0m[31merror[0m] [0m[0m[34mExplanation[0m[0m
[0m[[0m[31merror[0m] [0m[0m[34m===========[0m[0m
[0m[[0m[31merror[0m] [0m[0mYou have specified more parameter lists than defined in the method definition(s).[0m
[0m[[0m[31merror[0m] [0m[0m[31m[31m-- [E006] Not Found Error: /Users/mac/simulation/scalation_2.0/src/main/scala/scalation/simulation/process/example_1/OneWayVehicle2L.scala:64:4 [0m[0m[0m
[0m[[0m[31merror[0m] [0m[0m[31m64 |[0m    addComponent (entry,checkpt, exit, route1, route2)                      [34m// Caveat: must add from and to before transport!![0m[0m
[0m[[0m[31merror[0m] [0m[0m[31m[31m   |[0m    ^^^^^^^^^^^^[0m[0m
[0m[[0m[31merror[0m] [0m[0m[31m   |[0m    Not found: addComponent[0m
[0m[[0m[31merror[0m] [0m[0m[31m   |----------------------------------------------------------------------------[0m[0m
[0m[[0m[31merror[0m] [0m[0m[31m   |[0m Explanation (enabled by `-explain`)[0m
[0m[[0m[31merror[0m] [0m[0m[31m   |- - - - - - - - - - - - - - - - - - - - - - - - - - - - - - - - - - - - - -[0m[0m
[0m[[0m[31merror[0m] [0m[0m[31m   |[0m The identifier for `addComponent` is not bound, that is,[0m
[0m[[0m[31merror[0m] [0m[0m[31m   |[0m no declaration for this identifier can be found.[0m
[0m[[0m[31merror[0m] [0m[0m[31m   |[0m That can happen, for example, if `addComponent` or its declaration has either been[0m
[0m[[0m[31merror[0m] [0m[0m[31m   |[0m misspelt or if an import is missing.[0m
[0m[[0m[31merror[0m] [0m[0m[31m    ----------------------------------------------------------------------------[0m[0m
[0m[[0m[31merror[0m] [0m[0m[34mExplanation[0m[0m
[0m[[0m[31merror[0m] [0m[0m[34m===========[0m[0m
[0m[[0m[31merror[0m] [0m[0mThe identifier for `addComponent` is not bound, that is,[0m
[0m[[0m[31merror[0m] [0m[0mno declaration for this identifier can be found.[0m
[0m[[0m[31merror[0m] [0m[0mThat can happen, for example, if `addComponent` or its declaration has either been[0m
[0m[[0m[31merror[0m] [0m[0mmisspelt or if an import is missing.[0m
[0m[[0m[31merror[0m] [0m[0m[31m[31m-- [E008] Not Found Error: /Users/mac/simulation/scalation_2.0/src/main/scala/scalation/simulation/process/example_1/OneWayVehicle2L.scala:80:20 [0m[0m[0m
[0m[[0m[31merror[0m] [0m[0m[31m80 |[0m            [33mif[0m [33mthis[0m.id == [31m12[0m [33mthen[0m[0m
[0m[[0m[31merror[0m] [0m[0m[31m[31m   |[0m               ^^^^^^^[0m[0m
[0m[[0m[31merror[0m] [0m[0m[31m   |[0m               value id is not a member of OneWayVehicle2L.this.Car[0m
[0m[[0m[31merror[0m] [0m[0m[31m[31m-- [E006] Not Found Error: /Users/mac/simulation/scalation_2.0/src/main/scala/scalation/simulation/process/example_1/OneWayVehicle2L.scala:112:4 [0m[0m[0m
[0m[[0m[31merror[0m] [0m[0m[31m112 |[0m    simulate ()[0m
[0m[[0m[31merror[0m] [0m[0m[31m[31m    |[0m    ^^^^^^^^[0m[0m
[0m[[0m[31merror[0m] [0m[0m[31m    |[0m    Not found: simulate[0m
[0m[[0m[31merror[0m] [0m[0m[31m    |---------------------------------------------------------------------------[0m[0m
[0m[[0m[31merror[0m] [0m[0m[31m    |[0m Explanation (enabled by `-explain`)[0m
[0m[[0m[31merror[0m] [0m[0m[31m    |- - - - - - - - - - - - - - - - - - - - - - - - - - - - - - - - - - - - - -[0m[0m
[0m[[0m[31merror[0m] [0m[0m[31m    |[0m The identifier for `simulate` is not bound, that is,[0m
[0m[[0m[31merror[0m] [0m[0m[31m    |[0m no declaration for this identifier can be found.[0m
[0m[[0m[31merror[0m] [0m[0m[31m    |[0m That can happen, for example, if `simulate` or its declaration has either been[0m
[0m[[0m[31merror[0m] [0m[0m[31m    |[0m misspelt or if an import is missing.[0m
[0m[[0m[31merror[0m] [0m[0m[31m     ---------------------------------------------------------------------------[0m[0m
[0m[[0m[31merror[0m] [0m[0m[34mExplanation[0m[0m
[0m[[0m[31merror[0m] [0m[0m[34m===========[0m[0m
[0m[[0m[31merror[0m] [0m[0mThe identifier for `simulate` is not bound, that is,[0m
[0m[[0m[31merror[0m] [0m[0mno declaration for this identifier can be found.[0m
[0m[[0m[31merror[0m] [0m[0mThat can happen, for example, if `simulate` or its declaration has either been[0m
[0m[[0m[31merror[0m] [0m[0mmisspelt or if an import is missing.[0m
[0m[[0m[31merror[0m] [0m[0m[31m[31m-- [E006] Not Found Error: /Users/mac/simulation/scalation_2.0/src/main/scala/scalation/simulation/process/example_1/OneWayVehicle2L.scala:113:4 [0m[0m[0m
[0m[[0m[31merror[0m] [0m[0m[31m113 |[0m    waitFinished ()[0m
[0m[[0m[31merror[0m] [0m[0m[31m[31m    |[0m    ^^^^^^^^^^^^[0m[0m
[0m[[0m[31merror[0m] [0m[0m[31m    |[0m    Not found: waitFinished[0m
[0m[[0m[31merror[0m] [0m[0m[31m    |---------------------------------------------------------------------------[0m[0m
[0m[[0m[31merror[0m] [0m[0m[31m    |[0m Explanation (enabled by `-explain`)[0m
[0m[[0m[31merror[0m] [0m[0m[31m    |- - - - - - - - - - - - - - - - - - - - - - - - - - - - - - - - - - - - - -[0m[0m
[0m[[0m[31merror[0m] [0m[0m[31m    |[0m The identifier for `waitFinished` is not bound, that is,[0m
[0m[[0m[31merror[0m] [0m[0m[31m    |[0m no declaration for this identifier can be found.[0m
[0m[[0m[31merror[0m] [0m[0m[31m    |[0m That can happen, for example, if `waitFinished` or its declaration has either been[0m
[0m[[0m[31merror[0m] [0m[0m[31m    |[0m misspelt or if an import is missing.[0m
[0m[[0m[31merror[0m] [0m[0m[31m     ---------------------------------------------------------------------------[0m[0m
[0m[[0m[31merror[0m] [0m[0m[34mExplanation[0m[0m
[0m[[0m[31merror[0m] [0m[0m[34m===========[0m[0m
[0m[[0m[31merror[0m] [0m[0mThe identifier for `waitFinished` is not bound, that is,[0m
[0m[[0m[31merror[0m] [0m[0mno declaration for this identifier can be found.[0m
[0m[[0m[31merror[0m] [0m[0mThat can happen, for example, if `waitFinished` or its declaration has either been[0m
[0m[[0m[31merror[0m] [0m[0mmisspelt or if an import is missing.[0m
[0m[[0m[31merror[0m] [0m[0m[31m[31m-- [E008] Not Found Error: /Users/mac/simulation/scalation_2.0/src/main/scala/scalation/simulation/process/example_1/OneWayVehicle2L.scala:114:10 [0m[0m[0m
[0m[[0m[31merror[0m] [0m[0m[31m114 |[0m    Model.shutdown ()[0m
[0m[[0m[31merror[0m] [0m[0m[31m[31m    |[0m    ^^^^^^^^^^^^^^[0m[0m
[0m[[0m[31merror[0m] [0m[0m[31m    |[0mvalue shutdown is not a member of object scalation.simulation.process.Model[0m
[0m[[0m[31merror[0m] [0m[0m54 errors found[0m
[0m[[0m[31merror[0m] [0m[0mjava.nio.channels.OverlappingFileLockException[0m
[0m[[0m[31merror[0m] [0m[0m	at java.base/sun.nio.ch.FileLockTable.checkList(FileLockTable.java:229)[0m
[0m[[0m[31merror[0m] [0m[0m	at java.base/sun.nio.ch.FileLockTable.add(FileLockTable.java:123)[0m
[0m[[0m[31merror[0m] [0m[0m	at java.base/sun.nio.ch.FileChannelImpl.lock(FileChannelImpl.java:1475)[0m
[0m[[0m[31merror[0m] [0m[0m	at java.base/java.nio.channels.FileChannel.lock(FileChannel.java:1240)[0m
[0m[[0m[31merror[0m] [0m[0m	at org.jetbrains.plugins.scala.indices.protocol.sbt.Locking$.lock(Locking.scala:23)[0m
[0m[[0m[31merror[0m] [0m[0m	at org.jetbrains.plugins.scala.indices.protocol.sbt.Locking$FileLockingExt$.lock$extension(Locking.scala:51)[0m
[0m[[0m[31merror[0m] [0m[0m	at org.jetbrains.sbt.indices.SbtIntellijIndicesPlugin$.$anonfun$perConfig$4(SbtIntellijIndicesPlugin.scala:63)[0m
[0m[[0m[31merror[0m] [0m[0m	at scala.Function1.$anonfun$compose$1(Function1.scala:49)[0m
[0m[[0m[31merror[0m] [0m[0m	at sbt.internal.util.$tilde$greater.$anonfun$$u2219$1(TypeFunctions.scala:63)[0m
[0m[[0m[31merror[0m] [0m[0m	at sbt.std.Transform$$anon$4.work(Transform.scala:69)[0m
[0m[[0m[31merror[0m] [0m[0m	at sbt.Execute.$anonfun$submit$2(Execute.scala:283)[0m
[0m[[0m[31merror[0m] [0m[0m	at sbt.internal.util.ErrorHandling$.wideConvert(ErrorHandling.scala:24)[0m
[0m[[0m[31merror[0m] [0m[0m	at sbt.Execute.work(Execute.scala:292)[0m
[0m[[0m[31merror[0m] [0m[0m	at sbt.Execute.$anonfun$submit$1(Execute.scala:283)[0m
[0m[[0m[31merror[0m] [0m[0m	at sbt.ConcurrentRestrictions$$anon$4.$anonfun$submitValid$1(ConcurrentRestrictions.scala:265)[0m
[0m[[0m[31merror[0m] [0m[0m	at sbt.CompletionService$$anon$2.call(CompletionService.scala:65)[0m
[0m[[0m[31merror[0m] [0m[0m	at java.base/java.util.concurrent.FutureTask.run(FutureTask.java:317)[0m
[0m[[0m[31merror[0m] [0m[0m	at java.base/java.util.concurrent.Executors$RunnableAdapter.call(Executors.java:572)[0m
[0m[[0m[31merror[0m] [0m[0m	at java.base/java.util.concurrent.FutureTask.run(FutureTask.java:317)[0m
[0m[[0m[31merror[0m] [0m[0m	at java.base/java.util.concurrent.ThreadPoolExecutor.runWorker(ThreadPoolExecutor.java:1144)[0m
[0m[[0m[31merror[0m] [0m[0m	at java.base/java.util.concurrent.ThreadPoolExecutor$Worker.run(ThreadPoolExecutor.java:642)[0m
[0m[[0m[31merror[0m] [0m[0m	at java.base/java.lang.Thread.run(Thread.java:1583)[0m
[0m[[0m[31merror[0m] [0m[0m(Compile / [31mcompileIncremental[0m) Compilation failed[0m
[0m[[0m[31merror[0m] [0m[0m(Test / [31mnotifyIdeaCompilationStart[0m) java.nio.channels.OverlappingFileLockException[0m
[0m[[0m[31merror[0m] [0m[0mTotal time: 12 s, completed Jul 12, 2024, 9:44:24 AM[0m
[0m[[0m[0mdebug[0m] [0m[0m> Exec(idea-shell, None, None)[0m
