2022.10.19 23:53:08 INFO  tracing is disabled for protocol LSP, to enable tracing of incoming and outgoing JSON messages create an empty file at /Users/mac/Downloads/scalation_2.0/.metals/lsp.trace.json or /Users/mac/Library/Caches/org.scalameta.metals/lsp.trace.json
2022.10.19 23:53:09 INFO  logging to file /Users/mac/Downloads/scalation_2.0/.metals/metals.log
2022.10.19 23:53:09 INFO  Started: Metals version 0.11.9 in workspace '/Users/mac/Downloads/scalation_2.0' for client Visual Studio Code 1.70.2.
2022.10.19 23:53:09 WARN  Can't instantiate JavaInteractiveSemanticdb (version: JdkVersion(8), jdkHome: /Library/Internet Plug-Ins/JavaAppletPlugin.plugin/Contents/Home, javac exists: false)
2022.10.19 23:53:10 INFO  time: initialize in 1.32s
2022.10.19 23:53:11 WARN  Build server is not auto-connectable.
2022.10.19 23:53:42 INFO  running '/Library/Internet Plug-Ins/JavaAppletPlugin.plugin/Contents/Home/bin/java -Djline.terminal=jline.UnsupportedTerminal -Dsbt.log.noformat=true -Dfile.encoding=UTF-8 -jar /var/folders/qt/hkk8vv5920j9v2q78yyd3flh0000gn/T/metals8120237069446255757/sbt-launch.jar -Dbloop.export-jar-classifiers=sources bloopInstall'
2022.10.19 23:53:42 WARN  no build target for: /Users/mac/Downloads/scalation_2.0/project/metals.sbt
2022.10.19 23:53:43 WARN  no build target for: /Users/mac/Downloads/scalation_2.0/project/project/metals.sbt
2022.10.19 23:53:43 INFO  skipping build import with status 'Started'
2022.10.19 23:53:50 INFO  [info] welcome to sbt 1.6.1 (Oracle Corporation Java 1.8.0_351)
2022.10.19 23:53:57 INFO  no build target found for /Users/mac/Downloads/scalation_2.0/project/project/metals.sbt. Using presentation compiler with project's scala-library version: 3.2.0
2022.10.19 23:54:05 INFO  [info] loading settings for project scalation_2-0-build-build from metals.sbt ...
2022.10.19 23:54:08 INFO  [info] loading project definition from /Users/mac/Downloads/scalation_2.0/project/project
2022.10.19 23:54:15 INFO  [info] loading settings for project scalation_2-0-build from metals.sbt ...
2022.10.19 23:54:15 INFO  [info] loading project definition from /Users/mac/Downloads/scalation_2.0/project
2022.10.19 23:54:22 INFO  [success] Generated .bloop/scalation_2-0-build.json
2022.10.19 23:54:22 INFO  [success] Total time: 6 s, completed Oct 19, 2022 11:54:22 PM
2022.10.19 23:54:27 INFO  [info] loading settings for project scalation from build.sbt ...
2022.10.19 23:54:27 INFO  [info] set current project to scalation (in build file:/Users/mac/Downloads/scalation_2.0/)
2022.10.19 23:54:30 INFO  [success] Generated .bloop/scalation-test.json
2022.10.19 23:54:30 INFO  [success] Generated .bloop/scalation.json
2022.10.19 23:54:30 INFO  [success] Total time: 3 s, completed Oct 19, 2022 11:54:30 PM
2022.10.19 23:54:31 INFO  time: ran 'sbt bloopInstall' in 48s
2022.10.19 23:54:31 INFO  Attempting to connect to the build server...
2022.10.19 23:54:31 INFO  Setting up current java home /Library/Internet Plug-Ins/JavaAppletPlugin.plugin/Contents/Home in /Users/mac/.bloop/bloop.json
2022.10.19 23:54:41 INFO  tracing is disabled for protocol BSP, to enable tracing of incoming and outgoing JSON messages create an empty file at /Users/mac/Downloads/scalation_2.0/.metals/bsp.trace.json or /Users/mac/Library/Caches/org.scalameta.metals/bsp.trace.json
2022.10.19 23:54:43 INFO  Attempting to connect to the build server...
2022.10.19 23:54:43 INFO  Bloop uses /Library/Internet Plug-Ins/JavaAppletPlugin.plugin/Contents/Home defined at /Users/mac/.bloop/bloop.json
2022.10.19 23:54:43 INFO  tracing is disabled for protocol BSP, to enable tracing of incoming and outgoing JSON messages create an empty file at /Users/mac/Downloads/scalation_2.0/project/.metals/bsp.trace.json or /Users/mac/Library/Caches/org.scalameta.metals/bsp.trace.json
2022.10.19 23:54:45 INFO  time: Connected to build server in 14s
2022.10.19 23:54:45 INFO  Connected to Build server: Bloop v1.5.4
2022.10.19 23:54:45 INFO  time: Imported build in 0.28s
2022.10.19 23:54:58 WARN  Could not find java sources in /Library/Internet Plug-Ins/JavaAppletPlugin.plugin/Contents/src.zip, /Library/Internet Plug-Ins/JavaAppletPlugin.plugin/Contents/lib/src.zip, /Library/Internet Plug-Ins/JavaAppletPlugin.plugin/Contents/Home/src.zip, /Library/Internet Plug-Ins/JavaAppletPlugin.plugin/Contents/Home/lib/src.zip. Java symbols will not be available.
2022.10.19 23:55:03 WARN  Could not find java sources in /Library/Internet Plug-Ins/JavaAppletPlugin.plugin/Contents/src.zip, /Library/Internet Plug-Ins/JavaAppletPlugin.plugin/Contents/lib/src.zip, /Library/Internet Plug-Ins/JavaAppletPlugin.plugin/Contents/Home/src.zip, /Library/Internet Plug-Ins/JavaAppletPlugin.plugin/Contents/Home/lib/src.zip. Java symbols will not be available.
2022.10.19 23:55:03 WARN  Could not find java sources in /Library/Internet Plug-Ins/JavaAppletPlugin.plugin/Contents/src.zip, /Library/Internet Plug-Ins/JavaAppletPlugin.plugin/Contents/lib/src.zip, /Library/Internet Plug-Ins/JavaAppletPlugin.plugin/Contents/Home/src.zip, /Library/Internet Plug-Ins/JavaAppletPlugin.plugin/Contents/Home/lib/src.zip. Java symbols will not be available.
2022.10.19 23:55:03 INFO  time: indexed workspace in 17s
2022.10.19 23:57:46 INFO  compiling scalation (380 scala sources)
2022.10.19 23:58:40 INFO  time: compiled scalation in 53s
2022.10.19 23:58:40 INFO  compiling scalation (380 scala sources)
2022.10.19 23:59:01 INFO  time: compiled scalation in 21s
Oct 19, 2022 11:59:52 PM org.eclipse.lsp4j.jsonrpc.RemoteEndpoint fallbackResponseError
SEVERE: Internal error: scala.meta.internal.metals.debug.DebugProvider$NoRunOptionException$: There is nothing to run or test in the current file.
java.util.concurrent.CompletionException: scala.meta.internal.metals.debug.DebugProvider$NoRunOptionException$: There is nothing to run or test in the current file.
	at java.util.concurrent.CompletableFuture.encodeThrowable(CompletableFuture.java:292)
	at java.util.concurrent.CompletableFuture.completeThrowable(CompletableFuture.java:308)
	at java.util.concurrent.CompletableFuture.uniAccept(CompletableFuture.java:661)
	at java.util.concurrent.CompletableFuture$UniAccept.tryFire(CompletableFuture.java:646)
	at java.util.concurrent.CompletableFuture.uniAcceptStage(CompletableFuture.java:686)
	at java.util.concurrent.CompletableFuture.thenAcceptAsync(CompletableFuture.java:2014)
	at scala.concurrent.java8.FuturesConvertersImpl$CF.thenAccept(FutureConvertersImpl.scala:37)
	at org.eclipse.lsp4j.jsonrpc.RemoteEndpoint.handleRequest(RemoteEndpoint.java:279)
	at org.eclipse.lsp4j.jsonrpc.RemoteEndpoint.consume(RemoteEndpoint.java:190)
	at org.eclipse.lsp4j.jsonrpc.json.StreamMessageProducer.handleMessage(StreamMessageProducer.java:194)
	at org.eclipse.lsp4j.jsonrpc.json.StreamMessageProducer.listen(StreamMessageProducer.java:94)
	at org.eclipse.lsp4j.jsonrpc.json.ConcurrentMessageProcessor.run(ConcurrentMessageProcessor.java:113)
	at java.util.concurrent.Executors$RunnableAdapter.call(Executors.java:511)
	at java.util.concurrent.FutureTask.run(FutureTask.java:266)
	at java.util.concurrent.ThreadPoolExecutor.runWorker(ThreadPoolExecutor.java:1149)
	at java.util.concurrent.ThreadPoolExecutor$Worker.run(ThreadPoolExecutor.java:624)
	at java.lang.Thread.run(Thread.java:750)
Caused by: scala.meta.internal.metals.debug.DebugProvider$NoRunOptionException$: There is nothing to run or test in the current file.
	at scala.meta.internal.metals.debug.DebugProvider$NoRunOptionException$.<clinit>(DebugProvider.scala:877)
	at scala.meta.internal.metals.debug.DebugProvider.$anonfun$resolveInFile$2(DebugProvider.scala:366)
	at scala.Option.fold(Option.scala:263)
	at scala.meta.internal.metals.debug.DebugProvider.resolveInFile(DebugProvider.scala:337)
	at scala.meta.internal.metals.debug.DebugProvider.debugDiscovery(DebugProvider.scala:418)
	at scala.meta.internal.metals.MetalsLanguageServer.executeCommand(MetalsLanguageServer.scala:1963)
	at sun.reflect.NativeMethodAccessorImpl.invoke0(Native Method)
	at sun.reflect.NativeMethodAccessorImpl.invoke(NativeMethodAccessorImpl.java:62)
	at sun.reflect.DelegatingMethodAccessorImpl.invoke(DelegatingMethodAccessorImpl.java:43)
	at java.lang.reflect.Method.invoke(Method.java:498)
	at org.eclipse.lsp4j.jsonrpc.services.GenericEndpoint.lambda$null$0(GenericEndpoint.java:65)
	at org.eclipse.lsp4j.jsonrpc.services.GenericEndpoint.request(GenericEndpoint.java:120)
	at org.eclipse.lsp4j.jsonrpc.RemoteEndpoint.handleRequest(RemoteEndpoint.java:261)
	... 9 more

2022.10.20 00:02:35 INFO  shutting down Metals
2022.10.20 00:02:36 INFO  Shut down connection with build server.
2022.10.20 00:02:36 INFO  Shut down connection with build server.
2022.10.20 00:26:36 INFO  tracing is disabled for protocol LSP, to enable tracing of incoming and outgoing JSON messages create an empty file at /Users/mac/Downloads/scalation_2.0/.metals/lsp.trace.json or /Users/mac/Library/Caches/org.scalameta.metals/lsp.trace.json
2022.10.20 00:26:38 INFO  logging to file /Users/mac/Downloads/scalation_2.0/.metals/metals.log
2022.10.20 00:26:38 INFO  Started: Metals version 0.11.9 in workspace '/Users/mac/Downloads/scalation_2.0' for client Visual Studio Code 1.70.2.
2022.10.20 00:26:38 WARN  Can't instantiate JavaInteractiveSemanticdb (version: JdkVersion(8), jdkHome: /Library/Internet Plug-Ins/JavaAppletPlugin.plugin/Contents/Home, javac exists: false)
2022.10.20 00:26:40 INFO  time: initialize in 1.89s
2022.10.20 00:26:41 INFO  Attempting to connect to the build server...
2022.10.20 00:26:41 INFO  Bloop uses /Library/Internet Plug-Ins/JavaAppletPlugin.plugin/Contents/Home defined at /Users/mac/.bloop/bloop.json
2022.10.20 00:26:41 INFO  skipping build import with status 'Installed'
2022.10.20 00:26:41 INFO  tracing is disabled for protocol BSP, to enable tracing of incoming and outgoing JSON messages create an empty file at /Users/mac/Downloads/scalation_2.0/.metals/bsp.trace.json or /Users/mac/Library/Caches/org.scalameta.metals/bsp.trace.json
2022.10.20 00:26:41 INFO  Attempting to connect to the build server...
2022.10.20 00:26:41 INFO  Bloop uses /Library/Internet Plug-Ins/JavaAppletPlugin.plugin/Contents/Home defined at /Users/mac/.bloop/bloop.json
2022.10.20 00:26:41 INFO  tracing is disabled for protocol BSP, to enable tracing of incoming and outgoing JSON messages create an empty file at /Users/mac/Downloads/scalation_2.0/project/.metals/bsp.trace.json or /Users/mac/Library/Caches/org.scalameta.metals/bsp.trace.json
2022.10.20 00:26:41 INFO  time: Connected to build server in 0.93s
2022.10.20 00:26:41 INFO  Connected to Build server: Bloop v1.5.4
2022.10.20 00:26:42 INFO  time: Imported build in 0.14s
2022.10.20 00:26:57 INFO  time: code lens generation in 12s
2022.10.20 00:26:57 INFO  time: code lens generation in 14s
2022.10.20 00:26:58 WARN  Could not find java sources in /Library/Internet Plug-Ins/JavaAppletPlugin.plugin/Contents/src.zip, /Library/Internet Plug-Ins/JavaAppletPlugin.plugin/Contents/lib/src.zip, /Library/Internet Plug-Ins/JavaAppletPlugin.plugin/Contents/Home/src.zip, /Library/Internet Plug-Ins/JavaAppletPlugin.plugin/Contents/Home/lib/src.zip. Java symbols will not be available.
2022.10.20 00:26:58 WARN  Could not find java sources in /Library/Internet Plug-Ins/JavaAppletPlugin.plugin/Contents/src.zip, /Library/Internet Plug-Ins/JavaAppletPlugin.plugin/Contents/lib/src.zip, /Library/Internet Plug-Ins/JavaAppletPlugin.plugin/Contents/Home/src.zip, /Library/Internet Plug-Ins/JavaAppletPlugin.plugin/Contents/Home/lib/src.zip. Java symbols will not be available.
2022.10.20 00:26:58 WARN  Could not find java sources in /Library/Internet Plug-Ins/JavaAppletPlugin.plugin/Contents/src.zip, /Library/Internet Plug-Ins/JavaAppletPlugin.plugin/Contents/lib/src.zip, /Library/Internet Plug-Ins/JavaAppletPlugin.plugin/Contents/Home/src.zip, /Library/Internet Plug-Ins/JavaAppletPlugin.plugin/Contents/Home/lib/src.zip. Java symbols will not be available.
2022.10.20 00:26:58 INFO  time: indexed workspace in 16s
2022.10.20 00:27:58 INFO  shutting down Metals
2022.10.20 00:27:58 INFO  Shut down connection with build server.
2022.10.20 00:27:58 INFO  Shut down connection with build server.
